[INFO] Pulling latest changes...
Already up to date.
[INFO] Checking running services before update...
[INFO] include global file: ../_global/autoheal/docker-compose.override.yml
[INFO] include global file: ../_global/cadvisor/docker-compose.override.yml
[INFO] include global file: ../_global/promtail/docker-compose.override.yml
[INFO] Checking for services to build from local git repositories...
[INFO] Found .repo file for service blockfetch (URL: git@github.com:corpus-core/c4_block_fetcher.git)
[INFO] Source directory ./blockfetch/source found. Managing repository for blockfetch...
read /home/admin/devops/ccmainnet2: is a directory
[INFO] For blockfetch (main), now pulling default branch...
[INFO] No significant changes detected for blockfetch after git operation.
[INFO] Found .repo file for service c4_chiado (URL: https://github.com/corpus-core/colibri-stateless.git)
[INFO] Source directory ./c4_chiado/source found. Managing repository for c4_chiado...
From https://github.com/corpus-core/colibri-stateless
   8510f62..844792a  dev        -> origin/dev
[INFO] For c4_chiado (dev), now pulling default branch...
[INFO] Changes detected for c4_chiado (old HEAD: 8510f62c2d0af6c260a4c64b0b63c2f09c9717a8, new HEAD: 844792a6401bfb2d9c9a0f15e740248cd72bf6ba).
[INFO] Found .repo file for service c4_gnosis (URL: https://github.com/corpus-core/colibri-stateless.git)
[INFO] Source directory ./c4_gnosis/source found. Managing repository for c4_gnosis...
From https://github.com/corpus-core/colibri-stateless
   8510f62..844792a  dev        -> origin/dev
[INFO] For c4_gnosis (dev), now pulling default branch...
[INFO] Changes detected for c4_gnosis (old HEAD: 8510f62c2d0af6c260a4c64b0b63c2f09c9717a8, new HEAD: 844792a6401bfb2d9c9a0f15e740248cd72bf6ba).
[INFO] Building services with detected source changes: c4_chiado c4_gnosis
:: [ 1 of 2 ] c4_chiado
[INFO] Building c4_chiado...
Compose can now delegate builds to bake for better performance.
 To do so, set COMPOSE_BAKE=true.
#0 building with "default" instance using docker driver

#1 [c4_chiado internal] load build definition from Dockerfile
#1 transferring dockerfile: 2.57kB done
#1 DONE 0.0s

#2 [c4_chiado internal] load metadata for docker.io/library/debian:bookworm-slim
#2 DONE 0.8s

#3 [c4_chiado internal] load .dockerignore
#3 transferring context: 564B done
#3 DONE 0.0s

#4 [c4_chiado builder  1/10] FROM docker.io/library/debian:bookworm-slim@sha256:936abff852736f951dab72d91a1b6337cf04217b2a77a5eaadc7c0f2f1ec1758
#4 DONE 0.0s

#5 [c4_chiado internal] load build context
#5 transferring context: 11.90MB 0.1s done
#5 DONE 0.1s

#6 [c4_chiado builder  3/10] RUN wget -O rustup-init.sh https://sh.rustup.rs     && chmod +x rustup-init.sh     && ./rustup-init.sh -y --default-toolchain stable     && rm rustup-init.sh
#6 CACHED

#7 [c4_chiado builder  2/10] RUN apt-get update && apt-get install -y --no-install-recommends     cmake     clang     git     build-essential     ca-certificates     libcurl4-openssl-dev     pkg-config     libssl-dev     wget     && update-ca-certificates     && rm -rf /var/lib/apt/lists/*
#7 CACHED

#8 [c4_chiado builder  4/10] WORKDIR /build
#8 CACHED

#9 [c4_chiado builder  5/10] COPY CMakeLists.txt ./
#9 CACHED

#10 [c4_chiado builder  6/10] COPY CMakePresets.json ./
#10 CACHED

#11 [c4_chiado builder  7/10] COPY src ./src
#11 DONE 0.0s

#12 [c4_chiado builder  8/10] COPY libs ./libs
#12 DONE 0.0s

#13 [c4_chiado builder  9/10] COPY bindings ./bindings
#13 DONE 0.0s

#14 [c4_chiado builder 10/10] RUN cmake -DHTTP_SERVER=ON -DCMAKE_BUILD_TYPE=Release -DCHAIN_OP=ON -DCHAIN_ETH=ON -DEVMONE=OFF -DPROVER_CACHE=true . && make colibri-server
#14 0.525 -- The C compiler identification is Clang 14.0.6
#14 0.616 -- The CXX compiler identification is Clang 14.0.6
#14 0.626 -- Detecting C compiler ABI info
#14 0.722 -- Detecting C compiler ABI info - done
#14 0.728 -- Check for working C compiler: /usr/bin/clang - skipped
#14 0.728 -- Detecting C compile features
#14 0.729 -- Detecting C compile features - done
#14 0.732 -- Detecting CXX compiler ABI info
#14 0.847 -- Detecting CXX compiler ABI info - done
#14 0.851 -- Check for working CXX compiler: /usr/bin/clang++ - skipped
#14 0.852 -- Detecting CXX compile features
#14 0.852 -- Detecting CXX compile features - done
#14 0.869 -- C4 Version: 0.1.0-dev
#14 1.947 -- Found CURL: /usr/lib/x86_64-linux-gnu/libcurl.so (found version "7.88.1")  
#14 2.817 -- x86_64 micro-architecture level: 2
#14 6.170 -- Patched execution_state.hpp to replace std::aligned_alloc
#14 6.170 -- Patched evmc.hpp to handle iOS compatibility
#14 6.171 -- Patched eof.cpp to handle iOS compatibility
#14 6.171 -- Patched instructions_calls.cpp to handle iOS compatibility
#14 6.171 -- Patched baseline_analysis.cpp for C++20 compatibility
#14 6.171 -- Patched instructions.hpp for consteval compatibility
#14 6.172 -- Patched baseline_execution.cpp for consteval compatibility
#14 6.172 -- Patched instructions_calls.cpp for consteval compatibility
#14 7.001 -- The ASM compiler identification is Clang with GNU-like command-line
#14 7.004 -- Found assembler: /usr/bin/clang
#14 7.007 -- ZSTD VERSION: 1.5.6
#14 7.011 -- Performing Test C_FLAG_WALL
#14 7.119 -- Performing Test C_FLAG_WALL - Success
#14 7.120 -- Performing Test CXX_FLAG_WALL
#14 7.275 -- Performing Test CXX_FLAG_WALL - Success
#14 7.276 -- Performing Test C_FLAG_WEXTRA
#14 7.368 -- Performing Test C_FLAG_WEXTRA - Success
#14 7.369 -- Performing Test CXX_FLAG_WEXTRA
#14 7.501 -- Performing Test CXX_FLAG_WEXTRA - Success
#14 7.502 -- Performing Test C_FLAG_WUNDEF
#14 7.592 -- Performing Test C_FLAG_WUNDEF - Success
#14 7.593 -- Performing Test CXX_FLAG_WUNDEF
#14 7.704 -- Performing Test CXX_FLAG_WUNDEF - Success
#14 7.705 -- Performing Test C_FLAG_WSHADOW
#14 7.825 -- Performing Test C_FLAG_WSHADOW - Success
#14 7.825 -- Performing Test CXX_FLAG_WSHADOW
#14 7.938 -- Performing Test CXX_FLAG_WSHADOW - Success
#14 7.939 -- Performing Test C_FLAG_WCAST_ALIGN
#14 8.031 -- Performing Test C_FLAG_WCAST_ALIGN - Success
#14 8.032 -- Performing Test CXX_FLAG_WCAST_ALIGN
#14 8.143 -- Performing Test CXX_FLAG_WCAST_ALIGN - Success
#14 8.144 -- Performing Test C_FLAG_WCAST_QUAL
#14 8.229 -- Performing Test C_FLAG_WCAST_QUAL - Success
#14 8.230 -- Performing Test CXX_FLAG_WCAST_QUAL
#14 8.352 -- Performing Test CXX_FLAG_WCAST_QUAL - Success
#14 8.354 -- Performing Test C_FLAG_WSTRICT_PROTOTYPES
#14 8.449 -- Performing Test C_FLAG_WSTRICT_PROTOTYPES - Success
#14 8.451 -- Performing Test LD_FLAG_Z_NOEXECSTACK
#14 8.532 -- Performing Test LD_FLAG_Z_NOEXECSTACK - Failed
#14 8.532 -- Performing Test C_FLAG_QUNUSED_ARGUMENTS
#14 8.632 -- Performing Test C_FLAG_QUNUSED_ARGUMENTS - Success
#14 8.632 -- Performing Test CXX_FLAG_QUNUSED_ARGUMENTS
#14 8.740 -- Performing Test CXX_FLAG_QUNUSED_ARGUMENTS - Success
#14 8.741 -- Performing Test C_FLAG_WA_NOEXECSTACK
#14 8.832 -- Performing Test C_FLAG_WA_NOEXECSTACK - Success
#14 8.833 -- Performing Test CXX_FLAG_WA_NOEXECSTACK
#14 8.955 -- Performing Test CXX_FLAG_WA_NOEXECSTACK - Success
#14 8.956 -- CMAKE_INSTALL_PREFIX: /usr/local
#14 8.956 -- CMAKE_INSTALL_LIBDIR: lib
#14 8.956 -- ZSTD_LEGACY_SUPPORT defined!
#14 8.956 -- ZSTD_MULTITHREAD_SUPPORT is enabled
#14 8.957 -- Performing Test CMAKE_HAVE_LIBC_PTHREAD
#14 9.068 -- Performing Test CMAKE_HAVE_LIBC_PTHREAD - Success
#14 9.069 -- Found Threads: TRUE  
#14 9.787 -- Performing Test UV_LINT_W4
#14 9.825 -- Performing Test UV_LINT_W4 - Failed
#14 9.826 -- Performing Test UV_LINT_NO_UNUSED_PARAMETER_MSVC
#14 9.865 -- Performing Test UV_LINT_NO_UNUSED_PARAMETER_MSVC - Failed
#14 9.865 -- Performing Test UV_LINT_NO_CONDITIONAL_CONSTANT_MSVC
#14 9.901 -- Performing Test UV_LINT_NO_CONDITIONAL_CONSTANT_MSVC - Failed
#14 9.902 -- Performing Test UV_LINT_NO_NONSTANDARD_MSVC
#14 9.936 -- Performing Test UV_LINT_NO_NONSTANDARD_MSVC - Failed
#14 9.936 -- Performing Test UV_LINT_NO_NONSTANDARD_EMPTY_TU_MSVC
#14 9.976 -- Performing Test UV_LINT_NO_NONSTANDARD_EMPTY_TU_MSVC - Failed
#14 9.977 -- Performing Test UV_LINT_NO_NONSTANDARD_FILE_SCOPE_MSVC
#14 10.02 -- Performing Test UV_LINT_NO_NONSTANDARD_FILE_SCOPE_MSVC - Failed
#14 10.02 -- Performing Test UV_LINT_NO_NONSTANDARD_NONSTATIC_DLIMPORT_MSVC
#14 10.06 -- Performing Test UV_LINT_NO_NONSTANDARD_NONSTATIC_DLIMPORT_MSVC - Failed
#14 10.06 -- Performing Test UV_LINT_NO_HIDES_LOCAL
#14 10.10 -- Performing Test UV_LINT_NO_HIDES_LOCAL - Failed
#14 10.10 -- Performing Test UV_LINT_NO_HIDES_PARAM
#14 10.14 -- Performing Test UV_LINT_NO_HIDES_PARAM - Failed
#14 10.14 -- Performing Test UV_LINT_NO_HIDES_GLOBAL
#14 10.18 -- Performing Test UV_LINT_NO_HIDES_GLOBAL - Failed
#14 10.18 -- Performing Test UV_LINT_NO_CONDITIONAL_ASSIGNMENT_MSVC
#14 10.22 -- Performing Test UV_LINT_NO_CONDITIONAL_ASSIGNMENT_MSVC - Failed
#14 10.22 -- Performing Test UV_LINT_NO_UNSAFE_MSVC
#14 10.26 -- Performing Test UV_LINT_NO_UNSAFE_MSVC - Failed
#14 10.26 -- Performing Test UV_LINT_WALL
#14 10.38 -- Performing Test UV_LINT_WALL - Success
#14 10.38 -- Performing Test UV_LINT_NO_UNUSED_PARAMETER
#14 10.47 -- Performing Test UV_LINT_NO_UNUSED_PARAMETER - Success
#14 10.47 -- Performing Test UV_LINT_STRICT_PROTOTYPES
#14 10.55 -- Performing Test UV_LINT_STRICT_PROTOTYPES - Success
#14 10.55 -- Performing Test UV_LINT_EXTRA
#14 10.63 -- Performing Test UV_LINT_EXTRA - Success
#14 10.63 -- Performing Test UV_LINT_UTF8_MSVC
#14 10.67 -- Performing Test UV_LINT_UTF8_MSVC - Failed
#14 10.67 -- Performing Test UV_F_STRICT_ALIASING
#14 10.75 -- Performing Test UV_F_STRICT_ALIASING - Success
#14 10.76 -- summary of build options:
#14 10.76     Install prefix:  /usr/local
#14 10.76     Target system:   Linux
#14 10.76     Compiler:
#14 10.76       C compiler:    /usr/bin/clang (Clang)
#14 10.76       CFLAGS:          -Wno-incompatible-pointer-types
#14 10.76 
#14 11.47 -- 
#14 11.47 -- 
#14 11.47 -- Project configure summary:
#14 11.47 -- 
#14 11.47 --   CMake build type .................: RELEASE
#14 11.47 --   Install prefix ...................: /usr/local
#14 11.47 --   Build shared library .............: OFF
#14 11.47 --   Build static library .............: ON
#14 11.47 -- 
#14 11.47 -- PRECOMPILE_ZERO_HASHES enabled (uses ~1 KB RAM for zero hash cache)
#14 11.49 -- Found Cargo: /root/.cargo/bin/cargo
#14 11.49 -- Building Kona-P2P bridge with static linking
#14 11.49 -- Skipping Kona integration test - test_integration.c not found
#14 11.49 -- ✅ Kona-P2P bridge will be linked to op_server_handler
#14 11.50 -- Configuring done
#14 11.56 -- Generating done
#14 11.56 -- Build files have been written to: /build
#14 11.62 [  0%] Embedding openapi.yaml into C header
#14 11.63 [  0%] Built target generate_openapi_yaml
#14 11.64 [  0%] Building C object libs/crypto/CMakeFiles/crypto.dir/ecdsa.c.o
#14 11.80 [  1%] Building C object libs/crypto/CMakeFiles/crypto.dir/bignum.c.o
#14 12.14 [  1%] Building C object libs/crypto/CMakeFiles/crypto.dir/rand.c.o
#14 12.19 [  1%] Building C object libs/crypto/CMakeFiles/crypto.dir/secp256k1.c.o
#14 12.24 [  2%] Building C object libs/crypto/CMakeFiles/crypto.dir/memzero.c.o
#14 12.29 [  2%] Building C object libs/crypto/CMakeFiles/crypto.dir/sha3.c.o
#14 12.39 [  2%] Building C object libs/crypto/CMakeFiles/crypto.dir/sha2.c.o
#14 12.56 [  4%] Building C object libs/crypto/CMakeFiles/crypto.dir/ripemd160.c.o
#14 12.70 [  4%] Building C object libs/crypto/CMakeFiles/crypto.dir/curves.c.o
#14 12.73 [  5%] Building C object libs/crypto/CMakeFiles/crypto.dir/rfc6979.c.o
#14 12.77 [  5%] Building C object libs/crypto/CMakeFiles/crypto.dir/hmac_drbg.c.o
#14 12.84 [  5%] Linking C static library libcrypto.a
#14 12.90 [  5%] Built target crypto
#14 12.92 [  5%] Building blst for native architecture
#14 12.98 + /usr/bin/clang -fPIC -ffunction-sections -fdata-sections -D__ADX__ -D__BLST_PORTABLE__ -c /build/_deps/blst-src/src/server.c
#14 13.12 + /usr/bin/clang -fPIC -ffunction-sections -fdata-sections -D__ADX__ -D__BLST_PORTABLE__ -c /build/_deps/blst-src/build/assembly.S
#14 13.19 + ar rc libblst.a assembly.o server.o
#14 13.23 [  5%] Built target blst_lib
#14 13.25 [  5%] Building C object libs/zstd/zstd_build/lib/CMakeFiles/libzstd_static.dir/__/__/__/lib/common/debug.c.o
#14 13.28 [  5%] Building C object libs/zstd/zstd_build/lib/CMakeFiles/libzstd_static.dir/__/__/__/lib/common/entropy_common.c.o
#14 13.40 [  6%] Building C object libs/zstd/zstd_build/lib/CMakeFiles/libzstd_static.dir/__/__/__/lib/common/error_private.c.o
#14 13.45 [  6%] Building C object libs/zstd/zstd_build/lib/CMakeFiles/libzstd_static.dir/__/__/__/lib/common/fse_decompress.c.o
#14 13.62 [  6%] Building C object libs/zstd/zstd_build/lib/CMakeFiles/libzstd_static.dir/__/__/__/lib/common/pool.c.o
#14 13.71 [  8%] Building C object libs/zstd/zstd_build/lib/CMakeFiles/libzstd_static.dir/__/__/__/lib/common/threading.c.o
#14 13.75 [  8%] Building C object libs/zstd/zstd_build/lib/CMakeFiles/libzstd_static.dir/__/__/__/lib/common/xxhash.c.o
#14 13.85 [  9%] Building C object libs/zstd/zstd_build/lib/CMakeFiles/libzstd_static.dir/__/__/__/lib/common/zstd_common.c.o
#14 13.92 [  9%] Building C object libs/zstd/zstd_build/lib/CMakeFiles/libzstd_static.dir/__/__/__/lib/compress/fse_compress.c.o
#14 14.06 [  9%] Building C object libs/zstd/zstd_build/lib/CMakeFiles/libzstd_static.dir/__/__/__/lib/compress/hist.c.o
#14 14.16 [ 10%] Building C object libs/zstd/zstd_build/lib/CMakeFiles/libzstd_static.dir/__/__/__/lib/compress/huf_compress.c.o
#14 14.61 [ 10%] Building C object libs/zstd/zstd_build/lib/CMakeFiles/libzstd_static.dir/__/__/__/lib/compress/zstd_compress.c.o
#14 15.57 [ 10%] Building C object libs/zstd/zstd_build/lib/CMakeFiles/libzstd_static.dir/__/__/__/lib/compress/zstd_compress_literals.c.o
#14 15.65 [ 12%] Building C object libs/zstd/zstd_build/lib/CMakeFiles/libzstd_static.dir/__/__/__/lib/compress/zstd_compress_sequences.c.o
#14 15.80 [ 12%] Building C object libs/zstd/zstd_build/lib/CMakeFiles/libzstd_static.dir/__/__/__/lib/compress/zstd_compress_superblock.c.o
#14 15.96 [ 12%] Building C object libs/zstd/zstd_build/lib/CMakeFiles/libzstd_static.dir/__/__/__/lib/compress/zstd_double_fast.c.o
#14 16.90 [ 13%] Building C object libs/zstd/zstd_build/lib/CMakeFiles/libzstd_static.dir/__/__/__/lib/compress/zstd_fast.c.o
#14 17.80 [ 13%] Building C object libs/zstd/zstd_build/lib/CMakeFiles/libzstd_static.dir/__/__/__/lib/compress/zstd_lazy.c.o
#14 20.79 [ 14%] Building C object libs/zstd/zstd_build/lib/CMakeFiles/libzstd_static.dir/__/__/__/lib/compress/zstd_ldm.c.o
#14 20.97 [ 14%] Building C object libs/zstd/zstd_build/lib/CMakeFiles/libzstd_static.dir/__/__/__/lib/compress/zstd_opt.c.o
#14 22.00 [ 14%] Building C object libs/zstd/zstd_build/lib/CMakeFiles/libzstd_static.dir/__/__/__/lib/compress/zstdmt_compress.c.o
#14 22.33 [ 16%] Building C object libs/zstd/zstd_build/lib/CMakeFiles/libzstd_static.dir/__/__/__/lib/decompress/huf_decompress.c.o
#14 23.12 [ 16%] Building C object libs/zstd/zstd_build/lib/CMakeFiles/libzstd_static.dir/__/__/__/lib/decompress/zstd_ddict.c.o
#14 23.21 [ 16%] Building C object libs/zstd/zstd_build/lib/CMakeFiles/libzstd_static.dir/__/__/__/lib/decompress/zstd_decompress.c.o
#14 23.53 [ 17%] Building C object libs/zstd/zstd_build/lib/CMakeFiles/libzstd_static.dir/__/__/__/lib/decompress/zstd_decompress_block.c.o
#14 24.55 [ 17%] Building ASM object libs/zstd/zstd_build/lib/CMakeFiles/libzstd_static.dir/__/__/__/lib/decompress/huf_decompress_amd64.S.o
#14 24.62 [ 18%] Building C object libs/zstd/zstd_build/lib/CMakeFiles/libzstd_static.dir/__/__/__/lib/dictBuilder/cover.c.o
#14 24.84 [ 18%] Building C object libs/zstd/zstd_build/lib/CMakeFiles/libzstd_static.dir/__/__/__/lib/dictBuilder/divsufsort.c.o
#14 25.51 [ 18%] Building C object libs/zstd/zstd_build/lib/CMakeFiles/libzstd_static.dir/__/__/__/lib/dictBuilder/fastcover.c.o
#14 25.66 [ 20%] Building C object libs/zstd/zstd_build/lib/CMakeFiles/libzstd_static.dir/__/__/__/lib/dictBuilder/zdict.c.o
#14 25.98 [ 20%] Building C object libs/zstd/zstd_build/lib/CMakeFiles/libzstd_static.dir/__/__/__/lib/legacy/zstd_v01.c.o
#14 26.54 [ 20%] Building C object libs/zstd/zstd_build/lib/CMakeFiles/libzstd_static.dir/__/__/__/lib/legacy/zstd_v02.c.o
#14 27.23 [ 21%] Building C object libs/zstd/zstd_build/lib/CMakeFiles/libzstd_static.dir/__/__/__/lib/legacy/zstd_v03.c.o
#14 27.86 [ 21%] Building C object libs/zstd/zstd_build/lib/CMakeFiles/libzstd_static.dir/__/__/__/lib/legacy/zstd_v04.c.o
#14 28.49 [ 21%] Building C object libs/zstd/zstd_build/lib/CMakeFiles/libzstd_static.dir/__/__/__/lib/legacy/zstd_v05.c.o
#14 29.05 [ 22%] Building C object libs/zstd/zstd_build/lib/CMakeFiles/libzstd_static.dir/__/__/__/lib/legacy/zstd_v06.c.o
#14 29.61 [ 22%] Building C object libs/zstd/zstd_build/lib/CMakeFiles/libzstd_static.dir/__/__/__/lib/legacy/zstd_v07.c.o
#14 30.25 [ 24%] Linking C static library libzstd.a
#14 30.31 [ 24%] Built target libzstd_static
#14 30.33 [ 24%] Building C object _deps/libuv-build/CMakeFiles/uv_a.dir/src/fs-poll.c.o
#14 30.42 [ 25%] Building C object _deps/libuv-build/CMakeFiles/uv_a.dir/src/idna.c.o
#14 30.54 [ 25%] Building C object _deps/libuv-build/CMakeFiles/uv_a.dir/src/inet.c.o
#14 30.66 [ 26%] Building C object _deps/libuv-build/CMakeFiles/uv_a.dir/src/random.c.o
#14 30.71 [ 26%] Building C object _deps/libuv-build/CMakeFiles/uv_a.dir/src/strscpy.c.o
#14 30.76 [ 26%] Building C object _deps/libuv-build/CMakeFiles/uv_a.dir/src/strtok.c.o
#14 30.81 [ 28%] Building C object _deps/libuv-build/CMakeFiles/uv_a.dir/src/thread-common.c.o
#14 30.86 [ 28%] Building C object _deps/libuv-build/CMakeFiles/uv_a.dir/src/threadpool.c.o
#14 30.94 [ 28%] Building C object _deps/libuv-build/CMakeFiles/uv_a.dir/src/timer.c.o
#14 31.03 [ 29%] Building C object _deps/libuv-build/CMakeFiles/uv_a.dir/src/uv-common.c.o
#14 31.18 [ 29%] Building C object _deps/libuv-build/CMakeFiles/uv_a.dir/src/uv-data-getter-setters.c.o
#14 31.23 [ 30%] Building C object _deps/libuv-build/CMakeFiles/uv_a.dir/src/version.c.o
#14 31.28 [ 30%] Building C object _deps/libuv-build/CMakeFiles/uv_a.dir/src/unix/async.c.o
#14 31.36 [ 30%] Building C object _deps/libuv-build/CMakeFiles/uv_a.dir/src/unix/core.c.o
#14 31.56 [ 32%] Building C object _deps/libuv-build/CMakeFiles/uv_a.dir/src/unix/dl.c.o
#14 31.62 [ 32%] Building C object _deps/libuv-build/CMakeFiles/uv_a.dir/src/unix/fs.c.o
#14 31.86 [ 32%] Building C object _deps/libuv-build/CMakeFiles/uv_a.dir/src/unix/getaddrinfo.c.o
#14 31.94 [ 33%] Building C object _deps/libuv-build/CMakeFiles/uv_a.dir/src/unix/getnameinfo.c.o
#14 32.01 [ 33%] Building C object _deps/libuv-build/CMakeFiles/uv_a.dir/src/unix/loop-watcher.c.o
#14 32.08 [ 33%] Building C object _deps/libuv-build/CMakeFiles/uv_a.dir/src/unix/loop.c.o
#14 32.16 [ 34%] Building C object _deps/libuv-build/CMakeFiles/uv_a.dir/src/unix/pipe.c.o
#14 32.24 [ 34%] Building C object _deps/libuv-build/CMakeFiles/uv_a.dir/src/unix/poll.c.o
#14 32.30 [ 36%] Building C object _deps/libuv-build/CMakeFiles/uv_a.dir/src/unix/process.c.o
#14 32.41 [ 36%] Building C object _deps/libuv-build/CMakeFiles/uv_a.dir/src/unix/random-devurandom.c.o
#14 32.46 [ 36%] Building C object _deps/libuv-build/CMakeFiles/uv_a.dir/src/unix/signal.c.o
#14 32.66 [ 37%] Building C object _deps/libuv-build/CMakeFiles/uv_a.dir/src/unix/stream.c.o
#14 32.80 [ 37%] Building C object _deps/libuv-build/CMakeFiles/uv_a.dir/src/unix/tcp.c.o
#14 32.88 [ 37%] Building C object _deps/libuv-build/CMakeFiles/uv_a.dir/src/unix/thread.c.o
#14 33.02 [ 38%] Building C object _deps/libuv-build/CMakeFiles/uv_a.dir/src/unix/tty.c.o
#14 33.10 [ 38%] Building C object _deps/libuv-build/CMakeFiles/uv_a.dir/src/unix/udp.c.o
#14 33.26 [ 40%] Building C object _deps/libuv-build/CMakeFiles/uv_a.dir/src/unix/proctitle.c.o
#14 33.32 [ 40%] Building C object _deps/libuv-build/CMakeFiles/uv_a.dir/src/unix/linux.c.o
#14 33.65 [ 40%] Building C object _deps/libuv-build/CMakeFiles/uv_a.dir/src/unix/procfs-exepath.c.o
#14 33.70 [ 41%] Building C object _deps/libuv-build/CMakeFiles/uv_a.dir/src/unix/random-getrandom.c.o
#14 33.77 [ 41%] Building C object _deps/libuv-build/CMakeFiles/uv_a.dir/src/unix/random-sysctl-linux.c.o
#14 33.83 [ 41%] Linking C static library libuv.a
#14 33.90 [ 41%] Built target uv_a
#14 33.91 [ 41%] Building C object _deps/llhttp-build/CMakeFiles/llhttp_static.dir/src/llhttp.c.o
#14 34.52 [ 41%] Building C object _deps/llhttp-build/CMakeFiles/llhttp_static.dir/src/http.c.o
#14 34.56 [ 42%] Building C object _deps/llhttp-build/CMakeFiles/llhttp_static.dir/src/api.c.o
#14 34.64 [ 42%] Linking C static library libllhttp.a
#14 34.69 [ 42%] Built target llhttp_static
#14 34.71 [ 42%] Building C object src/util/CMakeFiles/util.dir/bytes.c.o
#14 35.08 [ 42%] Building C object src/util/CMakeFiles/util.dir/ssz.c.o
#14 35.22 [ 44%] Building C object src/util/CMakeFiles/util.dir/ssz_merkle.c.o
#14 35.36 [ 44%] Building C object src/util/CMakeFiles/util.dir/ssz_builder.c.o
#14 35.49 [ 45%] Building C object src/util/CMakeFiles/util.dir/crypto.c.o
#14 35.55 [ 45%] Building C object src/util/CMakeFiles/util.dir/plugin.c.o
#14 35.61 [ 45%] Building C object src/util/CMakeFiles/util.dir/json.c.o
#14 35.72 [ 46%] Building C object src/util/CMakeFiles/util.dir/json_validate.c.o
#14 35.81 [ 46%] Building C object src/util/CMakeFiles/util.dir/logger.c.o
#14 35.85 [ 46%] Building C object src/util/CMakeFiles/util.dir/chains.c.o
#14 35.90 [ 48%] Building C object src/util/CMakeFiles/util.dir/state.c.o
#14 35.96 [ 48%] Building C object src/util/CMakeFiles/util.dir/version.c.o
#14 36.00 [ 48%] Building C object src/util/CMakeFiles/util.dir/witness.c.o
#14 36.05 [ 49%] Linking C static library libutil.a
#14 36.10 [ 49%] Built target util
#14 36.12 [ 50%] Building C object src/chains/eth/CMakeFiles/eth_verifier.dir/verifier/sync_committee.c.o
#14 36.20 [ 50%] Building C object src/chains/eth/CMakeFiles/eth_verifier.dir/verifier/sync_committee_state.c.o
#14 36.32 [ 50%] Building C object src/chains/eth/CMakeFiles/eth_verifier.dir/verifier/beacon_header.c.o
#14 36.39 [ 52%] Building C object src/chains/eth/CMakeFiles/eth_verifier.dir/verifier/eth_tx.c.o
#14 36.53 [ 52%] Building C object src/chains/eth/CMakeFiles/eth_verifier.dir/verifier/eth_account.c.o
#14 36.63 [ 52%] Building C object src/chains/eth/CMakeFiles/eth_verifier.dir/verifier/eth_verify.c.o
#14 36.68 [ 53%] Building C object src/chains/eth/CMakeFiles/eth_verifier.dir/verifier/patricia_trie.c.o
#14 36.81 [ 53%] Building C object src/chains/eth/CMakeFiles/eth_verifier.dir/verifier/patricia.c.o
#14 36.89 [ 54%] Building C object src/chains/eth/CMakeFiles/eth_verifier.dir/verifier/rlp.c.o
#14 36.97 [ 54%] Building C object src/chains/eth/CMakeFiles/eth_verifier.dir/ssz/verify_types.c.o
#14 37.02 [ 54%] Building C object src/chains/eth/CMakeFiles/eth_verifier.dir/ssz/beacon_types.c.o
#14 37.08 [ 56%] Building C object src/chains/eth/CMakeFiles/eth_verifier.dir/ssz/beacon_denep.c.o
#14 37.13 [ 56%] Building C object src/chains/eth/CMakeFiles/eth_verifier.dir/ssz/beacon_electra.c.o
#14 37.18 [ 56%] Building C object src/chains/eth/CMakeFiles/eth_verifier.dir/verifier/verify_account_proof.c.o
#14 37.23 [ 57%] Building C object src/chains/eth/CMakeFiles/eth_verifier.dir/verifier/verify_tx_proof.c.o
#14 37.28 [ 57%] Building C object src/chains/eth/CMakeFiles/eth_verifier.dir/verifier/verify_block.c.o
#14 37.35 [ 57%] Building C object src/chains/eth/CMakeFiles/eth_verifier.dir/verifier/verify_receipt_proof.c.o
#14 37.41 [ 58%] Building C object src/chains/eth/CMakeFiles/eth_verifier.dir/verifier/verify_logs_proof.c.o
#14 37.48 [ 58%] Building C object src/chains/eth/CMakeFiles/eth_verifier.dir/verifier/verify_call.c.o
#14 37.53 [ 60%] Building C object src/chains/eth/CMakeFiles/eth_verifier.dir/verifier/verify_simulate.c.o
#14 37.59 [ 60%] Building C object src/chains/eth/CMakeFiles/eth_verifier.dir/verifier/verify_local.c.o
#14 37.65 [ 60%] Linking C static library libeth_verifier.a
#14 37.71 [ 60%] Built target eth_verifier
#14 37.72 [ 61%] Building C object src/chains/op/CMakeFiles/op_verifier.dir/verifier/op_verify.c.o
#14 37.78 [ 61%] Building C object src/chains/op/CMakeFiles/op_verifier.dir/verifier/op_zstd.c.o
#14 37.82 [ 62%] Building C object src/chains/op/CMakeFiles/op_verifier.dir/verifier/op_chains_conf.c.o
#14 37.86 [ 62%] Building C object src/chains/op/CMakeFiles/op_verifier.dir/ssz/op_types.c.o
#14 37.91 [ 62%] Building C object src/chains/op/CMakeFiles/op_verifier.dir/verifier/op_verify_account.c.o
#14 37.96 [ 64%] Building C object src/chains/op/CMakeFiles/op_verifier.dir/verifier/op_verify_tx.c.o
#14 38.01 [ 64%] Building C object src/chains/op/CMakeFiles/op_verifier.dir/verifier/op_verify_block.c.o
#14 38.08 [ 64%] Building C object src/chains/op/CMakeFiles/op_verifier.dir/verifier/op_verify_receipt.c.o
#14 38.14 [ 65%] Building C object src/chains/op/CMakeFiles/op_verifier.dir/verifier/op_verify_logs.c.o
#14 38.21 [ 65%] Building C object src/chains/op/CMakeFiles/op_verifier.dir/verifier/op_verify_call.c.o
#14 38.26 [ 66%] Building C object src/chains/op/CMakeFiles/op_verifier.dir/verifier/op_verify_simulate.c.o
#14 38.31 [ 66%] Linking C static library libop_verifier.a
#14 38.37 [ 66%] Built target op_verifier
#14 38.39 [ 66%] Building C object src/verifier/CMakeFiles/verifier.dir/verify.c.o
#14 38.45 [ 68%] Linking C static library libverifier.a
#14 38.50 [ 68%] Built target verifier
#14 38.52 [ 69%] Building C object src/chains/eth/CMakeFiles/eth_prover.dir/prover/eth_prover.c.o
#14 38.57 [ 69%] Building C object src/chains/eth/CMakeFiles/eth_prover.dir/prover/proof_account.c.o
#14 38.64 [ 69%] Building C object src/chains/eth/CMakeFiles/eth_prover.dir/prover/proof_transaction.c.o
#14 38.70 [ 70%] Building C object src/chains/eth/CMakeFiles/eth_prover.dir/prover/tx_cache.c.o
#14 38.77 [ 70%] Building C object src/chains/eth/CMakeFiles/eth_prover.dir/prover/proof_logs.c.o
#14 38.87 [ 72%] Building C object src/chains/eth/CMakeFiles/eth_prover.dir/prover/proof_call.c.o
#14 38.95 [ 72%] Building C object src/chains/eth/CMakeFiles/eth_prover.dir/prover/beacon.c.o
#14 39.07 [ 72%] Building C object src/chains/eth/CMakeFiles/eth_prover.dir/prover/proof_receipt.c.o
#14 39.13 [ 73%] Building C object src/chains/eth/CMakeFiles/eth_prover.dir/prover/eth_req.c.o
#14 39.21 [ 73%] Building C object src/chains/eth/CMakeFiles/eth_prover.dir/prover/eth_tools.c.o
#14 39.26 [ 73%] Building C object src/chains/eth/CMakeFiles/eth_prover.dir/prover/proof_sync.c.o
#14 39.33 [ 74%] Building C object src/chains/eth/CMakeFiles/eth_prover.dir/prover/proof_block.c.o
#14 39.38 [ 74%] Building C object src/chains/eth/CMakeFiles/eth_prover.dir/prover/proof_witness.c.o
#14 39.44 [ 76%] Building C object src/chains/eth/CMakeFiles/eth_prover.dir/prover/historic_proof.c.o
#14 39.54 [ 76%] Linking C static library libeth_prover.a
#14 39.60 [ 76%] Built target eth_prover
#14 39.61 [ 77%] Building C object src/chains/op/CMakeFiles/op_prover.dir/prover/op_tools.c.o
#14 39.66 [ 77%] Building C object src/chains/op/CMakeFiles/op_prover.dir/prover/op_prover.c.o
#14 39.71 [ 78%] Building C object src/chains/op/CMakeFiles/op_prover.dir/prover/op_proof_block.c.o
#14 39.75 [ 78%] Building C object src/chains/op/CMakeFiles/op_prover.dir/prover/op_proof_transaction.c.o
#14 39.80 [ 78%] Building C object src/chains/op/CMakeFiles/op_prover.dir/prover/op_proof_receipt.c.o
#14 39.85 [ 80%] Building C object src/chains/op/CMakeFiles/op_prover.dir/prover/op_proof_logs.c.o
#14 39.93 [ 80%] Building C object src/chains/op/CMakeFiles/op_prover.dir/prover/op_proof_call.c.o
#14 39.98 [ 80%] Building C object src/chains/op/CMakeFiles/op_prover.dir/prover/op_proof_account.c.o
#14 40.04 [ 81%] Linking C static library libop_prover.a
#14 40.09 [ 81%] Built target op_prover
#14 40.11 [ 81%] Building C object src/prover/CMakeFiles/prover.dir/prover.c.o
#14 40.21 [ 82%] Linking C static library libprover.a
#14 40.27 [ 82%] Built target prover
#14 40.28 [ 82%] Building C object src/chains/eth/CMakeFiles/eth_server_handler.dir/server/handler.c.o
#14 40.35 [ 84%] Building C object src/chains/eth/CMakeFiles/eth_server_handler.dir/server/head_watcher.c.o
#14 40.47 [ 84%] Building C object src/chains/eth/CMakeFiles/eth_server_handler.dir/server/head_update.c.o
#14 40.54 [ 84%] Building C object src/chains/eth/CMakeFiles/eth_server_handler.dir/server/chain_props.c.o
#14 40.59 [ 85%] Building C object src/chains/eth/CMakeFiles/eth_server_handler.dir/server/handle_lcu.c.o
#14 40.66 [ 85%] Building C object src/chains/eth/CMakeFiles/eth_server_handler.dir/server/handle_headers.c.o
#14 40.72 [ 85%] Building C object src/chains/eth/CMakeFiles/eth_server_handler.dir/server/client_detection.c.o
#14 40.78 [ 86%] Building C object src/chains/eth/CMakeFiles/eth_server_handler.dir/server/client_mappings.c.o
#14 40.84 [ 86%] Linking C static library libeth_server_handler.a
#14 40.89 [ 86%] Built target eth_server_handler
#14 40.90 [ 86%] Building C object src/chains/op/kona_bridge/CMakeFiles/op_chains_conf_obj.dir/__/verifier/op_chains_conf.c.o
#14 40.94 [ 86%] Built target op_chains_conf_obj
#14 40.96 [ 88%] Building Kona-P2P Rust static library
#14 41.19     Updating crates.io index
#14 41.26     Updating git repository `https://github.com/op-rs/kona`
#14 44.36 From https://github.com/op-rs/kona
#14 44.36  * [new ref]           b079a57fcfbb444d051e859f1e80f445daf5a2c7 -> refs/commit/b079a57fcfbb444d051e859f1e80f445daf5a2c7
#14 44.48     Updating git submodule `https://github.com/ethereum-optimism/superchain-registry.git`
#14 45.53 From https://github.com/ethereum-optimism/superchain-registry
#14 45.53  * [new ref]         a9b57281842bf5742cf9e69114c6b81c622ca186 -> refs/commit/a9b57281842bf5742cf9e69114c6b81c622ca186
#14 46.97  Downloading crates ...
#14 47.04   Downloaded alloy-rpc-types v0.15.10
#14 47.04   Downloaded byte-slice-cast v1.2.3
#14 47.05   Downloaded bit-vec v0.8.0
#14 47.05   Downloaded blake2 v0.10.6
#14 47.05   Downloaded attohttpc v0.24.1
#14 47.06   Downloaded cfg_aliases v0.2.1
#14 47.06   Downloaded base64 v0.22.1
#14 47.06   Downloaded aes v0.8.4
#14 47.07   Downloaded aho-corasick v1.1.3
#14 47.07   Downloaded cipher v0.4.4
#14 47.07   Downloaded data-encoding-macro v0.1.18
#14 47.08   Downloaded clap_derive v4.5.32
#14 47.08   Downloaded chacha20 v0.9.1
#14 47.08   Downloaded cfg-if v1.0.0
#14 47.08   Downloaded alloy-sol-types v1.1.0
#14 47.08   Downloaded ahash v0.8.11
#14 47.09   Downloaded darling_macro v0.20.11
#14 47.09   Downloaded clap v4.5.37
#14 47.09   Downloaded hostname v0.4.1
#14 47.10   Downloaded clap_lex v0.7.4
#14 47.10   Downloaded futures-task v0.3.31
#14 47.10   Downloaded foldhash v0.1.5
#14 47.10   Downloaded futures-utils-wasm v0.1.0
#14 47.10   Downloaded ethereum_serde_utils v0.8.0
#14 47.11   Downloaded enum-as-inner v0.6.1
#14 47.11   Downloaded futures-macro v0.3.31
#14 47.11   Downloaded ed25519 v2.2.3
#14 47.11   Downloaded hashbrown v0.15.2
#14 47.12   Downloaded const_format_proc_macros v0.2.34
#14 47.12   Downloaded aes-gcm v0.10.3
#14 47.12   Downloaded hkdf v0.12.4
#14 47.12   Downloaded fastrand v2.3.0
#14 47.13   Downloaded alloy-chains v0.2.0
#14 47.13   Downloaded aead v0.5.2
#14 47.13   Downloaded crossbeam-epoch v0.9.18
#14 47.13   Downloaded curve25519-dalek-derive v0.1.1
#14 47.13   Downloaded alloy v0.15.10
#14 47.14   Downloaded crypto-mac v0.8.0
#14 47.14   Downloaded const-hex v1.14.0
#14 47.14   Downloaded http-body-util v0.1.3
#14 47.14   Downloaded crunchy v0.2.3
#14 47.14   Downloaded ark-ff-macros v0.4.2
#14 47.14   Downloaded getrandom v0.3.2
#14 47.15   Downloaded c-kzg v2.1.0
#14 47.17   Downloaded ident_case v1.0.1
#14 47.17   Downloaded chacha20poly1305 v0.10.1
#14 47.17   Downloaded inout v0.1.4
#14 47.18   Downloaded bitflags v2.9.0
#14 47.18   Downloaded data-encoding-macro-internal v0.1.16
#14 47.18   Downloaded derive_more-impl v2.0.1
#14 47.19   Downloaded asynchronous-codec v0.7.0
#14 47.19   Downloaded async-channel v2.3.1
#14 47.19   Downloaded asn1-rs-impl v0.2.0
#14 47.19   Downloaded arbitrary v1.4.1
#14 47.19   Downloaded anstyle-query v1.1.2
#14 47.20   Downloaded alloy-sol-macro v1.1.0
#14 47.20   Downloaded alloy-op-hardforks v0.2.0
#14 47.20   Downloaded lazy_static v1.5.0
#14 47.21   Downloaded funty v2.0.0
#14 47.21   Downloaded block-buffer v0.9.0
#14 47.21   Downloaded foreign-types v0.3.2
#14 47.21   Downloaded http-body v1.0.1
#14 47.21   Downloaded heck v0.5.0
#14 47.22   Downloaded futures-io v0.3.31
#14 47.22   Downloaded hex v0.4.3
#14 47.22   Downloaded hashlink v0.9.1
#14 47.22   Downloaded impl-codec v0.6.0
#14 47.22   Downloaded hex-conservative v0.2.1
#14 47.22   Downloaded hmac-drbg v0.3.0
#14 47.23   Downloaded libp2p-ping v0.46.0
#14 47.23   Downloaded hyper-tls v0.5.0
#14 47.23   Downloaded hex_fmt v0.3.0
#14 47.23   Downloaded dyn-clone v1.0.19
#14 47.23   Downloaded is_terminal_polyfill v1.70.1
#14 47.23   Downloaded libsecp256k1 v0.7.2
#14 47.23   Downloaded itertools v0.13.0
#14 47.24   Downloaded keccak-asm v0.1.4
#14 47.24   Downloaded bitvec v1.0.1
#14 47.25   Downloaded libp2p v0.55.0
#14 47.25   Downloaded libp2p-metrics v0.16.0
#14 47.25   Downloaded more-asserts v0.3.1
#14 47.25   Downloaded libp2p-identify v0.46.0
#14 47.26   Downloaded derive_arbitrary v1.4.1
#14 47.26   Downloaded netlink-packet-utils v0.5.2
#14 47.26   Downloaded multibase v0.9.1
#14 47.26   Downloaded icu_locid_transform v1.5.0
#14 47.26   Downloaded pin-project-internal v1.1.10
#14 47.27   Downloaded libp2p-identity v0.2.10
#14 47.27   Downloaded const-oid v0.9.6
#14 47.27   Downloaded num_enum v0.7.3
#14 47.27   Downloaded native-tls v0.2.14
#14 47.27   Downloaded litemap v0.7.5
#14 47.28   Downloaded quick-error v1.2.3
#14 47.28   Downloaded libsecp256k1-core v0.3.0
#14 47.28   Downloaded hyper-tls v0.6.0
#14 47.28   Downloaded prometheus-client v0.22.3
#14 47.28   Downloaded generic-array v0.14.7
#14 47.28   Downloaded hickory-proto v0.25.0-alpha.5
#14 47.29   Downloaded libp2p-mdns v0.47.0
#14 47.29   Downloaded rand_xorshift v0.3.0
#14 47.29   Downloaded libsecp256k1-gen-ecmult v0.3.0
#14 47.30   Downloaded http-body v0.4.6
#14 47.30   Downloaded libm v0.2.11
#14 47.30   Downloaded lru v0.13.0
#14 47.30   Downloaded rustc_version v0.4.1
#14 47.30   Downloaded lru v0.12.5
#14 47.30   Downloaded libp2p-swarm v0.46.0
#14 47.31   Downloaded rw-stream-sink v0.4.0
#14 47.31   Downloaded rand v0.8.5
#14 47.31   Downloaded log v0.4.27
#14 47.31   Downloaded multiaddr v0.18.2
#14 47.31   Downloaded ruint-macro v1.2.1
#14 47.32   Downloaded dirs v6.0.0
#14 47.32   Downloaded dashmap v6.1.0
#14 47.32   Downloaded libp2p-gossipsub v0.48.0
#14 47.32   Downloaded idna_adapter v1.2.0
#14 47.32   Downloaded openssl v0.10.72
#14 47.33   Downloaded paste v1.0.15
#14 47.33   Downloaded op-alloy-rpc-types-engine v0.15.5
#14 47.33   Downloaded option-ext v0.2.0
#14 47.33   Downloaded libp2p-connection-limits v0.5.0
#14 47.33   Downloaded openssl-macros v0.1.1
#14 47.33   Downloaded opaque-debug v0.3.1
#14 47.33   Downloaded pkg-config v0.3.32
#14 47.34   Downloaded percent-encoding v2.3.1
#14 47.34   Downloaded libp2p-yamux v0.47.0
#14 47.34   Downloaded num-integer v0.1.46
#14 47.34   Downloaded prometheus-client-derive-encode v0.4.2
#14 47.34   Downloaded primitive-types v0.12.2
#14 47.34   Downloaded pem v3.0.5
#14 47.34   Downloaded parity-scale-codec-derive v3.7.4
#14 47.34   Downloaded ppv-lite86 v0.2.21
#14 47.34   Downloaded parity-scale-codec v3.7.4
#14 47.35   Downloaded proc-macro-crate v3.3.0
#14 47.35   Downloaded polyval v0.6.2
#14 47.35   Downloaded pkcs8 v0.10.2
#14 47.35   Downloaded poly1305 v0.8.0
#14 47.35   Downloaded nybbles v0.3.4
#14 47.35   Downloaded quote v1.0.40
#14 47.35   Downloaded rand_core v0.6.4
#14 47.36   Downloaded rlp v0.5.2
#14 47.36   Downloaded proc-macro2 v1.0.95
#14 47.36   Downloaded openssl-sys v0.9.107
#14 47.36   Downloaded strum_macros v0.27.1
#14 47.36   Downloaded rusticata-macros v4.1.0
#14 47.36   Downloaded rustc_version v0.3.3
#14 47.36   Downloaded netlink-packet-route v0.17.1
#14 47.37   Downloaded quinn-proto v0.11.10
#14 47.37   Downloaded sync_wrapper v0.1.2
#14 47.38   Downloaded thiserror-impl v1.0.69
#14 47.38   Downloaded serde_repr v0.1.20
#14 47.38   Downloaded semver v1.0.26
#14 47.38   Downloaded semver-parser v0.10.3
#14 47.38   Downloaded rcgen v0.13.2
#14 47.38   Downloaded sec1 v0.7.3
#14 47.38   Downloaded stable_deref_trait v1.2.0
#14 47.38   Downloaded spki v0.7.3
#14 47.38   Downloaded serde_spanned v0.6.8
#14 47.38   Downloaded rtnetlink v0.13.1
#14 47.39   Downloaded rand v0.9.1
#14 47.39   Downloaded tower-service v0.3.3
#14 47.39   Downloaded powerfmt v0.2.0
#14 47.39   Downloaded rustls-pki-types v1.11.0
#14 47.39   Downloaded shlex v1.3.0
#14 47.39   Downloaded libp2p-dns v0.43.0
#14 47.39   Downloaded rand_chacha v0.3.1
#14 47.40   Downloaded serde_path_to_error v0.1.17
#14 47.40   Downloaded semver v0.11.0
#14 47.40   Downloaded libp2p-tcp v0.43.0
#14 47.40   Downloaded secp256k1 v0.30.0
#14 47.40   Downloaded signal-hook-registry v1.4.5
#14 47.40   Downloaded secp256k1 v0.31.0
#14 47.40   Downloaded ruint v1.14.0
#14 47.41   Downloaded utf8_iter v1.0.4
#14 47.41   Downloaded unsigned-varint v0.7.2
#14 47.41   Downloaded indexmap v1.9.3
#14 47.41   Downloaded wait-timeout v0.2.1
#14 47.41   Downloaded resolv-conf v0.7.1
#14 47.41   Downloaded version_check v0.9.5
#14 47.41   Downloaded icu_normalizer_data v1.5.1
#14 47.42   Downloaded scopeguard v1.2.0
#14 47.42   Downloaded icu_locid_transform_data v1.5.1
#14 47.42   Downloaded tap v1.0.1
#14 47.42   Downloaded portable-atomic v1.11.0
#14 47.42   Downloaded synstructure v0.13.1
#14 47.42   Downloaded uint v0.9.5
#14 47.42   Downloaded sync_wrapper v1.0.2
#14 47.42   Downloaded der-parser v9.0.0
#14 47.43   Downloaded proptest v1.6.0
#14 47.43   Downloaded tempfile v3.19.1
#14 47.43   Downloaded subtle v2.6.1
#14 47.43   Downloaded strum v0.27.1
#14 47.43   Downloaded static_assertions v1.1.0
#14 47.44   Downloaded nix v0.26.4
#14 47.44   Downloaded thiserror v2.0.12
#14 47.44   Downloaded thiserror-impl v2.0.12
#14 47.44   Downloaded radium v0.7.0
#14 47.45   Downloaded quick-protobuf-codec v0.3.1
#14 47.45   Downloaded libp2p-noise v0.46.0
#14 47.45   Downloaded signature v2.2.0
#14 47.45   Downloaded thiserror v1.0.69
#14 47.45   Downloaded tinyvec_macros v0.1.1
#14 47.45   Downloaded thread_local v1.1.8
#14 47.45   Downloaded parking_lot_core v0.9.10
#14 47.45   Downloaded rustls v0.23.26
#14 47.46   Downloaded toml_datetime v0.6.8
#14 47.46   Downloaded tinyvec v1.9.0
#14 47.46   Downloaded regex-syntax v0.8.5
#14 47.47   Downloaded pin-project-lite v0.2.16
#14 47.47   Downloaded winnow v0.7.6
#14 47.47   Downloaded try-lock v0.2.5
#14 47.48   Downloaded tracing-futures v0.2.5
#14 47.48   Downloaded tagptr v0.2.0
#14 47.48   Downloaded const_format v0.2.34
#14 47.48   Downloaded unicode-xid v0.2.6
#14 47.48   Downloaded unsigned-varint v0.8.0
#14 47.48   Downloaded universal-hash v0.5.1
#14 47.48   Downloaded uint v0.10.0
#14 47.48   Downloaded toml v0.8.20
#14 47.48   Downloaded proc-macro-error-attr2 v2.0.0
#14 47.49   Downloaded crossbeam-channel v0.5.15
#14 47.49   Downloaded zerofrom v0.1.6
#14 47.49   Downloaded writeable v0.5.5
#14 47.49   Downloaded yoke-derive v0.7.5
#14 47.49   Downloaded write16 v1.0.0
#14 47.49   Downloaded utf8parse v0.2.2
#14 47.49   Downloaded ucd-trie v0.1.7
#14 47.49   Downloaded tower-layer v0.3.3
#14 47.49   Downloaded web-time v1.1.0
#14 47.49   Downloaded want v0.3.1
#14 47.50   Downloaded uuid v1.16.0
#14 47.50   Downloaded zerofrom-derive v0.1.6
#14 47.50   Downloaded time-core v0.1.4
#14 47.50   Downloaded sha2 v0.10.8
#14 47.50   Downloaded yamux v0.12.1
#14 47.50   Downloaded rand_core v0.9.3
#14 47.50   Downloaded unicode-ident v1.0.18
#14 47.50   Downloaded zstd v0.13.3
#14 47.51   Downloaded zstd-safe v7.2.4
#14 47.51   Downloaded xml-rs v0.8.26
#14 47.51   Downloaded xmltree v0.10.3
#14 47.51   Downloaded typenum v1.18.0
#14 47.51   Downloaded tracing v0.1.41
#14 47.51   Downloaded libp2p-core v0.43.0
#14 47.52   Downloaded rustc-hash v2.1.1
#14 47.52   Downloaded rustls-pemfile v1.0.4
#14 47.52   Downloaded tower v0.5.2
#14 47.52   Downloaded discv5 v0.9.1
#14 47.53   Downloaded hyper-util v0.1.11
#14 47.53   Downloaded x25519-dalek v2.0.1
#14 47.53   Downloaded nu-ansi-term v0.50.3
#14 47.53   Downloaded h2 v0.3.27
#14 47.54   Downloaded toml_edit v0.22.24
#14 47.55   Downloaded zerovec v0.10.4
#14 47.55   Downloaded zerocopy v0.7.35
#14 47.56   Downloaded threadpool v1.8.1
#14 47.56   Downloaded vcpkg v0.2.15
#14 47.58   Downloaded strsim v0.11.1
#14 47.58   Downloaded slab v0.4.9
#14 47.58   Downloaded serde_urlencoded v0.7.1
#14 47.58   Downloaded regex-automata v0.4.9
#14 47.59   Downloaded zeroize v1.8.1
#14 47.59   Downloaded zerocopy v0.8.24
#14 47.60   Downloaded icu_collections v1.5.0
#14 47.61   Downloaded rustls-webpki v0.103.1
#14 47.62   Downloaded time-macros v0.2.22
#14 47.62   Downloaded serde_with_macros v3.12.0
#14 47.63   Downloaded untrusted v0.9.0
#14 47.63   Downloaded tiny-keccak v2.0.2
#14 47.63   Downloaded serde_derive v1.0.219
#14 47.63   Downloaded tokio-stream v0.1.17
#14 47.63   Downloaded socket2 v0.5.9
#14 47.63   Downloaded sha3 v0.10.8
#14 47.64   Downloaded k256 v0.13.4
#14 47.64   Downloaded snow v0.9.6
#14 47.65   Downloaded smallvec v1.15.0
#14 47.65   Downloaded memchr v2.7.4
#14 47.65   Downloaded sha2 v0.9.9
#14 47.65   Downloaded rand_chacha v0.9.0
#14 47.65   Downloaded ryu v1.0.20
#14 47.65   Downloaded tracing-subscriber v0.3.20
#14 47.66   Downloaded zeroize_derive v1.4.2
#14 47.66   Downloaded serdect v0.2.0
#14 47.66   Downloaded zerovec-derive v0.10.3
#14 47.66   Downloaded yoke v0.7.5
#14 47.66   Downloaded yasna v0.5.2
#14 47.66   Downloaded yamux v0.13.4
#14 47.66   Downloaded valuable v0.1.1
#14 47.66   Downloaded matchit v0.8.4
#14 47.66   Downloaded wyz v0.5.1
#14 47.66   Downloaded tinystr v0.7.6
#14 47.67   Downloaded unarray v0.1.4
#14 47.67   Downloaded utf16_iter v1.0.5
#14 47.67   Downloaded minimal-lexical v0.2.1
#14 47.67   Downloaded zstd-sys v2.0.16+zstd.1.5.7
#14 47.68   Downloaded tracing-core v0.1.33
#14 47.68   Downloaded tokio v1.44.2
#14 47.70   Downloaded num-bigint v0.4.6
#14 47.70   Downloaded indexmap v2.9.0
#14 47.70   Downloaded hyper v1.6.0
#14 47.71   Downloaded sharded-slab v0.1.7
#14 47.71   Downloaded itertools v0.10.5
#14 47.71   Downloaded quinn v0.11.7
#14 47.71   Downloaded idna v1.0.3
#14 47.72   Downloaded mio v1.0.3
#14 47.72   Downloaded ring v0.17.14
#14 47.74   Downloaded serde v1.0.219
#14 47.74   Downloaded quick-protobuf v0.8.1
#14 47.75   Downloaded nom v7.1.3
#14 47.75   Downloaded tracing-log v0.2.0
#14 47.75   Downloaded chrono v0.4.40
#14 47.76   Downloaded alloy-consensus v0.15.9
#14 47.82   Downloaded itertools v0.14.0
#14 47.83   Downloaded tracing-attributes v0.1.28
#14 47.83   Downloaded tokio-macros v2.5.0
#14 47.83   Downloaded x509-parser v0.16.0
#14 47.83   Downloaded futures-util v0.3.31
#14 47.84   Downloaded h2 v0.4.9
#14 47.84   Downloaded url v2.5.4
#14 47.84   Downloaded sha3-asm v0.1.4
#14 47.85   Downloaded serde_with v3.12.0
#14 47.85   Downloaded tokio-util v0.7.14
#14 47.85   Downloaded reqwest v0.11.27
#14 47.86   Downloaded linux-raw-sys v0.9.4
#14 47.89   Downloaded time v0.3.41
#14 47.89   Downloaded pest v2.8.0
#14 47.89   Downloaded rustls-webpki v0.101.7
#14 47.90   Downloaded hyper v0.14.32
#14 47.90   Downloaded icu_properties_data v1.5.1
#14 47.91   Downloaded syn-solidity v1.1.0
#14 47.91   Downloaded icu_properties v1.5.1
#14 47.91   Downloaded ed25519-dalek v2.1.1
#14 47.92   Downloaded regex v1.11.1
#14 47.92   Downloaded syn v1.0.109
#14 47.93   Downloaded curve25519-dalek v4.1.3
#14 47.93   Downloaded reqwest v0.12.15
#14 47.94   Downloaded syn v2.0.100
#14 47.94   Downloaded secp256k1-sys v0.10.1
#14 47.97   Downloaded alloy-genesis v0.15.10
#14 47.97   Downloaded moka v0.12.10
#14 47.98   Downloaded clap_builder v4.5.37
#14 47.98   Downloaded spin v0.9.8
#14 47.98   Downloaded serde_json v1.0.140
#14 47.99   Downloaded rustix v1.0.5
#14 48.00   Downloaded alloy-transport v0.15.10
#14 48.00   Downloaded alloy-consensus-any v0.15.10
#14 48.00   Downloaded darling_core v0.20.11
#14 48.00   Downloaded tokio-native-tls v0.3.1
#14 48.00   Downloaded snap v1.1.1
#14 48.00   Downloaded igd-next v0.15.1
#14 48.01   Downloaded icu_normalizer v1.5.0
#14 48.01   Downloaded httparse v1.10.1
#14 48.01   Downloaded derive_more v2.0.1
#14 48.01   Downloaded icu_provider v1.5.0
#14 48.02   Downloaded icu_locid v1.5.0
#14 48.02   Downloaded hmac v0.12.1
#14 48.02   Downloaded rusty-fork v0.3.0
#14 48.02   Downloaded rustversion v1.0.20
#14 48.02   Downloaded rustls-pemfile v2.2.0
#14 48.02   Downloaded rustc-hex v2.1.0
#14 48.02   Downloaded rfc6979 v0.4.0
#14 48.02   Downloaded pin-utils v0.1.0
#14 48.02   Downloaded mime v0.3.17
#14 48.02   Downloaded jobserver v0.1.34
#14 48.03   Downloaded parking_lot v0.12.3
#14 48.03   Downloaded quinn-udp v0.5.11
#14 48.03   Downloaded pin-project v1.1.10
#14 48.03   Downloaded proc-macro-error2 v2.0.1
#14 48.03   Downloaded netlink-proto v0.11.5
#14 48.03   Downloaded futures v0.3.31
#14 48.04   Downloaded event-listener v5.4.0
#14 48.04   Downloaded once_cell v1.21.3
#14 48.04   Downloaded oid-registry v0.7.1
#14 48.04   Downloaded netlink-sys v0.8.7
#14 48.04   Downloaded parking v2.2.1
#14 48.04   Downloaded num_enum_derive v0.7.3
#14 48.04   Downloaded num-traits v0.2.19
#14 48.04   Downloaded darling v0.20.11
#14 48.05   Downloaded nohash-hasher v0.2.0
#14 48.05   Downloaded libp2p-allow-block-list v0.5.0
#14 48.05   Downloaded num_cpus v1.16.0
#14 48.05   Downloaded openssl-probe v0.1.6
#14 48.05   Downloaded num-conv v0.1.0
#14 48.05   Downloaded netlink-packet-core v0.7.0
#14 48.05   Downloaded multistream-select v0.13.0
#14 48.05   Downloaded multihash v0.19.3
#14 48.05   Downloaded md5 v0.7.0
#14 48.05   Downloaded matchers v0.2.0
#14 48.05   Downloaded libc v0.2.172
#14 48.07   Downloaded futures-rustls v0.26.0
#14 48.07   Downloaded futures-channel v0.3.31
#14 48.07   Downloaded ecdsa v0.16.9
#14 48.07   Downloaded core2 v0.4.0
#14 48.07   Downloaded crossbeam-utils v0.8.21
#14 48.07   Downloaded getrandom v0.2.15
#14 48.07   Downloaded enr v0.13.0
#14 48.07   Downloaded encoding_rs v0.8.35
#14 48.09   Downloaded displaydoc v0.2.5
#14 48.09   Downloaded fastrlp v0.3.1
#14 48.09   Downloaded crypto-common v0.1.6
#14 48.09   Downloaded httpdate v1.0.3
#14 48.09   Downloaded event-listener-strategy v0.5.4
#14 48.09   Downloaded colorchoice v1.0.3
#14 48.09   Downloaded op-alloy-consensus v0.15.5
#14 48.09   Downloaded libp2p-upnp v0.4.0
#14 48.09   Downloaded itoa v1.0.15
#14 48.09   Downloaded ethereum_ssz v0.9.0
#14 48.09   Downloaded lock_api v0.4.12
#14 48.09   Downloaded macro-string v0.1.4
#14 48.09   Downloaded libsecp256k1-gen-genmult v0.3.0
#14 48.09   Downloaded libp2p-tls v0.6.1
#14 48.09   Downloaded libp2p-quic v0.12.0
#14 48.10   Downloaded futures-sink v0.3.31
#14 48.10   Downloaded libp2p-swarm-derive v0.35.0
#14 48.10   Downloaded fixed-hash v0.8.0
#14 48.10   Downloaded alloy-provider v0.15.10
#14 48.10   Downloaded hashbrown v0.14.5
#14 48.10   Downloaded digest v0.9.0
#14 48.10   Downloaded cc v1.2.19
#14 48.11   Downloaded iana-time-zone v0.1.63
#14 48.11   Downloaded http v1.3.1
#14 48.11   Downloaded http v0.2.12
#14 48.11   Downloaded hickory-resolver v0.25.0-alpha.5
#14 48.11   Downloaded hashbrown v0.12.3
#14 48.11   Downloaded alloy-primitives v1.1.0
#14 48.12   Downloaded keccak v0.1.5
#14 48.12   Downloaded ipnet v2.11.0
#14 48.12   Downloaded fnv v1.0.7
#14 48.12   Downloaded errno v0.3.11
#14 48.12   Downloaded either v1.15.0
#14 48.12   Downloaded alloy-eips v0.15.9
#14 48.12   Downloaded base64 v0.21.7
#14 48.12   Downloaded secp256k1-sys v0.11.0
#14 48.15   Downloaded deranged v0.4.0
#14 48.15   Downloaded delay_map v0.4.1
#14 48.15   Downloaded impl-trait-for-tuples v0.2.3
#14 48.15   Downloaded if-watch v3.2.1
#14 48.15   Downloaded asn1-rs v0.6.2
#14 48.15   Downloaded data-encoding v2.9.0
#14 48.15   Downloaded futures-timer v3.0.3
#14 48.15   Downloaded hmac v0.8.1
#14 48.16   Downloaded alloy-network v0.15.10
#14 48.16   Downloaded ctr v0.9.2
#14 48.16   Downloaded base64ct v1.7.3
#14 48.16   Downloaded alloy-dyn-abi v1.0.0
#14 48.16   Downloaded icu_provider_macros v1.5.0
#14 48.16   Downloaded group v0.13.0
#14 48.16   Downloaded alloy-rlp v0.3.11
#14 48.16   Downloaded dirs-sys v0.5.0
#14 48.16   Downloaded alloy-json-abi v1.1.0
#14 48.17   Downloaded alloy-hardforks v0.2.0
#14 48.17   Downloaded alloy-eip2930 v0.2.0
#14 48.17   Downloaded alloy-core v1.0.0
#14 48.17   Downloaded bitcoin_hashes v0.14.0
#14 48.17   Downloaded bitcoin-io v0.1.3
#14 48.17   Downloaded atomic-waker v1.1.2
#14 48.17   Downloaded asn1_der v0.7.6
#14 48.17   Downloaded ark-ff v0.4.2
#14 48.17   Downloaded alloy-rpc-types-any v0.15.10
#14 48.17   Downloaded alloy-rlp-derive v0.3.11
#14 48.17   Downloaded bit-set v0.8.0
#14 48.18   Downloaded base-x v0.2.11
#14 48.18   Downloaded axum v0.8.3
#14 48.18   Downloaded autocfg v1.4.0
#14 48.18   Downloaded async-recursion v1.1.1
#14 48.18   Downloaded asn1-rs-derive v0.5.1
#14 48.18   Downloaded ark-ff v0.3.0
#14 48.19   Downloaded anyhow v1.0.98
#14 48.19   Downloaded anstyle v1.0.10
#14 48.19   Downloaded alloy-sol-type-parser v1.1.0
#14 48.19   Downloaded alloy-rpc-types-eth v0.15.10
#14 48.19   Downloaded alloy-network-primitives v0.15.10
#14 48.19   Downloaded alloy-eip2124 v0.2.0
#14 48.19   Downloaded der v0.7.9
#14 48.20   Downloaded crypto-bigint v0.5.5
#14 48.20   Downloaded crc-catalog v2.4.0
#14 48.20   Downloaded bytes v1.10.1
#14 48.20   Downloaded byteorder v1.5.0
#14 48.20   Downloaded bs58 v0.5.1
#14 48.20   Downloaded async-stream v0.3.6
#14 48.21   Downloaded arrayvec v0.7.6
#14 48.21   Downloaded ark-std v0.3.0
#14 48.21   Downloaded anstream v0.6.18
#14 48.21   Downloaded alloy-trie v0.8.1
#14 48.21   Downloaded alloy-transport-http v0.15.10
#14 48.21   Downloaded alloy-signer v0.15.10
#14 48.21   Downloaded alloy-serde v0.15.10
#14 48.21   Downloaded alloy-json-rpc v0.15.10
#14 48.21   Downloaded alloy-eip7702 v0.6.0
#14 48.21   Downloaded ghash v0.5.1
#14 48.21   Downloaded futures-core v0.3.31
#14 48.21   Downloaded elliptic-curve v0.13.8
#14 48.22   Downloaded dtoa v1.0.10
#14 48.22   Downloaded derivative v2.2.0
#14 48.22   Downloaded cpufeatures v0.2.17
#14 48.22   Downloaded concurrent-queue v2.5.0
#14 48.22   Downloaded block-buffer v0.10.4
#14 48.22   Downloaded arrayref v0.3.9
#14 48.22   Downloaded ark-ff-asm v0.4.2
#14 48.22   Downloaded alloy-rpc-types-engine v0.15.10
#14 48.22   Downloaded blst v0.3.14
#14 48.23   Downloaded axum-core v0.5.2
#14 48.23   Downloaded alloy-rpc-client v0.15.10
#14 48.23   Downloaded ark-ff-macros v0.3.0
#14 48.23   Downloaded ark-ff-asm v0.3.0
#14 48.23   Downloaded foreign-types-shared v0.1.1
#14 48.23   Downloaded base16ct v0.2.0
#14 48.24   Downloaded ark-std v0.4.0
#14 48.24   Downloaded ark-serialize v0.4.2
#14 48.24   Downloaded ark-serialize v0.3.0
#14 48.24   Downloaded fastrlp v0.4.0
#14 48.24   Downloaded equivalent v1.0.2
#14 48.24   Downloaded auto_impl v1.3.0
#14 48.24   Downloaded alloy-sol-macro-input v1.1.0
#14 48.24   Downloaded alloy-contract v0.15.10
#14 48.24   Downloaded allocator-api2 v0.2.21
#14 48.24   Downloaded futures-bounded v0.2.4
#14 48.24   Downloaded form_urlencoded v1.2.1
#14 48.24   Downloaded ff v0.13.1
#14 48.24   Downloaded ethereum_ssz_derive v0.9.0
#14 48.24   Downloaded digest v0.10.7
#14 48.25   Downloaded futures-executor v0.3.31
#14 48.25   Downloaded dunce v1.0.5
#14 48.25   Downloaded crc v3.2.1
#14 48.25   Downloaded anstyle-parse v0.2.6
#14 48.25   Downloaded alloy-sol-macro-expander v1.1.0
#14 48.25   Downloaded alloy-signer-local v0.15.10
#14 48.25   Downloaded async-trait v0.1.88
#14 48.25   Downloaded bitflags v1.3.2
#14 48.25   Downloaded async-stream-impl v0.3.6
#14 48.26   Downloaded openssl-src v300.5.0+3.5.0
#14 48.52    Compiling proc-macro2 v1.0.95
#14 48.52    Compiling unicode-ident v1.0.18
#14 48.52    Compiling serde v1.0.219
#14 48.52    Compiling libc v0.2.172
#14 48.52    Compiling cfg-if v1.0.0
#14 48.52    Compiling version_check v0.9.5
#14 48.52    Compiling typenum v1.18.0
#14 48.52    Compiling crunchy v0.2.3
#14 48.66    Compiling subtle v2.6.1
#14 48.70    Compiling once_cell v1.21.3
#14 48.78    Compiling pin-project-lite v0.2.16
#14 48.80    Compiling generic-array v0.14.7
#14 48.82    Compiling memchr v2.7.4
#14 48.86    Compiling const-oid v0.9.6
#14 48.86    Compiling paste v1.0.15
#14 48.89    Compiling cpufeatures v0.2.17
#14 48.94    Compiling tiny-keccak v2.0.2
#14 48.96    Compiling unicode-xid v0.2.6
#14 49.03    Compiling ruint-macro v1.2.1
#14 49.07    Compiling log v0.4.27
#14 49.10    Compiling itoa v1.0.15
#14 49.25    Compiling autocfg v1.4.0
#14 49.26    Compiling quote v1.0.40
#14 49.33    Compiling equivalent v1.0.2
#14 49.35    Compiling allocator-api2 v0.2.21
#14 49.38    Compiling foldhash v0.1.5
#14 49.40    Compiling syn v2.0.100
#14 49.43    Compiling futures-core v0.3.31
#14 49.44    Compiling tracing-core v0.1.33
#14 49.47    Compiling slab v0.4.9
#14 49.53    Compiling futures-sink v0.3.31
#14 49.56    Compiling heck v0.5.0
#14 49.60    Compiling base16ct v0.2.0
#14 49.65    Compiling futures-channel v0.3.31
#14 49.70    Compiling lock_api v0.4.12
#14 49.70    Compiling futures-task v0.3.31
#14 49.76    Compiling futures-io v0.3.31
#14 49.80    Compiling parking_lot_core v0.9.10
#14 49.80    Compiling getrandom v0.3.2
#14 49.82    Compiling pin-utils v0.1.0
#14 49.86    Compiling scopeguard v1.2.0
#14 49.87    Compiling thiserror v2.0.12
#14 49.93    Compiling getrandom v0.2.15
#14 50.06    Compiling rand_core v0.6.4
#14 50.17    Compiling shlex v1.3.0
#14 50.24    Compiling ff v0.13.1
#14 50.26    Compiling signal-hook-registry v1.4.5
#14 50.28    Compiling socket2 v0.5.9
#14 50.29    Compiling mio v1.0.3
#14 50.34    Compiling group v0.13.0
#14 50.49    Compiling stable_deref_trait v1.2.0
#14 50.53    Compiling fnv v1.0.7
#14 50.59    Compiling serde_json v1.0.140
#14 50.65    Compiling num_cpus v1.16.0
#14 50.87    Compiling ryu v1.0.20
#14 50.94    Compiling jobserver v0.1.34
#14 51.09    Compiling cc v1.2.19
#14 51.09    Compiling writeable v0.5.5
#14 51.13    Compiling litemap v0.7.5
#14 51.16    Compiling icu_locid_transform_data v1.5.1
#14 51.21    Compiling icu_properties_data v1.5.1
#14 51.28    Compiling winnow v0.7.6
#14 51.33    Compiling zerocopy v0.8.24
#14 51.33    Compiling icu_normalizer_data v1.5.1
#14 51.38    Compiling semver v1.0.26
#14 51.47    Compiling utf16_iter v1.0.5
#14 51.49    Compiling write16 v1.0.0
#14 51.54    Compiling percent-encoding v2.3.1
#14 51.54    Compiling utf8_iter v1.0.4
#14 51.56    Compiling proc-macro-error-attr2 v2.0.0
#14 51.63    Compiling form_urlencoded v1.2.1
#14 51.72    Compiling synstructure v0.13.1
#14 51.77    Compiling macro-string v0.1.4
#14 51.79    Compiling syn-solidity v1.1.0
#14 51.83    Compiling dunce v1.0.5
#14 51.92    Compiling proc-macro-error2 v2.0.1
#14 51.98    Compiling rustc_version v0.4.1
#14 52.12    Compiling thiserror v1.0.69
#14 52.16    Compiling base64 v0.22.1
#14 52.17    Compiling pkg-config v0.3.32
#14 52.20    Compiling byteorder v1.5.0
#14 52.35    Compiling rustversion v1.0.20
#14 52.39    Compiling hex v0.4.3
#14 52.45    Compiling ident_case v1.0.1
#14 52.48    Compiling crc-catalog v2.4.0
#14 52.52    Compiling strsim v0.11.1
#14 52.55    Compiling crc v3.2.1
#14 52.57    Compiling digest v0.9.0
#14 52.64    Compiling ppv-lite86 v0.2.21
#14 52.64    Compiling darling_core v0.20.11
#14 52.67    Compiling libsecp256k1-core v0.3.0
#14 52.68    Compiling serde_derive v1.0.219
#14 52.71    Compiling zeroize_derive v1.4.2
#14 52.88    Compiling alloy-rlp-derive v0.3.11
#14 53.01    Compiling derive_more-impl v2.0.1
#14 53.10    Compiling zeroize v1.8.1
#14 53.17    Compiling thiserror-impl v2.0.12
#14 53.22    Compiling tracing-attributes v0.1.28
#14 53.22    Compiling der v0.7.9
#14 53.82    Compiling crypto-common v0.1.6
#14 53.92    Compiling block-buffer v0.10.4
#14 54.00    Compiling digest v0.10.7
#14 54.09    Compiling spki v0.7.3
#14 54.14    Compiling futures-macro v0.3.31
#14 54.16    Compiling hmac v0.12.1
#14 54.16    Compiling signature v2.2.0
#14 54.25    Compiling sha2 v0.10.8
#14 54.28    Compiling tracing v0.1.41
#14 54.30    Compiling pkcs8 v0.10.2
#14 54.38    Compiling crypto-bigint v0.5.5
#14 54.60    Compiling futures-util v0.3.31
#14 54.84    Compiling rfc6979 v0.4.0
#14 55.03    Compiling zerofrom-derive v0.1.6
#14 55.03    Compiling tokio-macros v2.5.0
#14 55.11    Compiling derive_more v2.0.1
#14 55.32    Compiling yoke-derive v0.7.5
#14 55.43    Compiling zerovec-derive v0.10.3
#14 55.44    Compiling displaydoc v0.2.5
#14 55.76    Compiling zerofrom v0.1.6
#14 55.82    Compiling icu_provider_macros v1.5.0
#14 55.86    Compiling auto_impl v1.3.0
#14 55.90    Compiling yoke v0.7.5
#14 55.95    Compiling thiserror-impl v1.0.69
#14 56.03    Compiling rand_chacha v0.3.1
#14 56.10    Compiling pin-project-internal v1.1.10
#14 56.10    Compiling zerovec v0.10.4
#14 56.27    Compiling bytes v1.10.1
#14 56.35    Compiling smallvec v1.15.0
#14 56.37    Compiling hashbrown v0.15.2
#14 56.56    Compiling serdect v0.2.0
#14 56.61    Compiling arrayvec v0.7.6
#14 56.66    Compiling sec1 v0.7.3
#14 56.77    Compiling alloy-rlp v0.3.11
#14 56.80    Compiling elliptic-curve v0.13.8
#14 56.80    Compiling parking_lot v0.12.3
#14 56.95    Compiling const-hex v1.14.0
#14 57.09    Compiling ruint v1.14.0
#14 57.14    Compiling ecdsa v0.16.9
#14 57.18    Compiling tokio v1.44.2
#14 57.22    Compiling either v1.15.0
#14 57.27    Compiling tinystr v0.7.6
#14 57.28    Compiling futures-executor v0.3.31
#14 57.45    Compiling k256 v0.13.4
#14 57.56    Compiling futures v0.3.31
#14 57.57    Compiling icu_locid v1.5.0
#14 57.58    Compiling alloy-primitives v1.1.0
#14 57.62    Compiling icu_collections v1.5.0
#14 58.34    Compiling icu_provider v1.5.0
#14 58.59    Compiling indexmap v2.9.0
#14 58.64    Compiling alloy-sol-type-parser v1.1.0
#14 59.00    Compiling icu_locid_transform v1.5.0
#14 59.04    Compiling alloy-json-abi v1.1.0
#14 59.36    Compiling pin-project v1.1.10
#14 59.45    Compiling icu_properties v1.5.1
#14 59.70    Compiling alloy-sol-macro-input v1.1.0
#14 59.89    Compiling alloy-sol-macro-expander v1.1.0
#14 59.89    Compiling rand v0.8.5
#14 59.92    Compiling alloy-eip2124 v0.2.0
#14 60.02    Compiling darling_macro v0.20.11
#14 60.34    Compiling curve25519-dalek v4.1.3
#14 60.38    Compiling opaque-debug v0.3.1
#14 60.44    Compiling darling v0.20.11
#14 60.46    Compiling ethereum_serde_utils v0.8.0
#14 60.48    Compiling itertools v0.13.0
#14 60.54    Compiling strum_macros v0.27.1
#14 60.74    Compiling icu_normalizer v1.5.0
#14 61.12    Compiling curve25519-dalek-derive v0.1.1
#14 61.44    Compiling idna_adapter v1.2.0
#14 61.55    Compiling idna v1.0.3
#14 61.57    Compiling ethereum_ssz v0.9.0
#14 61.74    Compiling alloy-sol-macro v1.1.0
#14 61.85    Compiling url v2.5.4
#14 62.03    Compiling ethereum_ssz_derive v0.9.0
#14 62.07    Compiling alloy-eip2930 v0.2.0
#14 62.58    Compiling alloy-serde v0.15.10
#14 62.64    Compiling alloy-eip7702 v0.6.0
#14 62.66    Compiling nybbles v0.3.4
#14 62.81    Compiling crypto-mac v0.8.0
#14 62.90    Compiling libsecp256k1-gen-ecmult v0.3.0
#14 62.96    Compiling libsecp256k1-gen-genmult v0.3.0
#14 63.02    Compiling openssl-src v300.5.0+3.5.0
#14 63.19    Compiling vcpkg v0.2.15
#14 63.20    Compiling static_assertions v1.1.0
#14 63.29    Compiling alloy-sol-types v1.1.0
#14 63.47    Compiling libsecp256k1 v0.7.2
#14 63.47    Compiling hmac v0.8.1
#14 63.59    Compiling alloy-eips v0.15.9
#14 63.69    Compiling alloy-trie v0.8.1
#14 63.78    Compiling openssl-sys v0.9.107
#14 63.81    Compiling ed25519 v2.2.3
#14 63.84    Compiling block-buffer v0.9.0
#14 63.92    Compiling num_enum_derive v0.7.3
#14 63.95    Compiling data-encoding v2.9.0
#14 64.10    Compiling unsigned-varint v0.8.0
#14 64.28    Compiling data-encoding-macro-internal v0.1.16
#14 64.46    Compiling alloy-consensus v0.15.9
#14 64.50    Compiling sha2 v0.9.9
#14 65.28    Compiling ed25519-dalek v2.1.1
#14 65.58    Compiling hmac-drbg v0.3.0
#14 66.09    Compiling quick-protobuf v0.8.1
#14 66.18    Compiling core2 v0.4.0
#14 66.35    Compiling arrayref v0.3.9
#14 66.42    Compiling multihash v0.19.3
#14 66.63    Compiling data-encoding-macro v0.1.18
#14 66.76    Compiling hkdf v0.12.4
#14 66.87    Compiling httparse v1.10.1
#14 66.94    Compiling tower-service v0.3.3
#14 67.04    Compiling base-x v0.2.11
#14 67.18    Compiling asn1_der v0.7.6
#14 67.21    Compiling bitflags v2.9.0
#14 67.35    Compiling bs58 v0.5.1
#14 67.56    Compiling multibase v0.9.1
#14 67.65    Compiling openssl v0.10.72
#14 67.67    Compiling foreign-types-shared v0.1.1
#14 67.77    Compiling try-lock v0.2.5
#14 67.78    Compiling foreign-types v0.3.2
#14 67.84    Compiling want v0.3.1
#14 67.89    Compiling http v1.3.1
#14 67.97    Compiling openssl-macros v0.1.1
#14 68.17    Compiling web-time v1.1.0
#14 68.22    Compiling httpdate v1.0.3
#14 68.24    Compiling unsigned-varint v0.7.2
#14 68.33    Compiling crossbeam-utils v0.8.21
#14 68.39    Compiling futures-timer v3.0.3
#14 68.63    Compiling http-body v1.0.1
#14 68.66    Compiling libp2p-identity v0.2.10
#14 68.74    Compiling multistream-select v0.13.0
#14 68.80    Compiling rw-stream-sink v0.4.0
#14 68.87    Compiling tokio-util v0.7.14
#14 68.88    Compiling ahash v0.8.11
#14 69.04    Compiling multiaddr v0.18.2
#14 69.12    Compiling native-tls v0.2.14
#14 69.40    Compiling libp2p-core v0.43.0
#14 69.54    Compiling strum v0.27.1
#14 69.65    Compiling openssl-probe v0.1.6
#14 69.66    Compiling anyhow v1.0.98
#14 69.68    Compiling zerocopy v0.7.35
#14 69.75    Compiling ipnet v2.11.0
#14 69.85    Compiling sync_wrapper v1.0.2
#14 69.90    Compiling tower-layer v0.3.3
#14 70.07    Compiling hashbrown v0.14.5
#14 70.09    Compiling hyper v1.6.0
#14 70.16    Compiling http-body-util v0.1.3
#14 70.36    Compiling num_enum v0.7.3
#14 70.47    Compiling lru v0.12.5
#14 70.48    Compiling mime v0.3.17
#14 70.54    Compiling alloy-chains v0.2.0
#14 70.69    Compiling netlink-packet-utils v0.5.2
#14 70.82    Compiling tower v0.5.2
#14 70.86    Compiling alloy-json-rpc v0.15.10
#14 70.89    Compiling hyper-util v0.1.11
#14 71.04    Compiling alloy-consensus-any v0.15.10
#14 71.04    Compiling alloy-network-primitives v0.15.10
#14 71.09    Compiling itertools v0.14.0
#14 71.19    Compiling serde_urlencoded v0.7.1
#14 71.30    Compiling libp2p-swarm-derive v0.35.0
#14 71.55    Compiling futures-utils-wasm v0.1.0
#14 71.58    Compiling netlink-packet-core v0.7.0
#14 71.72    Compiling libp2p-swarm v0.46.0
#14 71.77    Compiling ring v0.17.14
#14 71.77    Compiling aho-corasick v1.1.3
#14 71.91    Compiling alloy-rpc-types-eth v0.15.10
#14 72.05    Compiling regex-syntax v0.8.5
#14 72.25    Compiling bitflags v1.3.2
#14 72.68    Compiling rustls-pki-types v1.11.0
#14 73.19    Compiling rustls-pemfile v2.2.0
#14 73.54    Compiling regex-automata v0.4.9
#14 74.27    Compiling concurrent-queue v2.5.0
#14 74.43    Compiling netlink-sys v0.8.7
#14 74.75    Compiling asynchronous-codec v0.7.0
#14 74.78    Compiling inout v0.1.4
#14 74.87    Compiling serde_repr v0.1.20
#14 74.89    Compiling async-trait v0.1.88
#14 74.94    Compiling dyn-clone v1.0.19
#14 75.00    Compiling parking v2.2.1
#14 75.08    Compiling spin v0.9.8
#14 75.11    Compiling event-listener v5.4.0
#14 75.23    Compiling lazy_static v1.5.0
#14 75.26    Compiling alloy-hardforks v0.2.0
#14 75.40    Compiling cipher v0.4.4
#14 75.40    Compiling alloy-signer v0.15.10
#14 75.57    Compiling netlink-proto v0.11.5
#14 75.79    Compiling alloy-rpc-types-any v0.15.10
#14 75.85    Compiling netlink-packet-route v0.17.1
#14 76.14    Compiling nix v0.26.4
#14 76.31    Compiling alloy-transport v0.15.10
#14 76.35    Compiling http v0.2.12
#14 77.10    Compiling serde_spanned v0.6.8
#14 77.17    Compiling toml_datetime v0.6.8
#14 77.33    Compiling universal-hash v0.5.1
#14 77.47    Compiling async-stream-impl v0.3.6
#14 77.80    Compiling zstd-sys v2.0.16+zstd.1.5.7
#14 77.85    Compiling snow v0.9.6
#14 77.85    Compiling untrusted v0.9.0
#14 77.98    Compiling nohash-hasher v0.2.0
#14 78.04    Compiling prometheus-client v0.22.3
#14 78.19    Compiling async-stream v0.3.6
#14 78.27    Compiling rtnetlink v0.13.1
#14 78.70    Compiling polyval v0.6.2
#14 78.90    Compiling toml_edit v0.22.24
#14 79.34    Compiling alloy-network v0.15.10
#14 80.50    Compiling alloy-op-hardforks v0.2.0
#14 80.68    Compiling event-listener-strategy v0.5.4
#14 80.78    Compiling quick-protobuf-codec v0.3.1
#14 80.90    Compiling hashlink v0.9.1
#14 81.00    Compiling tokio-stream v0.1.17
#14 81.12    Compiling tracing-futures v0.2.5
#14 81.20    Compiling kona-serde v0.2.0 (https://github.com/op-rs/kona?rev=b079a57fcfbb444d051e859f1e80f445daf5a2c7#b079a57f)
#14 81.36    Compiling prometheus-client-derive-encode v0.4.2
#14 81.59    Compiling secp256k1-sys v0.11.0
#14 81.79    Compiling keccak v0.1.5
#14 81.87    Compiling dtoa v1.0.10
#14 82.00    Compiling utf8parse v0.2.2
#14 82.04    Compiling snap v1.1.1
#14 82.12    Compiling anstyle-parse v0.2.6
#14 82.27    Compiling sha3 v0.10.8
#14 82.39    Compiling h2 v0.3.27
#14 83.98    Compiling if-watch v3.2.1
#14 84.07    Compiling async-channel v2.3.1
#14 84.24    Compiling toml v0.8.20
#14 84.24    Compiling ghash v0.5.1
#14 84.53    Compiling yamux v0.12.1
#14 84.79    Compiling yamux v0.13.4
#14 85.29    Compiling http-body v0.4.6
#14 85.46    Compiling regex v1.11.1
#14 85.57    Compiling ctr v0.9.2
#14 85.59    Compiling aes v0.8.4
#14 85.74    Compiling dashmap v6.1.0
#14 86.15    Compiling kona-genesis v0.3.0 (https://github.com/op-rs/kona?rev=b079a57fcfbb444d051e859f1e80f445daf5a2c7#b079a57f)
#14 86.17    Compiling alloy-dyn-abi v1.0.0
#14 86.31    Compiling futures-bounded v0.2.4
#14 86.51    Compiling x25519-dalek v2.0.1
#14 86.81    Compiling lru v0.13.0
#14 86.87    Compiling aead v0.5.2
#14 87.03    Compiling rand_core v0.9.3
#14 87.04    Compiling option-ext v0.2.0
#14 87.13    Compiling hex_fmt v0.3.0
#14 87.21    Compiling rustix v1.0.5
#14 87.22    Compiling colorchoice v1.0.3
#14 87.25    Compiling anstyle-query v1.1.2
#14 87.31    Compiling is_terminal_polyfill v1.70.1
#14 87.32    Compiling zstd-safe v7.2.4
#14 87.37    Compiling anstyle v1.0.10
#14 87.45    Compiling libp2p-gossipsub v0.48.0
#14 87.52    Compiling anstream v0.6.18
#14 87.56    Compiling kona-registry v0.3.0 (https://github.com/op-rs/kona?rev=b079a57fcfbb444d051e859f1e80f445daf5a2c7#b079a57f)
#14 87.92    Compiling rand_chacha v0.9.0
#14 88.35    Compiling dirs-sys v0.5.0
#14 88.57    Compiling aes-gcm v0.10.3
#14 88.79    Compiling libp2p-noise v0.46.0
#14 88.90    Compiling libp2p-identify v0.46.0
#14 89.36    Compiling hyper v0.14.32
#14 89.40    Compiling libp2p-yamux v0.47.0
#14 89.62    Compiling libp2p-tcp v0.43.0
#14 89.77    Compiling enr v0.13.0
#14 90.56    Compiling libp2p-allow-block-list v0.5.0
#14 90.95    Compiling libp2p-connection-limits v0.5.0
#14 91.36    Compiling libp2p-ping v0.46.0
#14 91.48    Compiling alloy-rpc-types-engine v0.15.10
#14 91.67    Compiling delay_map v0.4.1
#14 91.82    Compiling op-alloy-consensus v0.15.5
#14 91.89    Compiling uint v0.10.0
#14 91.96    Compiling linux-raw-sys v0.9.4
#14 91.99    Compiling clap_lex v0.7.4
#14 92.28    Compiling base64 v0.21.7
#14 92.62    Compiling more-asserts v0.3.1
#14 92.70    Compiling discv5 v0.9.1
#14 92.85    Compiling rustls-pemfile v1.0.4
#14 93.09    Compiling clap_builder v4.5.37
#14 93.15    Compiling op-alloy-rpc-types-engine v0.15.5
#14 94.37    Compiling libp2p v0.55.0
#14 94.57    Compiling secp256k1 v0.31.0
#14 94.87    Compiling dirs v6.0.0
#14 94.94    Compiling rand v0.9.1
#14 94.95    Compiling alloy-core v1.0.0
#14 94.98    Compiling alloy-signer-local v0.15.10
#14 95.26    Compiling matchers v0.2.0
#14 95.35    Compiling sharded-slab v0.1.7
#14 95.49    Compiling alloy-rpc-types v0.15.10
#14 95.60    Compiling axum-core v0.5.2
#14 95.81    Compiling serde_path_to_error v0.1.17
#14 95.84    Compiling clap_derive v4.5.32
#14 96.10    Compiling tracing-log v0.2.0
#14 96.17    Compiling thread_local v1.1.8
#14 96.34    Compiling encoding_rs v0.8.35
#14 96.37    Compiling matchit v0.8.4
#14 96.92    Compiling fastrand v2.3.0
#14 97.01    Compiling kona-macros v0.1.0 (https://github.com/op-rs/kona?rev=b079a57fcfbb444d051e859f1e80f445daf5a2c7#b079a57f)
#14 97.03    Compiling sync_wrapper v0.1.2
#14 97.06    Compiling nu-ansi-term v0.50.3
#14 97.09    Compiling tempfile v3.19.1
#14 97.11    Compiling clap v4.5.37
#14 97.18    Compiling tracing-subscriber v0.3.20
#14 97.39    Compiling axum v0.8.3
#14 99.83    Compiling md5 v0.7.0
#14 104.4    Compiling zstd v0.13.3
#14 121.4    Compiling kona-p2p v0.1.0 (https://github.com/op-rs/kona?rev=b079a57fcfbb444d051e859f1e80f445daf5a2c7#b079a57f)
#14 121.5    Compiling tokio-native-tls v0.3.1
#14 121.6    Compiling hyper-tls v0.6.0
#14 121.7    Compiling hyper-tls v0.5.0
#14 121.8    Compiling reqwest v0.12.15
#14 121.8    Compiling reqwest v0.11.27
#14 122.5    Compiling alloy-transport-http v0.15.10
#14 122.6    Compiling alloy-rpc-client v0.15.10
#14 123.2    Compiling alloy-provider v0.15.10
#14 127.9    Compiling alloy-contract v0.15.10
#14 128.1    Compiling alloy v0.15.10
#14 131.2    Compiling kona_bridge v0.1.0 (/build/src/chains/op/kona_bridge)
#14 136.1     Finished `release` profile [optimized] target(s) in 1m 35s
#14 136.4 [ 88%] Built target kona_bridge_rust
#14 136.4 [ 88%] Building C object src/chains/op/kona_bridge/CMakeFiles/kona_preconf_capture.dir/__/server/kona_preconf_capture.c.o
#14 136.4 [ 89%] Linking C static library libkona_preconf_capture.a
#14 136.5 [ 89%] Built target kona_preconf_capture
#14 136.5 [ 89%] Building C object src/chains/op/CMakeFiles/op_server_handler.dir/server/handler.c.o
#14 136.6 [ 89%] Linking C static library libop_server_handler.a
#14 136.7 [ 89%] Built target op_server_handler
#14 136.7 [ 90%] Embedding config.html into C header
#14 136.7 [ 90%] Built target generate_config_html
#14 136.7 [ 90%] Building C object src/server/CMakeFiles/serverlib.dir/server_control.c.o
#14 136.7 /build/src/server/server_control.c:60:13: warning: format specifies type 'unsigned long long' but the argument has type 'uint64_t' (aka 'unsigned long') [-Wformat]
#14 136.7             http_server.stats.open_requests);
#14 136.7             ^~~~~~~~~~~~~~~~~~~~~~~~~~~~~~~
#14 136.7 /build/src/server/server_control.c:85:13: warning: format specifies type 'unsigned long long' but the argument has type 'uint64_t' (aka 'unsigned long') [-Wformat]
#14 136.7             http_server.stats.open_requests);
#14 136.7             ^~~~~~~~~~~~~~~~~~~~~~~~~~~~~~~
#14 136.8 2 warnings generated.
#14 136.8 [ 90%] Building C object src/server/CMakeFiles/serverlib.dir/http_client.c.o
#14 137.0 [ 92%] Building C object src/server/CMakeFiles/serverlib.dir/http_client_errors.c.o
#14 137.0 /build/src/server/http_client_errors.c:23:10: warning: implicit declaration of function 'memmem' is invalid in C99 [-Wimplicit-function-declaration]
#14 137.0   return memmem(data.data, data.len, needle, needle_len) != NULL;
#14 137.0          ^
#14 137.0 /build/src/server/http_client_errors.c:23:58: warning: comparison between pointer and integer ('int' and 'void *') [-Wpointer-integer-compare]
#14 137.0   return memmem(data.data, data.len, needle, needle_len) != NULL;
#14 137.0          ~~~~~~~~~~~~~~~~~~~~~~~~~~~~~~~~~~~~~~~~~~~~~~~ ^  ~~~~
#14 137.1 2 warnings generated.
#14 137.1 [ 92%] Building C object src/server/CMakeFiles/serverlib.dir/http_servers_select.c.o
#14 137.3 [ 92%] Building C object src/server/CMakeFiles/serverlib.dir/http_head_poller.c.o
#14 137.4 [ 93%] Building C object src/server/CMakeFiles/serverlib.dir/http_server.c.o
#14 137.5 [ 93%] Building C object src/server/CMakeFiles/serverlib.dir/handle_proof.c.o
#14 137.6 [ 94%] Building C object src/server/CMakeFiles/serverlib.dir/handle_verify.c.o
#14 137.7 [ 94%] Building C object src/server/CMakeFiles/serverlib.dir/handle_unverified_rpc.c.o
#14 137.7 [ 94%] Building C object src/server/CMakeFiles/serverlib.dir/handle_verify_storage.c.o
#14 137.8 [ 96%] Building C object src/server/CMakeFiles/serverlib.dir/handle_health.c.o
#14 137.9 [ 96%] Building C object src/server/CMakeFiles/serverlib.dir/handle_metrics.c.o
#14 138.0 [ 96%] Building C object src/server/CMakeFiles/serverlib.dir/handle_config.c.o
#14 138.1 [ 97%] Building C object src/server/CMakeFiles/serverlib.dir/handle_openapi.c.o
#14 138.2 [ 97%] Building C object src/server/CMakeFiles/serverlib.dir/cache.c.o
#14 138.3 [ 98%] Building C object src/server/CMakeFiles/serverlib.dir/configure.c.o
#14 138.5 [ 98%] Building C object src/server/CMakeFiles/serverlib.dir/store.c.o
#14 138.5 [ 98%] Building C object src/server/CMakeFiles/serverlib.dir/internal_calls.c.o
#14 138.6 [100%] Linking C static library libserverlib.a
#14 138.7 [100%] Built target serverlib
#14 138.7 [100%] Building C object src/server/CMakeFiles/colibri-server.dir/main.c.o
#14 138.7 [100%] Linking C executable ../../bin/colibri-server
#14 140.0 [100%] Built target colibri-server
#14 DONE 141.5s

#15 [c4_chiado final 2/4] RUN apt-get update && apt-get install -y --no-install-recommends     curl     ca-certificates     && rm -rf /var/lib/apt/lists/*
#15 CACHED

#16 [c4_chiado final 3/4] WORKDIR /app
#16 CACHED

#17 [c4_chiado final 4/4] COPY --from=builder /build/bin/colibri-server /app/colibri-server
#17 DONE 0.3s

#18 [c4_chiado] exporting to image
#18 exporting layers 0.1s done
#18 writing image sha256:6a009dc17a5dc120df18239b4041b182b8c74ba6a4eededbbab742e9d9792a5e done
#18 naming to docker.io/library/ccmainnet2-c4_chiado done
#18 DONE 0.1s

#19 [c4_chiado] resolving provenance for metadata file
#19 DONE 0.0s
 c4_chiado  Built
[INFO] Successfully built c4_chiado.
:: [ 2 of 2 ] c4_gnosis
[INFO] Building c4_gnosis...
Compose can now delegate builds to bake for better performance.
 To do so, set COMPOSE_BAKE=true.
#0 building with "default" instance using docker driver

#1 [c4_gnosis internal] load build definition from Dockerfile
#1 transferring dockerfile: 2.57kB done
#1 DONE 0.0s

#2 [c4_gnosis internal] load metadata for docker.io/library/debian:bookworm-slim
#2 DONE 0.3s

#3 [c4_gnosis internal] load .dockerignore
#3 transferring context: 564B done
#3 DONE 0.0s

#4 [c4_gnosis builder  1/10] FROM docker.io/library/debian:bookworm-slim@sha256:936abff852736f951dab72d91a1b6337cf04217b2a77a5eaadc7c0f2f1ec1758
#4 DONE 0.0s

#5 [c4_gnosis internal] load build context
#5 transferring context: 11.90MB 0.1s done
#5 DONE 0.1s

#6 [c4_gnosis builder  5/10] COPY CMakeLists.txt ./
#6 CACHED

#7 [c4_gnosis builder  8/10] COPY libs ./libs
#7 CACHED

#8 [c4_gnosis final 3/4] WORKDIR /app
#8 CACHED

#9 [c4_gnosis builder  7/10] COPY src ./src
#9 CACHED

#10 [c4_gnosis builder  2/10] RUN apt-get update && apt-get install -y --no-install-recommends     cmake     clang     git     build-essential     ca-certificates     libcurl4-openssl-dev     pkg-config     libssl-dev     wget     && update-ca-certificates     && rm -rf /var/lib/apt/lists/*
#10 CACHED

#11 [c4_gnosis builder  9/10] COPY bindings ./bindings
#11 CACHED

#12 [c4_gnosis final 2/4] RUN apt-get update && apt-get install -y --no-install-recommends     curl     ca-certificates     && rm -rf /var/lib/apt/lists/*
#12 CACHED

#13 [c4_gnosis builder  4/10] WORKDIR /build
#13 CACHED

#14 [c4_gnosis builder  3/10] RUN wget -O rustup-init.sh https://sh.rustup.rs     && chmod +x rustup-init.sh     && ./rustup-init.sh -y --default-toolchain stable     && rm rustup-init.sh
#14 CACHED

#15 [c4_gnosis builder  6/10] COPY CMakePresets.json ./
#15 CACHED

#16 [c4_gnosis builder 10/10] RUN cmake -DHTTP_SERVER=ON -DCMAKE_BUILD_TYPE=Release -DCHAIN_OP=ON -DCHAIN_ETH=ON -DEVMONE=OFF -DPROVER_CACHE=true . && make colibri-server
#16 CACHED

#17 [c4_gnosis final 4/4] COPY --from=builder /build/bin/colibri-server /app/colibri-server
#17 CACHED

#18 [c4_gnosis] exporting to image
#18 exporting layers done
#18 writing image sha256:7a4f40402b641afcfaaab3e38d18d21b1531cd4058ee1519b8007fbbcea7078b done
#18 naming to docker.io/library/ccmainnet2-c4_gnosis done
#18 DONE 0.0s

#19 [c4_gnosis] resolving provenance for metadata file
#19 DONE 0.0s
 c4_gnosis  Built
[INFO] Successfully built c4_gnosis.
:: [ DOCKER ] 
[INFO] Running docker compose with: -f docker-compose.yml -f ./blockfetch/docker-compose.override.yml -f ./c4_chiado/docker-compose.override.yml -f ./c4_gnosis/docker-compose.override.yml -f ./erigon/docker-compose.override.yml -f ./lodestar/docker-compose.override.yml -f ./memcached/docker-compose.override.yml -f ../_global/autoheal/docker-compose.override.yml -f ../_global/cadvisor/docker-compose.override.yml -f ../_global/promtail/docker-compose.override.yml
 Container ccmainnet2-memcached-1  Running
 Container erigon_gnosis  Running
 Container blockfetch_gnosis  Running
 Container ccmainnet2-autoheal-1  Running
 Container c4_gnosis2  Recreate
 Container cadvisor  Running
 Container lodestar_gnosis  Running
 Container promtail  Running
 Container c4_chiado2  Recreate
 Container c4_gnosis2  Recreated
 Container c4_chiado2  Recreated
 Container ccmainnet2-memcached-1  Waiting
 Container ccmainnet2-memcached-1  Waiting
 Container ccmainnet2-memcached-1  Healthy
 Container c4_chiado2  Starting
 Container ccmainnet2-memcached-1  Healthy
 Container c4_gnosis2  Starting
 Container c4_gnosis2  Started
 Container c4_chiado2  Started
 Container c4_gnosis2  Waiting
 Container c4_chiado2  Waiting
 Container lodestar_gnosis  Waiting
 Container ccmainnet2-memcached-1  Waiting
 Container erigon_gnosis  Waiting
 Container promtail  Waiting
 Container blockfetch_gnosis  Waiting
 Container ccmainnet2-autoheal-1  Waiting
 Container cadvisor  Waiting
 Container blockfetch_gnosis  Healthy
 Container ccmainnet2-memcached-1  Healthy
 Container erigon_gnosis  Healthy
 Container promtail  Healthy
 Container lodestar_gnosis  Healthy
 Container ccmainnet2-autoheal-1  Healthy
 Container cadvisor  Healthy
 Container c4_chiado2  Healthy
 Container c4_gnosis2  Healthy
[INFO] Checking services for config changes...
:: [INFO] Update complete on ccmainnet2 !
