[INFO] Pulling latest changes...
Already up to date.
[INFO] Checking running services before update...
[INFO] include global file: ../_global/autoheal/docker-compose.override.yml
[INFO] include global file: ../_global/cadvisor/docker-compose.override.yml
[INFO] include global file: ../_global/promtail/docker-compose.override.yml
[INFO] Checking for services to build from local git repositories...
[INFO] Found .repo file for service beaconcheck (URL: git@github.com:corpus-core/node_check.git)
[INFO] Source directory ./beaconcheck/source found. Managing repository for beaconcheck...
[INFO] For beaconcheck (main), now pulling default branch...
[INFO] No significant changes detected for beaconcheck after git operation.
[INFO] Found .repo file for service blockfetch (URL: git@github.com:corpus-core/c4_block_fetcher.git)
[INFO] Source directory ./blockfetch/source found. Managing repository for blockfetch...
[INFO] For blockfetch (main), now pulling default branch...
[INFO] No significant changes detected for blockfetch after git operation.
[INFO] Found .repo file for service c4_base (URL: https://github.com/corpus-core/colibri-stateless.git)
[INFO] Source directory ./c4_base/source found. Managing repository for c4_base...
From https://github.com/corpus-core/colibri-stateless
   8510f62..844792a  dev        -> origin/dev
[INFO] For c4_base (dev), now pulling default branch...
[INFO] Changes detected for c4_base (old HEAD: 8510f62c2d0af6c260a4c64b0b63c2f09c9717a8, new HEAD: 844792a6401bfb2d9c9a0f15e740248cd72bf6ba).
[INFO] Found .repo file for service c4_mainnet (URL: https://github.com/corpus-core/colibri-stateless.git)
[INFO] Source directory ./c4_mainnet/source found. Managing repository for c4_mainnet...
From https://github.com/corpus-core/colibri-stateless
   8510f62..844792a  dev        -> origin/dev
[INFO] For c4_mainnet (dev), now pulling default branch...
[INFO] Changes detected for c4_mainnet (old HEAD: 8510f62c2d0af6c260a4c64b0b63c2f09c9717a8, new HEAD: 844792a6401bfb2d9c9a0f15e740248cd72bf6ba).
[INFO] Found .repo file for service c4_sepolia (URL: https://github.com/corpus-core/colibri-stateless.git)
[INFO] Source directory ./c4_sepolia/source found. Managing repository for c4_sepolia...
From https://github.com/corpus-core/colibri-stateless
   8510f62..844792a  dev        -> origin/dev
[INFO] For c4_sepolia (dev), now pulling default branch...
[INFO] Changes detected for c4_sepolia (old HEAD: 8510f62c2d0af6c260a4c64b0b63c2f09c9717a8, new HEAD: 844792a6401bfb2d9c9a0f15e740248cd72bf6ba).
[INFO] Building services with detected source changes: c4_base c4_mainnet c4_sepolia
:: [ 1 of 3 ] c4_base
[INFO] Building c4_base...
Compose can now delegate builds to bake for better performance.
 To do so, set COMPOSE_BAKE=true.
#0 building with "default" instance using docker driver

#1 [c4_base internal] load build definition from Dockerfile
#1 transferring dockerfile: 2.57kB done
#1 DONE 0.0s

#2 [c4_base internal] load metadata for docker.io/library/debian:bookworm-slim
#2 DONE 0.9s

#3 [c4_base internal] load .dockerignore
#3 transferring context: 564B 0.0s done
#3 DONE 0.0s

#4 [c4_base builder  1/10] FROM docker.io/library/debian:bookworm-slim@sha256:936abff852736f951dab72d91a1b6337cf04217b2a77a5eaadc7c0f2f1ec1758
#4 DONE 0.0s

#5 [c4_base internal] load build context
#5 transferring context: 11.90MB 0.6s done
#5 DONE 0.7s

#6 [c4_base builder  4/10] WORKDIR /build
#6 CACHED

#7 [c4_base builder  5/10] COPY CMakeLists.txt ./
#7 CACHED

#8 [c4_base builder  2/10] RUN apt-get update && apt-get install -y --no-install-recommends     cmake     clang     git     build-essential     ca-certificates     libcurl4-openssl-dev     pkg-config     libssl-dev     wget     && update-ca-certificates     && rm -rf /var/lib/apt/lists/*
#8 CACHED

#9 [c4_base builder  3/10] RUN wget -O rustup-init.sh https://sh.rustup.rs     && chmod +x rustup-init.sh     && ./rustup-init.sh -y --default-toolchain stable     && rm rustup-init.sh
#9 CACHED

#10 [c4_base builder  6/10] COPY CMakePresets.json ./
#10 CACHED

#11 [c4_base builder  7/10] COPY src ./src
#11 DONE 0.2s

#12 [c4_base builder  8/10] COPY libs ./libs
#12 DONE 0.1s

#13 [c4_base builder  9/10] COPY bindings ./bindings
#13 DONE 0.2s

#14 [c4_base builder 10/10] RUN cmake -DHTTP_SERVER=ON -DCMAKE_BUILD_TYPE=Release -DCHAIN_OP=ON -DCHAIN_ETH=ON -DEVMONE=OFF -DPROVER_CACHE=true . && make colibri-server
#14 3.913 -- The C compiler identification is Clang 14.0.6
#14 4.557 -- The CXX compiler identification is Clang 14.0.6
#14 4.622 -- Detecting C compiler ABI info
#14 5.101 -- Detecting C compiler ABI info - done
#14 5.124 -- Check for working C compiler: /usr/bin/clang - skipped
#14 5.125 -- Detecting C compile features
#14 5.128 -- Detecting C compile features - done
#14 5.146 -- Detecting CXX compiler ABI info
#14 5.775 -- Detecting CXX compiler ABI info - done
#14 5.799 -- Check for working CXX compiler: /usr/bin/clang++ - skipped
#14 5.801 -- Detecting CXX compile features
#14 5.801 -- Detecting CXX compile features - done
#14 5.869 -- C4 Version: 0.1.0-dev
#14 9.591 -- Found CURL: /usr/lib/x86_64-linux-gnu/libcurl.so (found version "7.88.1")  
#14 11.94 -- x86_64 micro-architecture level: 2
#14 19.01 -- Patched execution_state.hpp to replace std::aligned_alloc
#14 19.02 -- Patched evmc.hpp to handle iOS compatibility
#14 19.02 -- Patched eof.cpp to handle iOS compatibility
#14 19.02 -- Patched instructions_calls.cpp to handle iOS compatibility
#14 19.02 -- Patched baseline_analysis.cpp for C++20 compatibility
#14 19.02 -- Patched instructions.hpp for consteval compatibility
#14 19.02 -- Patched baseline_execution.cpp for consteval compatibility
#14 19.02 -- Patched instructions_calls.cpp for consteval compatibility
#14 21.26 -- The ASM compiler identification is Clang with GNU-like command-line
#14 21.27 -- Found assembler: /usr/bin/clang
#14 21.28 -- ZSTD VERSION: 1.5.6
#14 21.30 -- Performing Test C_FLAG_WALL
#14 21.63 -- Performing Test C_FLAG_WALL - Success
#14 21.63 -- Performing Test CXX_FLAG_WALL
#14 22.06 -- Performing Test CXX_FLAG_WALL - Success
#14 22.06 -- Performing Test C_FLAG_WEXTRA
#14 22.44 -- Performing Test C_FLAG_WEXTRA - Success
#14 22.44 -- Performing Test CXX_FLAG_WEXTRA
#14 22.98 -- Performing Test CXX_FLAG_WEXTRA - Success
#14 22.99 -- Performing Test C_FLAG_WUNDEF
#14 23.31 -- Performing Test C_FLAG_WUNDEF - Success
#14 23.32 -- Performing Test CXX_FLAG_WUNDEF
#14 23.76 -- Performing Test CXX_FLAG_WUNDEF - Success
#14 23.77 -- Performing Test C_FLAG_WSHADOW
#14 24.08 -- Performing Test C_FLAG_WSHADOW - Success
#14 24.08 -- Performing Test CXX_FLAG_WSHADOW
#14 24.54 -- Performing Test CXX_FLAG_WSHADOW - Success
#14 24.54 -- Performing Test C_FLAG_WCAST_ALIGN
#14 24.92 -- Performing Test C_FLAG_WCAST_ALIGN - Success
#14 24.93 -- Performing Test CXX_FLAG_WCAST_ALIGN
#14 25.46 -- Performing Test CXX_FLAG_WCAST_ALIGN - Success
#14 25.46 -- Performing Test C_FLAG_WCAST_QUAL
#14 25.78 -- Performing Test C_FLAG_WCAST_QUAL - Success
#14 25.78 -- Performing Test CXX_FLAG_WCAST_QUAL
#14 26.23 -- Performing Test CXX_FLAG_WCAST_QUAL - Success
#14 26.23 -- Performing Test C_FLAG_WSTRICT_PROTOTYPES
#14 26.57 -- Performing Test C_FLAG_WSTRICT_PROTOTYPES - Success
#14 26.57 -- Performing Test LD_FLAG_Z_NOEXECSTACK
#14 26.90 -- Performing Test LD_FLAG_Z_NOEXECSTACK - Failed
#14 26.91 -- Performing Test C_FLAG_QUNUSED_ARGUMENTS
#14 27.28 -- Performing Test C_FLAG_QUNUSED_ARGUMENTS - Success
#14 27.28 -- Performing Test CXX_FLAG_QUNUSED_ARGUMENTS
#14 27.77 -- Performing Test CXX_FLAG_QUNUSED_ARGUMENTS - Success
#14 27.78 -- Performing Test C_FLAG_WA_NOEXECSTACK
#14 28.19 -- Performing Test C_FLAG_WA_NOEXECSTACK - Success
#14 28.19 -- Performing Test CXX_FLAG_WA_NOEXECSTACK
#14 28.65 -- Performing Test CXX_FLAG_WA_NOEXECSTACK - Success
#14 28.66 -- CMAKE_INSTALL_PREFIX: /usr/local
#14 28.66 -- CMAKE_INSTALL_LIBDIR: lib
#14 28.66 -- ZSTD_LEGACY_SUPPORT defined!
#14 28.66 -- ZSTD_MULTITHREAD_SUPPORT is enabled
#14 28.67 -- Performing Test CMAKE_HAVE_LIBC_PTHREAD
#14 29.06 -- Performing Test CMAKE_HAVE_LIBC_PTHREAD - Success
#14 29.06 -- Found Threads: TRUE  
#14 31.32 -- Performing Test UV_LINT_W4
#14 31.47 -- Performing Test UV_LINT_W4 - Failed
#14 31.47 -- Performing Test UV_LINT_NO_UNUSED_PARAMETER_MSVC
#14 31.63 -- Performing Test UV_LINT_NO_UNUSED_PARAMETER_MSVC - Failed
#14 31.63 -- Performing Test UV_LINT_NO_CONDITIONAL_CONSTANT_MSVC
#14 31.80 -- Performing Test UV_LINT_NO_CONDITIONAL_CONSTANT_MSVC - Failed
#14 31.80 -- Performing Test UV_LINT_NO_NONSTANDARD_MSVC
#14 31.97 -- Performing Test UV_LINT_NO_NONSTANDARD_MSVC - Failed
#14 31.97 -- Performing Test UV_LINT_NO_NONSTANDARD_EMPTY_TU_MSVC
#14 32.13 -- Performing Test UV_LINT_NO_NONSTANDARD_EMPTY_TU_MSVC - Failed
#14 32.13 -- Performing Test UV_LINT_NO_NONSTANDARD_FILE_SCOPE_MSVC
#14 32.31 -- Performing Test UV_LINT_NO_NONSTANDARD_FILE_SCOPE_MSVC - Failed
#14 32.32 -- Performing Test UV_LINT_NO_NONSTANDARD_NONSTATIC_DLIMPORT_MSVC
#14 32.48 -- Performing Test UV_LINT_NO_NONSTANDARD_NONSTATIC_DLIMPORT_MSVC - Failed
#14 32.49 -- Performing Test UV_LINT_NO_HIDES_LOCAL
#14 32.66 -- Performing Test UV_LINT_NO_HIDES_LOCAL - Failed
#14 32.66 -- Performing Test UV_LINT_NO_HIDES_PARAM
#14 32.81 -- Performing Test UV_LINT_NO_HIDES_PARAM - Failed
#14 32.81 -- Performing Test UV_LINT_NO_HIDES_GLOBAL
#14 32.96 -- Performing Test UV_LINT_NO_HIDES_GLOBAL - Failed
#14 32.96 -- Performing Test UV_LINT_NO_CONDITIONAL_ASSIGNMENT_MSVC
#14 33.17 -- Performing Test UV_LINT_NO_CONDITIONAL_ASSIGNMENT_MSVC - Failed
#14 33.18 -- Performing Test UV_LINT_NO_UNSAFE_MSVC
#14 33.44 -- Performing Test UV_LINT_NO_UNSAFE_MSVC - Failed
#14 33.44 -- Performing Test UV_LINT_WALL
#14 33.84 -- Performing Test UV_LINT_WALL - Success
#14 33.84 -- Performing Test UV_LINT_NO_UNUSED_PARAMETER
#14 34.20 -- Performing Test UV_LINT_NO_UNUSED_PARAMETER - Success
#14 34.20 -- Performing Test UV_LINT_STRICT_PROTOTYPES
#14 34.63 -- Performing Test UV_LINT_STRICT_PROTOTYPES - Success
#14 34.63 -- Performing Test UV_LINT_EXTRA
#14 34.95 -- Performing Test UV_LINT_EXTRA - Success
#14 34.96 -- Performing Test UV_LINT_UTF8_MSVC
#14 35.10 -- Performing Test UV_LINT_UTF8_MSVC - Failed
#14 35.11 -- Performing Test UV_F_STRICT_ALIASING
#14 35.45 -- Performing Test UV_F_STRICT_ALIASING - Success
#14 35.46 -- summary of build options:
#14 35.46     Install prefix:  /usr/local
#14 35.46     Target system:   Linux
#14 35.46     Compiler:
#14 35.46       C compiler:    /usr/bin/clang (Clang)
#14 35.46       CFLAGS:          -Wno-incompatible-pointer-types
#14 35.46 
#14 37.00 -- 
#14 37.00 -- 
#14 37.00 -- Project configure summary:
#14 37.00 -- 
#14 37.00 --   CMake build type .................: RELEASE
#14 37.00 --   Install prefix ...................: /usr/local
#14 37.00 --   Build shared library .............: OFF
#14 37.00 --   Build static library .............: ON
#14 37.00 -- 
#14 37.01 -- PRECOMPILE_ZERO_HASHES enabled (uses ~1 KB RAM for zero hash cache)
#14 37.09 -- Found Cargo: /root/.cargo/bin/cargo
#14 37.09 -- Building Kona-P2P bridge with static linking
#14 37.09 -- Skipping Kona integration test - test_integration.c not found
#14 37.09 -- ✅ Kona-P2P bridge will be linked to op_server_handler
#14 37.20 -- Configuring done
#14 37.70 -- Generating done
#14 37.76 -- Build files have been written to: /build
#14 37.97 [  0%] Embedding openapi.yaml into C header
#14 38.03 [  0%] Built target generate_openapi_yaml
#14 38.10 [  0%] Building C object libs/crypto/CMakeFiles/crypto.dir/ecdsa.c.o
#14 38.95 [  1%] Building C object libs/crypto/CMakeFiles/crypto.dir/bignum.c.o
#14 40.32 [  1%] Building C object libs/crypto/CMakeFiles/crypto.dir/rand.c.o
#14 40.52 [  1%] Building C object libs/crypto/CMakeFiles/crypto.dir/secp256k1.c.o
#14 40.75 [  2%] Building C object libs/crypto/CMakeFiles/crypto.dir/memzero.c.o
#14 40.92 [  2%] Building C object libs/crypto/CMakeFiles/crypto.dir/sha3.c.o
#14 41.32 [  2%] Building C object libs/crypto/CMakeFiles/crypto.dir/sha2.c.o
#14 42.02 [  4%] Building C object libs/crypto/CMakeFiles/crypto.dir/ripemd160.c.o
#14 42.69 [  4%] Building C object libs/crypto/CMakeFiles/crypto.dir/curves.c.o
#14 42.81 [  5%] Building C object libs/crypto/CMakeFiles/crypto.dir/rfc6979.c.o
#14 42.96 [  5%] Building C object libs/crypto/CMakeFiles/crypto.dir/hmac_drbg.c.o
#14 43.13 [  5%] Linking C static library libcrypto.a
#14 43.37 [  5%] Built target crypto
#14 43.46 [  5%] Building blst for native architecture
#14 43.84 + /usr/bin/clang -fPIC -ffunction-sections -fdata-sections -D__ADX__ -D__BLST_PORTABLE__ -c /build/_deps/blst-src/src/server.c
#14 44.57 + /usr/bin/clang -fPIC -ffunction-sections -fdata-sections -D__ADX__ -D__BLST_PORTABLE__ -c /build/_deps/blst-src/build/assembly.S
#14 44.87 + ar rc libblst.a assembly.o server.o
#14 44.99 [  5%] Built target blst_lib
#14 45.07 [  5%] Building C object libs/zstd/zstd_build/lib/CMakeFiles/libzstd_static.dir/__/__/__/lib/common/debug.c.o
#14 45.18 [  5%] Building C object libs/zstd/zstd_build/lib/CMakeFiles/libzstd_static.dir/__/__/__/lib/common/entropy_common.c.o
#14 45.66 [  6%] Building C object libs/zstd/zstd_build/lib/CMakeFiles/libzstd_static.dir/__/__/__/lib/common/error_private.c.o
#14 45.88 [  6%] Building C object libs/zstd/zstd_build/lib/CMakeFiles/libzstd_static.dir/__/__/__/lib/common/fse_decompress.c.o
#14 46.66 [  6%] Building C object libs/zstd/zstd_build/lib/CMakeFiles/libzstd_static.dir/__/__/__/lib/common/pool.c.o
#14 47.11 [  8%] Building C object libs/zstd/zstd_build/lib/CMakeFiles/libzstd_static.dir/__/__/__/lib/common/threading.c.o
#14 47.25 [  8%] Building C object libs/zstd/zstd_build/lib/CMakeFiles/libzstd_static.dir/__/__/__/lib/common/xxhash.c.o
#14 47.67 [  9%] Building C object libs/zstd/zstd_build/lib/CMakeFiles/libzstd_static.dir/__/__/__/lib/common/zstd_common.c.o
#14 47.94 [  9%] Building C object libs/zstd/zstd_build/lib/CMakeFiles/libzstd_static.dir/__/__/__/lib/compress/fse_compress.c.o
#14 48.63 [  9%] Building C object libs/zstd/zstd_build/lib/CMakeFiles/libzstd_static.dir/__/__/__/lib/compress/hist.c.o
#14 49.02 [ 10%] Building C object libs/zstd/zstd_build/lib/CMakeFiles/libzstd_static.dir/__/__/__/lib/compress/huf_compress.c.o
#14 51.11 [ 10%] Building C object libs/zstd/zstd_build/lib/CMakeFiles/libzstd_static.dir/__/__/__/lib/compress/zstd_compress.c.o
#14 56.21 [ 10%] Building C object libs/zstd/zstd_build/lib/CMakeFiles/libzstd_static.dir/__/__/__/lib/compress/zstd_compress_literals.c.o
#14 56.59 [ 12%] Building C object libs/zstd/zstd_build/lib/CMakeFiles/libzstd_static.dir/__/__/__/lib/compress/zstd_compress_sequences.c.o
#14 57.23 [ 12%] Building C object libs/zstd/zstd_build/lib/CMakeFiles/libzstd_static.dir/__/__/__/lib/compress/zstd_compress_superblock.c.o
#14 57.92 [ 12%] Building C object libs/zstd/zstd_build/lib/CMakeFiles/libzstd_static.dir/__/__/__/lib/compress/zstd_double_fast.c.o
#14 62.22 [ 13%] Building C object libs/zstd/zstd_build/lib/CMakeFiles/libzstd_static.dir/__/__/__/lib/compress/zstd_fast.c.o
#14 66.41 [ 13%] Building C object libs/zstd/zstd_build/lib/CMakeFiles/libzstd_static.dir/__/__/__/lib/compress/zstd_lazy.c.o
#14 80.23 [ 14%] Building C object libs/zstd/zstd_build/lib/CMakeFiles/libzstd_static.dir/__/__/__/lib/compress/zstd_ldm.c.o
#14 81.24 [ 14%] Building C object libs/zstd/zstd_build/lib/CMakeFiles/libzstd_static.dir/__/__/__/lib/compress/zstd_opt.c.o
#14 86.14 [ 14%] Building C object libs/zstd/zstd_build/lib/CMakeFiles/libzstd_static.dir/__/__/__/lib/compress/zstdmt_compress.c.o
#14 87.71 [ 16%] Building C object libs/zstd/zstd_build/lib/CMakeFiles/libzstd_static.dir/__/__/__/lib/decompress/huf_decompress.c.o
#14 92.12 [ 16%] Building C object libs/zstd/zstd_build/lib/CMakeFiles/libzstd_static.dir/__/__/__/lib/decompress/zstd_ddict.c.o
#14 92.50 [ 16%] Building C object libs/zstd/zstd_build/lib/CMakeFiles/libzstd_static.dir/__/__/__/lib/decompress/zstd_decompress.c.o
#14 94.34 [ 17%] Building C object libs/zstd/zstd_build/lib/CMakeFiles/libzstd_static.dir/__/__/__/lib/decompress/zstd_decompress_block.c.o
#14 99.89 [ 17%] Building ASM object libs/zstd/zstd_build/lib/CMakeFiles/libzstd_static.dir/__/__/__/lib/decompress/huf_decompress_amd64.S.o
#14 100.2 [ 18%] Building C object libs/zstd/zstd_build/lib/CMakeFiles/libzstd_static.dir/__/__/__/lib/dictBuilder/cover.c.o
#14 101.1 [ 18%] Building C object libs/zstd/zstd_build/lib/CMakeFiles/libzstd_static.dir/__/__/__/lib/dictBuilder/divsufsort.c.o
#14 103.8 [ 18%] Building C object libs/zstd/zstd_build/lib/CMakeFiles/libzstd_static.dir/__/__/__/lib/dictBuilder/fastcover.c.o
#14 104.4 [ 20%] Building C object libs/zstd/zstd_build/lib/CMakeFiles/libzstd_static.dir/__/__/__/lib/dictBuilder/zdict.c.o
#14 105.9 [ 20%] Building C object libs/zstd/zstd_build/lib/CMakeFiles/libzstd_static.dir/__/__/__/lib/legacy/zstd_v01.c.o
#14 108.9 [ 20%] Building C object libs/zstd/zstd_build/lib/CMakeFiles/libzstd_static.dir/__/__/__/lib/legacy/zstd_v02.c.o
#14 112.5 [ 21%] Building C object libs/zstd/zstd_build/lib/CMakeFiles/libzstd_static.dir/__/__/__/lib/legacy/zstd_v03.c.o
#14 115.4 [ 21%] Building C object libs/zstd/zstd_build/lib/CMakeFiles/libzstd_static.dir/__/__/__/lib/legacy/zstd_v04.c.o
#14 118.2 [ 21%] Building C object libs/zstd/zstd_build/lib/CMakeFiles/libzstd_static.dir/__/__/__/lib/legacy/zstd_v05.c.o
#14 120.7 [ 22%] Building C object libs/zstd/zstd_build/lib/CMakeFiles/libzstd_static.dir/__/__/__/lib/legacy/zstd_v06.c.o
#14 123.1 [ 22%] Building C object libs/zstd/zstd_build/lib/CMakeFiles/libzstd_static.dir/__/__/__/lib/legacy/zstd_v07.c.o
#14 125.8 [ 24%] Linking C static library libzstd.a
#14 126.1 [ 24%] Built target libzstd_static
#14 126.2 [ 24%] Building C object _deps/libuv-build/CMakeFiles/uv_a.dir/src/fs-poll.c.o
#14 126.7 [ 25%] Building C object _deps/libuv-build/CMakeFiles/uv_a.dir/src/idna.c.o
#14 127.2 [ 25%] Building C object _deps/libuv-build/CMakeFiles/uv_a.dir/src/inet.c.o
#14 127.7 [ 26%] Building C object _deps/libuv-build/CMakeFiles/uv_a.dir/src/random.c.o
#14 128.0 [ 26%] Building C object _deps/libuv-build/CMakeFiles/uv_a.dir/src/strscpy.c.o
#14 128.2 [ 26%] Building C object _deps/libuv-build/CMakeFiles/uv_a.dir/src/strtok.c.o
#14 128.4 [ 28%] Building C object _deps/libuv-build/CMakeFiles/uv_a.dir/src/thread-common.c.o
#14 128.7 [ 28%] Building C object _deps/libuv-build/CMakeFiles/uv_a.dir/src/threadpool.c.o
#14 129.1 [ 28%] Building C object _deps/libuv-build/CMakeFiles/uv_a.dir/src/timer.c.o
#14 129.6 [ 29%] Building C object _deps/libuv-build/CMakeFiles/uv_a.dir/src/uv-common.c.o
#14 130.4 [ 29%] Building C object _deps/libuv-build/CMakeFiles/uv_a.dir/src/uv-data-getter-setters.c.o
#14 130.7 [ 30%] Building C object _deps/libuv-build/CMakeFiles/uv_a.dir/src/version.c.o
#14 130.9 [ 30%] Building C object _deps/libuv-build/CMakeFiles/uv_a.dir/src/unix/async.c.o
#14 131.4 [ 30%] Building C object _deps/libuv-build/CMakeFiles/uv_a.dir/src/unix/core.c.o
#14 132.5 [ 32%] Building C object _deps/libuv-build/CMakeFiles/uv_a.dir/src/unix/dl.c.o
#14 132.7 [ 32%] Building C object _deps/libuv-build/CMakeFiles/uv_a.dir/src/unix/fs.c.o
#14 134.1 [ 32%] Building C object _deps/libuv-build/CMakeFiles/uv_a.dir/src/unix/getaddrinfo.c.o
#14 134.5 [ 33%] Building C object _deps/libuv-build/CMakeFiles/uv_a.dir/src/unix/getnameinfo.c.o
#14 134.8 [ 33%] Building C object _deps/libuv-build/CMakeFiles/uv_a.dir/src/unix/loop-watcher.c.o
#14 135.2 [ 33%] Building C object _deps/libuv-build/CMakeFiles/uv_a.dir/src/unix/loop.c.o
#14 135.7 [ 34%] Building C object _deps/libuv-build/CMakeFiles/uv_a.dir/src/unix/pipe.c.o
#14 136.1 [ 34%] Building C object _deps/libuv-build/CMakeFiles/uv_a.dir/src/unix/poll.c.o
#14 136.5 [ 36%] Building C object _deps/libuv-build/CMakeFiles/uv_a.dir/src/unix/process.c.o
#14 137.0 [ 36%] Building C object _deps/libuv-build/CMakeFiles/uv_a.dir/src/unix/random-devurandom.c.o
#14 137.4 [ 36%] Building C object _deps/libuv-build/CMakeFiles/uv_a.dir/src/unix/signal.c.o
#14 138.2 [ 37%] Building C object _deps/libuv-build/CMakeFiles/uv_a.dir/src/unix/stream.c.o
#14 139.0 [ 37%] Building C object _deps/libuv-build/CMakeFiles/uv_a.dir/src/unix/tcp.c.o
#14 139.4 [ 37%] Building C object _deps/libuv-build/CMakeFiles/uv_a.dir/src/unix/thread.c.o
#14 140.0 [ 38%] Building C object _deps/libuv-build/CMakeFiles/uv_a.dir/src/unix/tty.c.o
#14 140.4 [ 38%] Building C object _deps/libuv-build/CMakeFiles/uv_a.dir/src/unix/udp.c.o
#14 141.1 [ 40%] Building C object _deps/libuv-build/CMakeFiles/uv_a.dir/src/unix/proctitle.c.o
#14 141.4 [ 40%] Building C object _deps/libuv-build/CMakeFiles/uv_a.dir/src/unix/linux.c.o
#14 142.8 [ 40%] Building C object _deps/libuv-build/CMakeFiles/uv_a.dir/src/unix/procfs-exepath.c.o
#14 143.1 [ 41%] Building C object _deps/libuv-build/CMakeFiles/uv_a.dir/src/unix/random-getrandom.c.o
#14 143.4 [ 41%] Building C object _deps/libuv-build/CMakeFiles/uv_a.dir/src/unix/random-sysctl-linux.c.o
#14 143.7 [ 41%] Linking C static library libuv.a
#14 144.0 [ 41%] Built target uv_a
#14 144.1 [ 41%] Building C object _deps/llhttp-build/CMakeFiles/llhttp_static.dir/src/llhttp.c.o
#14 147.7 [ 41%] Building C object _deps/llhttp-build/CMakeFiles/llhttp_static.dir/src/http.c.o
#14 147.9 [ 42%] Building C object _deps/llhttp-build/CMakeFiles/llhttp_static.dir/src/api.c.o
#14 148.2 [ 42%] Linking C static library libllhttp.a
#14 148.5 [ 42%] Built target llhttp_static
#14 148.6 [ 42%] Building C object src/util/CMakeFiles/util.dir/bytes.c.o
#14 150.6 [ 42%] Building C object src/util/CMakeFiles/util.dir/ssz.c.o
#14 151.2 [ 44%] Building C object src/util/CMakeFiles/util.dir/ssz_merkle.c.o
#14 151.8 [ 44%] Building C object src/util/CMakeFiles/util.dir/ssz_builder.c.o
#14 152.2 [ 45%] Building C object src/util/CMakeFiles/util.dir/crypto.c.o
#14 152.5 [ 45%] Building C object src/util/CMakeFiles/util.dir/plugin.c.o
#14 152.7 [ 45%] Building C object src/util/CMakeFiles/util.dir/json.c.o
#14 153.1 [ 46%] Building C object src/util/CMakeFiles/util.dir/json_validate.c.o
#14 153.5 [ 46%] Building C object src/util/CMakeFiles/util.dir/logger.c.o
#14 153.6 [ 46%] Building C object src/util/CMakeFiles/util.dir/chains.c.o
#14 153.8 [ 48%] Building C object src/util/CMakeFiles/util.dir/state.c.o
#14 154.0 [ 48%] Building C object src/util/CMakeFiles/util.dir/version.c.o
#14 154.1 [ 48%] Building C object src/util/CMakeFiles/util.dir/witness.c.o
#14 154.3 [ 49%] Linking C static library libutil.a
#14 154.6 [ 49%] Built target util
#14 154.6 [ 50%] Building C object src/chains/eth/CMakeFiles/eth_verifier.dir/verifier/sync_committee.c.o
#14 154.9 [ 50%] Building C object src/chains/eth/CMakeFiles/eth_verifier.dir/verifier/sync_committee_state.c.o
#14 155.5 [ 50%] Building C object src/chains/eth/CMakeFiles/eth_verifier.dir/verifier/beacon_header.c.o
#14 155.7 [ 52%] Building C object src/chains/eth/CMakeFiles/eth_verifier.dir/verifier/eth_tx.c.o
#14 156.4 [ 52%] Building C object src/chains/eth/CMakeFiles/eth_verifier.dir/verifier/eth_account.c.o
#14 156.8 [ 52%] Building C object src/chains/eth/CMakeFiles/eth_verifier.dir/verifier/eth_verify.c.o
#14 157.0 [ 53%] Building C object src/chains/eth/CMakeFiles/eth_verifier.dir/verifier/patricia_trie.c.o
#14 157.5 [ 53%] Building C object src/chains/eth/CMakeFiles/eth_verifier.dir/verifier/patricia.c.o
#14 157.8 [ 54%] Building C object src/chains/eth/CMakeFiles/eth_verifier.dir/verifier/rlp.c.o
#14 158.1 [ 54%] Building C object src/chains/eth/CMakeFiles/eth_verifier.dir/ssz/verify_types.c.o
#14 158.4 [ 54%] Building C object src/chains/eth/CMakeFiles/eth_verifier.dir/ssz/beacon_types.c.o
#14 158.6 [ 56%] Building C object src/chains/eth/CMakeFiles/eth_verifier.dir/ssz/beacon_denep.c.o
#14 158.8 [ 56%] Building C object src/chains/eth/CMakeFiles/eth_verifier.dir/ssz/beacon_electra.c.o
#14 159.0 [ 56%] Building C object src/chains/eth/CMakeFiles/eth_verifier.dir/verifier/verify_account_proof.c.o
#14 159.2 [ 57%] Building C object src/chains/eth/CMakeFiles/eth_verifier.dir/verifier/verify_tx_proof.c.o
#14 159.5 [ 57%] Building C object src/chains/eth/CMakeFiles/eth_verifier.dir/verifier/verify_block.c.o
#14 159.8 [ 57%] Building C object src/chains/eth/CMakeFiles/eth_verifier.dir/verifier/verify_receipt_proof.c.o
#14 160.0 [ 58%] Building C object src/chains/eth/CMakeFiles/eth_verifier.dir/verifier/verify_logs_proof.c.o
#14 160.3 [ 58%] Building C object src/chains/eth/CMakeFiles/eth_verifier.dir/verifier/verify_call.c.o
#14 160.6 [ 60%] Building C object src/chains/eth/CMakeFiles/eth_verifier.dir/verifier/verify_simulate.c.o
#14 160.9 [ 60%] Building C object src/chains/eth/CMakeFiles/eth_verifier.dir/verifier/verify_local.c.o
#14 161.1 [ 60%] Linking C static library libeth_verifier.a
#14 161.4 [ 60%] Built target eth_verifier
#14 161.4 [ 61%] Building C object src/chains/op/CMakeFiles/op_verifier.dir/verifier/op_verify.c.o
#14 161.7 [ 61%] Building C object src/chains/op/CMakeFiles/op_verifier.dir/verifier/op_zstd.c.o
#14 161.9 [ 62%] Building C object src/chains/op/CMakeFiles/op_verifier.dir/verifier/op_chains_conf.c.o
#14 162.1 [ 62%] Building C object src/chains/op/CMakeFiles/op_verifier.dir/ssz/op_types.c.o
#14 162.3 [ 62%] Building C object src/chains/op/CMakeFiles/op_verifier.dir/verifier/op_verify_account.c.o
#14 162.5 [ 64%] Building C object src/chains/op/CMakeFiles/op_verifier.dir/verifier/op_verify_tx.c.o
#14 162.7 [ 64%] Building C object src/chains/op/CMakeFiles/op_verifier.dir/verifier/op_verify_block.c.o
#14 163.0 [ 64%] Building C object src/chains/op/CMakeFiles/op_verifier.dir/verifier/op_verify_receipt.c.o
#14 163.2 [ 65%] Building C object src/chains/op/CMakeFiles/op_verifier.dir/verifier/op_verify_logs.c.o
#14 163.5 [ 65%] Building C object src/chains/op/CMakeFiles/op_verifier.dir/verifier/op_verify_call.c.o
#14 163.7 [ 66%] Building C object src/chains/op/CMakeFiles/op_verifier.dir/verifier/op_verify_simulate.c.o
#14 163.9 [ 66%] Linking C static library libop_verifier.a
#14 164.1 [ 66%] Built target op_verifier
#14 164.2 [ 66%] Building C object src/verifier/CMakeFiles/verifier.dir/verify.c.o
#14 164.4 [ 68%] Linking C static library libverifier.a
#14 164.7 [ 68%] Built target verifier
#14 164.8 [ 69%] Building C object src/chains/eth/CMakeFiles/eth_prover.dir/prover/eth_prover.c.o
#14 165.0 [ 69%] Building C object src/chains/eth/CMakeFiles/eth_prover.dir/prover/proof_account.c.o
#14 165.2 [ 69%] Building C object src/chains/eth/CMakeFiles/eth_prover.dir/prover/proof_transaction.c.o
#14 165.4 [ 70%] Building C object src/chains/eth/CMakeFiles/eth_prover.dir/prover/tx_cache.c.o
#14 165.7 [ 70%] Building C object src/chains/eth/CMakeFiles/eth_prover.dir/prover/proof_logs.c.o
#14 166.0 [ 72%] Building C object src/chains/eth/CMakeFiles/eth_prover.dir/prover/proof_call.c.o
#14 166.4 [ 72%] Building C object src/chains/eth/CMakeFiles/eth_prover.dir/prover/beacon.c.o
#14 166.9 [ 72%] Building C object src/chains/eth/CMakeFiles/eth_prover.dir/prover/proof_receipt.c.o
#14 167.1 [ 73%] Building C object src/chains/eth/CMakeFiles/eth_prover.dir/prover/eth_req.c.o
#14 167.4 [ 73%] Building C object src/chains/eth/CMakeFiles/eth_prover.dir/prover/eth_tools.c.o
#14 167.6 [ 73%] Building C object src/chains/eth/CMakeFiles/eth_prover.dir/prover/proof_sync.c.o
#14 167.9 [ 74%] Building C object src/chains/eth/CMakeFiles/eth_prover.dir/prover/proof_block.c.o
#14 168.0 [ 74%] Building C object src/chains/eth/CMakeFiles/eth_prover.dir/prover/proof_witness.c.o
#14 168.3 [ 76%] Building C object src/chains/eth/CMakeFiles/eth_prover.dir/prover/historic_proof.c.o
#14 168.8 [ 76%] Linking C static library libeth_prover.a
#14 169.0 [ 76%] Built target eth_prover
#14 169.0 [ 77%] Building C object src/chains/op/CMakeFiles/op_prover.dir/prover/op_tools.c.o
#14 169.2 [ 77%] Building C object src/chains/op/CMakeFiles/op_prover.dir/prover/op_prover.c.o
#14 169.4 [ 78%] Building C object src/chains/op/CMakeFiles/op_prover.dir/prover/op_proof_block.c.o
#14 169.6 [ 78%] Building C object src/chains/op/CMakeFiles/op_prover.dir/prover/op_proof_transaction.c.o
#14 169.8 [ 78%] Building C object src/chains/op/CMakeFiles/op_prover.dir/prover/op_proof_receipt.c.o
#14 170.1 [ 80%] Building C object src/chains/op/CMakeFiles/op_prover.dir/prover/op_proof_logs.c.o
#14 170.4 [ 80%] Building C object src/chains/op/CMakeFiles/op_prover.dir/prover/op_proof_call.c.o
#14 170.5 [ 80%] Building C object src/chains/op/CMakeFiles/op_prover.dir/prover/op_proof_account.c.o
#14 170.8 [ 81%] Linking C static library libop_prover.a
#14 171.0 [ 81%] Built target op_prover
#14 171.1 [ 81%] Building C object src/prover/CMakeFiles/prover.dir/prover.c.o
#14 171.5 [ 82%] Linking C static library libprover.a
#14 171.8 [ 82%] Built target prover
#14 171.9 [ 82%] Building C object src/chains/eth/CMakeFiles/eth_server_handler.dir/server/handler.c.o
#14 172.2 [ 84%] Building C object src/chains/eth/CMakeFiles/eth_server_handler.dir/server/head_watcher.c.o
#14 172.7 [ 84%] Building C object src/chains/eth/CMakeFiles/eth_server_handler.dir/server/head_update.c.o
#14 173.0 [ 84%] Building C object src/chains/eth/CMakeFiles/eth_server_handler.dir/server/chain_props.c.o
#14 173.1 [ 85%] Building C object src/chains/eth/CMakeFiles/eth_server_handler.dir/server/handle_lcu.c.o
#14 173.5 [ 85%] Building C object src/chains/eth/CMakeFiles/eth_server_handler.dir/server/handle_headers.c.o
#14 173.8 [ 85%] Building C object src/chains/eth/CMakeFiles/eth_server_handler.dir/server/client_detection.c.o
#14 174.1 [ 86%] Building C object src/chains/eth/CMakeFiles/eth_server_handler.dir/server/client_mappings.c.o
#14 174.4 [ 86%] Linking C static library libeth_server_handler.a
#14 174.6 [ 86%] Built target eth_server_handler
#14 174.7 [ 86%] Building C object src/chains/op/kona_bridge/CMakeFiles/op_chains_conf_obj.dir/__/verifier/op_chains_conf.c.o
#14 174.9 [ 86%] Built target op_chains_conf_obj
#14 174.9 [ 88%] Building Kona-P2P Rust static library
#14 176.2     Updating crates.io index
#14 176.2     Updating git repository `https://github.com/op-rs/kona`
#14 181.8 From https://github.com/op-rs/kona
#14 181.8  * [new ref]           b079a57fcfbb444d051e859f1e80f445daf5a2c7 -> refs/commit/b079a57fcfbb444d051e859f1e80f445daf5a2c7
#14 182.7     Updating git submodule `https://github.com/ethereum-optimism/superchain-registry.git`
#14 184.4 From https://github.com/ethereum-optimism/superchain-registry
#14 184.4  * [new ref]         a9b57281842bf5742cf9e69114c6b81c622ca186 -> refs/commit/a9b57281842bf5742cf9e69114c6b81c622ca186
#14 189.4  Downloading crates ...
#14 189.6   Downloaded byte-slice-cast v1.2.3
#14 189.6   Downloaded core2 v0.4.0
#14 189.7   Downloaded group v0.13.0
#14 189.7   Downloaded hyper-tls v0.6.0
#14 189.7   Downloaded hickory-resolver v0.25.0-alpha.5
#14 189.8   Downloaded futures-core v0.3.31
#14 189.8   Downloaded cfg_aliases v0.2.1
#14 189.8   Downloaded ident_case v1.0.1
#14 189.8   Downloaded jobserver v0.1.34
#14 189.9   Downloaded libp2p-noise v0.46.0
#14 189.9   Downloaded num_enum_derive v0.7.3
#14 190.0   Downloaded prometheus-client-derive-encode v0.4.2
#14 190.0   Downloaded rustls-pemfile v2.2.0
#14 190.0   Downloaded quick-error v1.2.3
#14 190.0   Downloaded snap v1.1.1
#14 190.1   Downloaded spin v0.9.8
#14 190.1   Downloaded tower-service v0.3.3
#14 190.1   Downloaded unsigned-varint v0.7.2
#14 190.1   Downloaded write16 v1.0.0
#14 190.2   Downloaded zerofrom v0.1.6
#14 190.2   Downloaded utf8_iter v1.0.4
#14 190.2   Downloaded zeroize_derive v1.4.2
#14 190.2   Downloaded zeroize v1.8.1
#14 190.2   Downloaded xml-rs v0.8.26
#14 190.2   Downloaded web-time v1.1.0
#14 190.2   Downloaded ruint v1.14.0
#14 190.3   Downloaded tracing v0.1.41
#14 190.3   Downloaded x25519-dalek v2.0.1
#14 190.3   Downloaded x509-parser v0.16.0
#14 190.4   Downloaded tokio-util v0.7.14
#14 190.4   Downloaded serde_spanned v0.6.8
#14 190.4   Downloaded zerocopy v0.7.35
#14 190.5   Downloaded yoke-derive v0.7.5
#14 190.6   Downloaded thiserror v2.0.12
#14 190.6   Downloaded zerovec-derive v0.10.3
#14 190.6   Downloaded zerocopy v0.8.24
#14 190.8   Downloaded zstd-safe v7.2.4
#14 190.8   Downloaded ryu v1.0.20
#14 190.8   Downloaded ucd-trie v0.1.7
#14 190.8   Downloaded uuid v1.16.0
#14 190.8   Downloaded sha3-asm v0.1.4
#14 190.9   Downloaded rcgen v0.13.2
#14 190.9   Downloaded serde_derive v1.0.219
#14 190.9   Downloaded secp256k1 v0.30.0
#14 191.0   Downloaded rustix v1.0.5
#14 191.1   Downloaded typenum v1.18.0
#14 191.1   Downloaded secp256k1 v0.31.0
#14 191.2   Downloaded c-kzg v2.1.0
#14 191.3   Downloaded h2 v0.4.9
#14 191.4   Downloaded zerovec v0.10.4
#14 191.4   Downloaded time v0.3.41
#14 191.5   Downloaded serde_with v3.12.0
#14 191.5   Downloaded snow v0.9.6
#14 191.6   Downloaded icu_locid_transform_data v1.5.1
#14 191.6   Downloaded serde_json v1.0.140
#14 191.6   Downloaded vcpkg v0.2.15
#14 192.0   Downloaded openssl v0.10.72
#14 192.0   Downloaded tracing-subscriber v0.3.20
#14 192.1   Downloaded curve25519-dalek v4.1.3
#14 192.1   Downloaded regex v1.11.1
#14 192.2   Downloaded rustls-webpki v0.103.1
#14 192.4   Downloaded tokio v1.44.2
#14 192.6   Downloaded hyper v1.6.0
#14 192.6   Downloaded h2 v0.3.27
#14 192.7   Downloaded futures-util v0.3.31
#14 192.7   Downloaded sha3 v0.10.8
#14 192.8   Downloaded discv5 v0.9.1
#14 192.8   Downloaded chrono v0.4.40
#14 192.8   Downloaded serde v1.0.219
#14 192.9   Downloaded rand v0.9.1
#14 192.9   Downloaded rand v0.8.5
#14 192.9   Downloaded parity-scale-codec v3.7.4
#14 192.9   Downloaded openssl-sys v0.9.107
#14 193.0   Downloaded libp2p-upnp v0.4.0
#14 193.0   Downloaded regex-syntax v0.8.5
#14 193.0   Downloaded zstd v0.13.3
#14 193.0   Downloaded yasna v0.5.2
#14 193.0   Downloaded regex-automata v0.4.9
#14 193.1   Downloaded yamux v0.13.4
#14 193.1   Downloaded valuable v0.1.1
#14 193.1   Downloaded uint v0.10.0
#14 193.2   Downloaded syn v2.0.100
#14 193.2   Downloaded rustls v0.23.26
#14 193.3   Downloaded libc v0.2.172
#14 193.4   Downloaded op-alloy-consensus v0.15.5
#14 193.4   Downloaded tempfile v3.19.1
#14 193.4   Downloaded zstd-sys v2.0.16+zstd.1.5.7
#14 193.5   Downloaded tagptr v0.2.0
#14 193.5   Downloaded serde_with_macros v3.12.0
#14 193.5   Downloaded serde_path_to_error v0.1.17
#14 193.5   Downloaded semver-parser v0.10.3
#14 193.6   Downloaded semver v1.0.26
#14 193.6   Downloaded hyper-util v0.1.11
#14 193.6   Downloaded ed25519-dalek v2.1.1
#14 193.6   Downloaded yoke v0.7.5
#14 193.6   Downloaded yamux v0.12.1
#14 193.6   Downloaded ring v0.17.14
#14 193.9   Downloaded version_check v0.9.5
#14 193.9   Downloaded uint v0.9.5
#14 193.9   Downloaded sec1 v0.7.3
#14 193.9   Downloaded rand_core v0.9.3
#14 193.9   Downloaded parking_lot_core v0.9.10
#14 193.9   Downloaded parking_lot v0.12.3
#14 193.9   Downloaded winnow v0.7.6
#14 194.0   Downloaded const_format v0.2.34
#14 194.0   Downloaded threadpool v1.8.1
#14 194.0   Downloaded thread_local v1.1.8
#14 194.0   Downloaded thiserror-impl v2.0.12
#14 194.0   Downloaded thiserror v1.0.69
#14 194.1   Downloaded tap v1.0.1
#14 194.1   Downloaded synstructure v0.13.1
#14 194.1   Downloaded syn v1.0.109
#14 194.2   Downloaded linux-raw-sys v0.9.4
#14 194.4   Downloaded semver v0.11.0
#14 194.4   Downloaded encoding_rs v0.8.35
#14 194.5   Downloaded reqwest v0.12.15
#14 194.5   Downloaded thiserror-impl v1.0.69
#14 194.5   Downloaded rustls-webpki v0.101.7
#14 194.6   Downloaded rand_core v0.6.4
#14 194.6   Downloaded der-parser v9.0.0
#14 194.6   Downloaded url v2.5.4
#14 194.7   Downloaded tower v0.5.2
#14 194.7   Downloaded serdect v0.2.0
#14 194.7   Downloaded reqwest v0.11.27
#14 194.7   Downloaded quote v1.0.40
#14 194.8   Downloaded nix v0.26.4
#14 194.8   Downloaded crossbeam-channel v0.5.15
#14 194.8   Downloaded toml_edit v0.22.24
#14 195.0   Downloaded serde_urlencoded v0.7.1
#14 195.0   Downloaded serde_repr v0.1.20
#14 195.0   Downloaded scopeguard v1.2.0
#14 195.0   Downloaded portable-atomic v1.11.0
#14 195.0   Downloaded hmac v0.12.1
#14 195.1   Downloaded derive_more-impl v2.0.1
#14 195.1   Downloaded op-alloy-rpc-types-engine v0.15.5
#14 195.1   Downloaded darling_core v0.20.11
#14 195.1   Downloaded syn-solidity v1.1.0
#14 195.2   Downloaded quinn-proto v0.11.10
#14 195.2   Downloaded tracing-core v0.1.33
#14 195.2   Downloaded once_cell v1.21.3
#14 195.2   Downloaded matchit v0.8.4
#14 195.2   Downloaded try-lock v0.2.5
#14 195.2   Downloaded tinyvec v1.9.0
#14 195.3   Downloaded socket2 v0.5.9
#14 195.3   Downloaded rand_xorshift v0.3.0
#14 195.3   Downloaded zerofrom-derive v0.1.6
#14 195.3   Downloaded wyz v0.5.1
#14 195.3   Downloaded utf8parse v0.2.2
#14 195.3   Downloaded unsigned-varint v0.8.0
#14 195.3   Downloaded unicode-ident v1.0.18
#14 195.3   Downloaded unarray v0.1.4
#14 195.3   Downloaded secp256k1-sys v0.11.0
#14 195.5   Downloaded tracing-attributes v0.1.28
#14 195.5   Downloaded tokio-stream v0.1.17
#14 195.5   Downloaded tokio-native-tls v0.3.1
#14 195.5   Downloaded tokio-macros v2.5.0
#14 195.5   Downloaded time-macros v0.2.22
#14 195.6   Downloaded sync_wrapper v1.0.2
#14 195.6   Downloaded sync_wrapper v0.1.2
#14 195.6   Downloaded untrusted v0.9.0
#14 195.6   Downloaded universal-hash v0.5.1
#14 195.6   Downloaded unicode-xid v0.2.6
#14 195.6   Downloaded tracing-log v0.2.0
#14 195.6   Downloaded toml v0.8.20
#14 195.6   Downloaded smallvec v1.15.0
#14 195.6   Downloaded rand_chacha v0.9.0
#14 195.6   Downloaded rand_chacha v0.3.1
#14 195.6   Downloaded clap_builder v4.5.37
#14 195.7   Downloaded xmltree v0.10.3
#14 195.7   Downloaded writeable v0.5.5
#14 195.7   Downloaded wait-timeout v0.2.1
#14 195.7   Downloaded utf16_iter v1.0.5
#14 195.7   Downloaded toml_datetime v0.6.8
#14 195.7   Downloaded tiny-keccak v2.0.2
#14 195.7   Downloaded signal-hook-registry v1.4.5
#14 195.7   Downloaded shlex v1.3.0
#14 195.7   Downloaded radium v0.7.0
#14 195.8   Downloaded want v0.3.1
#14 195.8   Downloaded tracing-futures v0.2.5
#14 195.8   Downloaded strum_macros v0.27.1
#14 195.8   Downloaded der v0.7.9
#14 195.8   Downloaded tower-layer v0.3.3
#14 195.8   Downloaded tinyvec_macros v0.1.1
#14 195.8   Downloaded subtle v2.6.1
#14 195.8   Downloaded strum v0.27.1
#14 195.8   Downloaded secp256k1-sys v0.10.1
#14 196.0   Downloaded strsim v0.11.1
#14 196.0   Downloaded static_assertions v1.1.0
#14 196.0   Downloaded stable_deref_trait v1.2.0
#14 196.1   Downloaded spki v0.7.3
#14 196.1   Downloaded slab v0.4.9
#14 196.1   Downloaded sha2 v0.9.9
#14 196.1   Downloaded rw-stream-sink v0.4.0
#14 196.1   Downloaded rusty-fork v0.3.0
#14 196.1   Downloaded rustls-pki-types v1.11.0
#14 196.1   Downloaded quick-protobuf v0.8.1
#14 196.2   Downloaded pest v2.8.0
#14 196.2   Downloaded derive_more v2.0.1
#14 196.3   Downloaded tinystr v0.7.6
#14 196.3   Downloaded time-core v0.1.4
#14 196.3   Downloaded rustversion v1.0.20
#14 196.3   Downloaded rustls-pemfile v1.0.4
#14 196.3   Downloaded rusticata-macros v4.1.0
#14 196.3   Downloaded rustc_version v0.4.1
#14 196.4   Downloaded rustc_version v0.3.3
#14 196.4   Downloaded rustc-hex v2.1.0
#14 196.4   Downloaded rustc-hash v2.1.1
#14 196.4   Downloaded rfc6979 v0.4.0
#14 196.4   Downloaded resolv-conf v0.7.1
#14 196.4   Downloaded quinn v0.11.7
#14 196.4   Downloaded percent-encoding v2.3.1
#14 196.4   Downloaded pem v3.0.5
#14 196.5   Downloaded paste v1.0.15
#14 196.5   Downloaded libp2p-tcp v0.43.0
#14 196.5   Downloaded sharded-slab v0.1.7
#14 196.5   Downloaded ruint-macro v1.2.1
#14 196.5   Downloaded rtnetlink v0.13.1
#14 196.6   Downloaded proptest v1.6.0
#14 196.7   Downloaded parking v2.2.1
#14 196.7   Downloaded nom v7.1.3
#14 196.8   Downloaded libp2p-tls v0.6.1
#14 196.8   Downloaded igd-next v0.15.1
#14 196.8   Downloaded ethereum_ssz v0.9.0
#14 196.8   Downloaded derivative v2.2.0
#14 196.9   Downloaded signature v2.2.0
#14 196.9   Downloaded sha2 v0.10.8
#14 196.9   Downloaded quinn-udp v0.5.11
#14 196.9   Downloaded quick-protobuf-codec v0.3.1
#14 196.9   Downloaded prometheus-client v0.22.3
#14 196.9   Downloaded proc-macro-error2 v2.0.1
#14 197.0   Downloaded primitive-types v0.12.2
#14 197.0   Downloaded ppv-lite86 v0.2.21
#14 197.0   Downloaded poly1305 v0.8.0
#14 197.0   Downloaded pin-project v1.1.10
#14 197.1   Downloaded parity-scale-codec-derive v3.7.4
#14 197.1   Downloaded openssl-probe v0.1.6
#14 197.3   Downloaded impl-trait-for-tuples v0.2.3
#14 197.3   Downloaded futures v0.3.31
#14 197.3   Downloaded crossbeam-epoch v0.9.18
#14 197.3   Downloaded proc-macro-error-attr2 v2.0.0
#14 197.3   Downloaded powerfmt v0.2.0
#14 197.4   Downloaded pkg-config v0.3.32
#14 197.4   Downloaded pkcs8 v0.10.2
#14 197.4   Downloaded pin-utils v0.1.0
#14 197.4   Downloaded pin-project-lite v0.2.16
#14 197.4   Downloaded pin-project-internal v1.1.10
#14 197.4   Downloaded netlink-packet-route v0.17.1
#14 197.5   Downloaded mio v1.0.3
#14 197.6   Downloaded minimal-lexical v0.2.1
#14 197.6   Downloaded macro-string v0.1.4
#14 197.6   Downloaded lazy_static v1.5.0
#14 197.6   Downloaded enr v0.13.0
#14 197.6   Downloaded const-hex v1.14.0
#14 197.6   Downloaded rlp v0.5.2
#14 197.6   Downloaded proc-macro2 v1.0.95
#14 197.6   Downloaded option-ext v0.2.0
#14 197.6   Downloaded openssl-macros v0.1.1
#14 197.6   Downloaded opaque-debug v0.3.1
#14 197.6   Downloaded oid-registry v0.7.1
#14 197.6   Downloaded nybbles v0.3.4
#14 197.7   Downloaded num_enum v0.7.3
#14 197.7   Downloaded num_cpus v1.16.0
#14 197.7   Downloaded num-integer v0.1.46
#14 197.7   Downloaded num-conv v0.1.0
#14 197.7   Downloaded nu-ansi-term v0.50.3
#14 197.8   Downloaded nohash-hasher v0.2.0
#14 197.8   Downloaded netlink-sys v0.8.7
#14 197.8   Downloaded netlink-packet-utils v0.5.2
#14 197.8   Downloaded netlink-packet-core v0.7.0
#14 197.8   Downloaded native-tls v0.2.14
#14 197.8   Downloaded multistream-select v0.13.0
#14 197.8   Downloaded multihash v0.19.3
#14 197.8   Downloaded multibase v0.9.1
#14 197.8   Downloaded multiaddr v0.18.2
#14 197.9   Downloaded more-asserts v0.3.1
#14 197.9   Downloaded moka v0.12.10
#14 197.9   Downloaded md5 v0.7.0
#14 197.9   Downloaded if-watch v3.2.1
#14 197.9   Downloaded hickory-proto v0.25.0-alpha.5
#14 198.0   Downloaded deranged v0.4.0
#14 198.1   Downloaded proc-macro-crate v3.3.0
#14 198.1   Downloaded polyval v0.6.2
#14 198.1   Downloaded num-traits v0.2.19
#14 198.1   Downloaded num-bigint v0.4.6
#14 198.1   Downloaded netlink-proto v0.11.5
#14 198.1   Downloaded mime v0.3.17
#14 198.1   Downloaded memchr v2.7.4
#14 198.2   Downloaded lru v0.12.5
#14 198.2   Downloaded log v0.4.27
#14 198.2   Downloaded lock_api v0.4.12
#14 198.2   Downloaded libsecp256k1-gen-ecmult v0.3.0
#14 198.2   Downloaded libsecp256k1-core v0.3.0
#14 198.2   Downloaded libsecp256k1 v0.7.2
#14 198.2   Downloaded libp2p-yamux v0.47.0
#14 198.2   Downloaded libp2p-swarm v0.46.0
#14 198.2   Downloaded libp2p-gossipsub v0.48.0
#14 198.3   Downloaded libm v0.2.11
#14 198.3   Downloaded idna_adapter v1.2.0
#14 198.3   Downloaded icu_properties_data v1.5.1
#14 198.4   Downloaded hyper-tls v0.5.0
#14 198.4   Downloaded hyper v0.14.32
#14 198.4   Downloaded hostname v0.4.1
#14 198.5   Downloaded hmac-drbg v0.3.0
#14 198.5   Downloaded hkdf v0.12.4
#14 198.5   Downloaded getrandom v0.3.2
#14 198.5   Downloaded futures-rustls v0.26.0
#14 198.5   Downloaded futures-channel v0.3.31
#14 198.5   Downloaded fastrlp v0.4.0
#14 198.5   Downloaded ethereum_serde_utils v0.8.0
#14 198.5   Downloaded errno v0.3.11
#14 198.5   Downloaded darling v0.20.11
#14 198.6   Downloaded crossbeam-utils v0.8.21
#14 198.6   Downloaded clap_derive v4.5.32
#14 198.6   Downloaded blst v0.3.14
#14 198.7   Downloaded bitvec v1.0.1
#14 198.8   Downloaded alloy-genesis v0.15.10
#14 198.8   Downloaded matchers v0.2.0
#14 198.8   Downloaded lru v0.13.0
#14 198.8   Downloaded litemap v0.7.5
#14 198.8   Downloaded libsecp256k1-gen-genmult v0.3.0
#14 198.8   Downloaded libp2p-swarm-derive v0.35.0
#14 198.8   Downloaded libp2p-quic v0.12.0
#14 198.8   Downloaded libp2p-ping v0.46.0
#14 198.9   Downloaded libp2p-mdns v0.47.0
#14 198.9   Downloaded libp2p-dns v0.43.0
#14 198.9   Downloaded libp2p-core v0.43.0
#14 198.9   Downloaded libp2p v0.55.0
#14 198.9   Downloaded keccak-asm v0.1.4
#14 198.9   Downloaded k256 v0.13.4
#14 198.9   Downloaded itertools v0.14.0
#14 199.0   Downloaded itertools v0.13.0
#14 199.0   Downloaded itertools v0.10.5
#14 199.0   Downloaded impl-codec v0.6.0
#14 199.0   Downloaded idna v1.0.3
#14 199.1   Downloaded icu_properties v1.5.1
#14 199.1   Downloaded icu_normalizer_data v1.5.1
#14 199.1   Downloaded icu_normalizer v1.5.0
#14 199.1   Downloaded icu_locid v1.5.0
#14 199.1   Downloaded http v1.3.1
#14 199.1   Downloaded hashbrown v0.14.5
#14 199.2   Downloaded ghash v0.5.1
#14 199.2   Downloaded futures-timer v3.0.3
#14 199.2   Downloaded futures-io v0.3.31
#14 199.2   Downloaded futures-executor v0.3.31
#14 199.2   Downloaded funty v2.0.0
#14 199.2   Downloaded form_urlencoded v1.2.1
#14 199.2   Downloaded foldhash v0.1.5
#14 199.2   Downloaded fnv v1.0.7
#14 199.2   Downloaded ff v0.13.1
#14 199.2   Downloaded enum-as-inner v0.6.1
#14 199.2   Downloaded either v1.15.0
#14 199.2   Downloaded ecdsa v0.16.9
#14 199.3   Downloaded dyn-clone v1.0.19
#14 199.3   Downloaded dtoa v1.0.10
#14 199.3   Downloaded displaydoc v0.2.5
#14 199.3   Downloaded digest v0.9.0
#14 199.3   Downloaded dashmap v6.1.0
#14 199.3   Downloaded colorchoice v1.0.3
#14 199.3   Downloaded bitflags v2.9.0
#14 199.3   Downloaded axum v0.8.3
#14 199.4   Downloaded libp2p-metrics v0.16.0
#14 199.4   Downloaded libp2p-identity v0.2.10
#14 199.4   Downloaded libp2p-identify v0.46.0
#14 199.4   Downloaded libp2p-connection-limits v0.5.0
#14 199.4   Downloaded libp2p-allow-block-list v0.5.0
#14 199.4   Downloaded keccak v0.1.5
#14 199.4   Downloaded itoa v1.0.15
#14 199.4   Downloaded ipnet v2.11.0
#14 199.4   Downloaded inout v0.1.4
#14 199.4   Downloaded indexmap v2.9.0
#14 199.5   Downloaded alloy-consensus v0.15.9
#14 199.8   Downloaded indexmap v1.9.3
#14 199.9   Downloaded icu_provider v1.5.0
#14 199.9   Downloaded httparse v1.10.1
#14 199.9   Downloaded http-body v1.0.1
#14 199.9   Downloaded http-body v0.4.6
#14 199.9   Downloaded http v0.2.12
#14 199.9   Downloaded hex-conservative v0.2.1
#14 199.9   Downloaded generic-array v0.14.7
#14 199.9   Downloaded foreign-types v0.3.2
#14 199.9   Downloaded fastrlp v0.3.1
#14 200.0   Downloaded dirs-sys v0.5.0
#14 200.0   Downloaded dirs v6.0.0
#14 200.0   Downloaded digest v0.10.7
#14 200.0   Downloaded data-encoding-macro-internal v0.1.16
#14 200.0   Downloaded curve25519-dalek-derive v0.1.1
#14 200.0   Downloaded ctr v0.9.2
#14 200.0   Downloaded crypto-mac v0.8.0
#14 200.0   Downloaded crypto-bigint v0.5.5
#14 200.1   Downloaded concurrent-queue v2.5.0
#14 200.1   Downloaded cc v1.2.19
#14 200.1   Downloaded bytes v1.10.1
#14 200.1   Downloaded bitcoin_hashes v0.14.0
#14 200.1   Downloaded base64 v0.22.1
#14 200.2   Downloaded attohttpc v0.24.1
#14 200.2   Downloaded alloy-sol-types v1.1.0
#14 200.2   Downloaded alloy-rpc-types-eth v0.15.10
#14 200.2   Downloaded alloy-provider v0.15.10
#14 200.2   Downloaded is_terminal_polyfill v1.70.1
#14 200.3   Downloaded icu_locid_transform v1.5.0
#14 200.3   Downloaded icu_collections v1.5.0
#14 200.3   Downloaded iana-time-zone v0.1.63
#14 200.4   Downloaded httpdate v1.0.3
#14 200.4   Downloaded http-body-util v0.1.3
#14 200.4   Downloaded hex_fmt v0.3.0
#14 200.4   Downloaded hex v0.4.3
#14 200.4   Downloaded heck v0.5.0
#14 200.4   Downloaded hashlink v0.9.1
#14 200.4   Downloaded futures-utils-wasm v0.1.0
#14 200.4   Downloaded futures-task v0.3.31
#14 200.5   Downloaded futures-bounded v0.2.4
#14 200.5   Downloaded foreign-types-shared v0.1.1
#14 200.5   Downloaded fixed-hash v0.8.0
#14 200.5   Downloaded event-listener-strategy v0.5.4
#14 200.5   Downloaded equivalent v1.0.2
#14 200.5   Downloaded ed25519 v2.2.3
#14 200.5   Downloaded delay_map v0.4.1
#14 200.5   Downloaded data-encoding-macro v0.1.18
#14 200.5   Downloaded data-encoding v2.9.0
#14 200.5   Downloaded darling_macro v0.20.11
#14 200.5   Downloaded crypto-common v0.1.6
#14 200.5   Downloaded crunchy v0.2.3
#14 200.5   Downloaded crc-catalog v2.4.0
#14 200.6   Downloaded cpufeatures v0.2.17
#14 200.6   Downloaded clap_lex v0.7.4
#14 200.6   Downloaded clap v4.5.37
#14 200.6   Downloaded chacha20poly1305 v0.10.1
#14 200.6   Downloaded bs58 v0.5.1
#14 200.6   Downloaded blake2 v0.10.6
#14 200.6   Downloaded bitcoin-io v0.1.3
#14 200.6   Downloaded base64ct v1.7.3
#14 200.7   Downloaded base16ct v0.2.0
#14 200.7   Downloaded base-x v0.2.11
#14 200.7   Downloaded autocfg v1.4.0
#14 200.7   Downloaded arrayvec v0.7.6
#14 200.7   Downloaded ark-serialize v0.3.0
#14 200.7   Downloaded anstyle v1.0.10
#14 200.7   Downloaded anstream v0.6.18
#14 200.7   Downloaded alloy-trie v0.8.1
#14 200.7   Downloaded alloy-transport v0.15.10
#14 200.7   Downloaded alloy-sol-macro-input v1.1.0
#14 200.7   Downloaded alloy-sol-macro-expander v1.1.0
#14 200.8   Downloaded alloy-sol-macro v1.1.0
#14 200.8   Downloaded alloy-rpc-client v0.15.10
#14 200.8   Downloaded alloy-json-abi v1.1.0
#14 200.8   Downloaded icu_provider_macros v1.5.0
#14 200.8   Downloaded futures-sink v0.3.31
#14 200.8   Downloaded event-listener v5.4.0
#14 200.8   Downloaded const_format_proc_macros v0.2.34
#14 200.8   Downloaded byteorder v1.5.0
#14 200.8   Downloaded block-buffer v0.9.0
#14 200.8   Downloaded bitflags v1.3.2
#14 200.8   Downloaded bit-set v0.8.0
#14 200.9   Downloaded ark-std v0.3.0
#14 200.9   Downloaded alloy-rpc-types v0.15.10
#14 200.9   Downloaded alloy-primitives v1.1.0
#14 200.9   Downloaded alloy-op-hardforks v0.2.0
#14 200.9   Downloaded alloy-network-primitives v0.15.10
#14 200.9   Downloaded alloy-contract v0.15.10
#14 200.9   Downloaded cfg-if v1.0.0
#14 200.9   Downloaded block-buffer v0.10.4
#14 200.9   Downloaded atomic-waker v1.1.2
#14 200.9   Downloaded async-recursion v1.1.1
#14 201.0   Downloaded async-channel v2.3.1
#14 201.0   Downloaded asn1-rs-impl v0.2.0
#14 201.0   Downloaded ark-serialize v0.4.2
#14 201.0   Downloaded ark-ff-macros v0.4.2
#14 201.0   Downloaded ark-ff v0.4.2
#14 201.0   Downloaded ark-ff v0.3.0
#14 201.0   Downloaded anstyle-query v1.1.2
#14 201.0   Downloaded anstyle-parse v0.2.6
#14 201.0   Downloaded alloy-serde v0.15.10
#14 201.0   Downloaded alloy-rpc-types-any v0.15.10
#14 201.0   Downloaded alloy-eip7702 v0.6.0
#14 201.1   Downloaded alloy-eip2930 v0.2.0
#14 201.1   Downloaded alloy-consensus-any v0.15.10
#14 201.1   Downloaded crc v3.2.1
#14 201.1   Downloaded const-oid v0.9.6
#14 201.1   Downloaded arrayref v0.3.9
#14 201.1   Downloaded arbitrary v1.4.1
#14 201.1   Downloaded alloy-rlp-derive v0.3.11
#14 201.1   Downloaded alloy-network v0.15.10
#14 201.1   Downloaded hashbrown v0.15.2
#14 201.2   Downloaded hashbrown v0.12.3
#14 201.2   Downloaded async-stream-impl v0.3.6
#14 201.2   Downloaded ark-ff-macros v0.3.0
#14 201.2   Downloaded alloy-json-rpc v0.15.10
#14 201.2   Downloaded alloy-eips v0.15.9
#14 201.2   Downloaded alloy-dyn-abi v1.0.0
#14 201.2   Downloaded hmac v0.8.1
#14 201.2   Downloaded ethereum_ssz_derive v0.9.0
#14 201.2   Downloaded elliptic-curve v0.13.8
#14 201.2   Downloaded dunce v1.0.5
#14 201.3   Downloaded derive_arbitrary v1.4.1
#14 201.3   Downloaded asn1_der v0.7.6
#14 201.3   Downloaded ark-ff-asm v0.3.0
#14 201.3   Downloaded alloy-sol-type-parser v1.1.0
#14 201.3   Downloaded alloy-signer-local v0.15.10
#14 201.3   Downloaded alloy-rpc-types-engine v0.15.10
#14 201.3   Downloaded alloy-hardforks v0.2.0
#14 201.3   Downloaded alloy-chains v0.2.0
#14 201.3   Downloaded allocator-api2 v0.2.21
#14 201.3   Downloaded aho-corasick v1.1.3
#14 201.4   Downloaded ahash v0.8.11
#14 201.4   Downloaded aes-gcm v0.10.3
#14 201.4   Downloaded aes v0.8.4
#14 201.4   Downloaded getrandom v0.2.15
#14 201.4   Downloaded futures-macro v0.3.31
#14 201.5   Downloaded fastrand v2.3.0
#14 201.5   Downloaded base64 v0.21.7
#14 201.5   Downloaded asynchronous-codec v0.7.0
#14 201.5   Downloaded asn1-rs-derive v0.5.1
#14 201.5   Downloaded asn1-rs v0.6.2
#14 201.5   Downloaded anyhow v1.0.98
#14 201.6   Downloaded alloy-rlp v0.3.11
#14 201.6   Downloaded alloy v0.15.10
#14 201.6   Downloaded aead v0.5.2
#14 201.6   Downloaded cipher v0.4.4
#14 201.6   Downloaded chacha20 v0.9.1
#14 201.6   Downloaded bit-vec v0.8.0
#14 201.6   Downloaded axum-core v0.5.2
#14 201.6   Downloaded auto_impl v1.3.0
#14 201.7   Downloaded async-trait v0.1.88
#14 201.7   Downloaded ark-std v0.4.0
#14 201.7   Downloaded ark-ff-asm v0.4.2
#14 201.7   Downloaded alloy-transport-http v0.15.10
#14 201.7   Downloaded alloy-signer v0.15.10
#14 201.7   Downloaded alloy-eip2124 v0.2.0
#14 201.7   Downloaded alloy-core v1.0.0
#14 201.7   Downloaded async-stream v0.3.6
#14 201.8   Downloaded openssl-src v300.5.0+3.5.0
#14 204.2    Compiling proc-macro2 v1.0.95
#14 204.2    Compiling unicode-ident v1.0.18
#14 204.2    Compiling serde v1.0.219
#14 204.2    Compiling libc v0.2.172
#14 204.2    Compiling cfg-if v1.0.0
#14 204.2    Compiling version_check v0.9.5
#14 204.2    Compiling typenum v1.18.0
#14 204.2    Compiling crunchy v0.2.3
#14 204.2    Compiling subtle v2.6.1
#14 204.3    Compiling once_cell v1.21.3
#14 205.2    Compiling pin-project-lite v0.2.16
#14 205.4    Compiling memchr v2.7.4
#14 205.6    Compiling const-oid v0.9.6
#14 205.7    Compiling paste v1.0.15
#14 206.0    Compiling cpufeatures v0.2.17
#14 206.2    Compiling tiny-keccak v2.0.2
#14 206.2    Compiling generic-array v0.14.7
#14 206.6    Compiling unicode-xid v0.2.6
#14 207.0    Compiling ruint-macro v1.2.1
#14 207.4    Compiling log v0.4.27
#14 207.4    Compiling itoa v1.0.15
#14 207.7    Compiling autocfg v1.4.0
#14 207.9    Compiling allocator-api2 v0.2.21
#14 208.0    Compiling equivalent v1.0.2
#14 208.1    Compiling foldhash v0.1.5
#14 208.1    Compiling futures-core v0.3.31
#14 208.2    Compiling tracing-core v0.1.33
#14 208.4    Compiling futures-sink v0.3.31
#14 208.7    Compiling base16ct v0.2.0
#14 208.8    Compiling heck v0.5.0
#14 209.0    Compiling futures-channel v0.3.31
#14 209.1    Compiling quote v1.0.40
#14 209.1    Compiling slab v0.4.9
#14 209.3    Compiling lock_api v0.4.12
#14 209.4    Compiling futures-io v0.3.31
#14 209.8    Compiling syn v2.0.100
#14 209.9    Compiling parking_lot_core v0.9.10
#14 210.0    Compiling pin-utils v0.1.0
#14 210.1    Compiling futures-task v0.3.31
#14 210.2    Compiling getrandom v0.3.2
#14 210.3    Compiling scopeguard v1.2.0
#14 210.3    Compiling thiserror v2.0.12
#14 211.0    Compiling shlex v1.3.0
#14 211.2    Compiling stable_deref_trait v1.2.0
#14 211.3    Compiling fnv v1.0.7
#14 211.4    Compiling serde_json v1.0.140
#14 211.4    Compiling ryu v1.0.20
#14 212.1    Compiling icu_locid_transform_data v1.5.1
#14 212.3    Compiling litemap v0.7.5
#14 212.4    Compiling writeable v0.5.5
#14 212.6    Compiling winnow v0.7.6
#14 212.7    Compiling icu_properties_data v1.5.1
#14 213.0    Compiling zerocopy v0.8.24
#14 213.1    Compiling icu_normalizer_data v1.5.1
#14 213.3    Compiling getrandom v0.2.15
#14 213.5    Compiling socket2 v0.5.9
#14 213.6    Compiling rand_core v0.6.4
#14 213.7    Compiling jobserver v0.1.34
#14 213.8    Compiling mio v1.0.3
#14 213.8    Compiling signal-hook-registry v1.4.5
#14 214.0    Compiling ff v0.13.1
#14 214.2    Compiling num_cpus v1.16.0
#14 214.2    Compiling cc v1.2.19
#14 214.4    Compiling group v0.13.0
#14 214.7    Compiling semver v1.0.26
#14 215.5    Compiling utf8_iter v1.0.4
#14 215.8    Compiling utf16_iter v1.0.5
#14 216.1    Compiling write16 v1.0.0
#14 216.3    Compiling percent-encoding v2.3.1
#14 216.4    Compiling proc-macro-error-attr2 v2.0.0
#14 216.4    Compiling dunce v1.0.5
#14 216.4    Compiling pkg-config v0.3.32
#14 216.5    Compiling form_urlencoded v1.2.1
#14 216.9    Compiling base64 v0.22.1
#14 217.1    Compiling rustc_version v0.4.1
#14 217.1    Compiling rustversion v1.0.20
#14 217.2    Compiling thiserror v1.0.69
#14 217.4    Compiling byteorder v1.5.0
#14 217.9    Compiling hex v0.4.3
#14 218.2    Compiling crc-catalog v2.4.0
#14 218.4    Compiling ident_case v1.0.1
#14 218.4    Compiling strsim v0.11.1
#14 218.4    Compiling crc v3.2.1
#14 218.4    Compiling digest v0.9.0
#14 218.6    Compiling curve25519-dalek v4.1.3
#14 218.8    Compiling libsecp256k1-core v0.3.0
#14 218.9    Compiling opaque-debug v0.3.1
#14 219.0    Compiling openssl-src v300.5.0+3.5.0
#14 219.2    Compiling static_assertions v1.1.0
#14 219.2    Compiling vcpkg v0.2.15
#14 219.3    Compiling unsigned-varint v0.8.0
#14 219.5    Compiling data-encoding v2.9.0
#14 219.5    Compiling quick-protobuf v0.8.1
#14 219.7    Compiling core2 v0.4.0
#14 220.2    Compiling arrayref v0.3.9
#14 220.3    Compiling multihash v0.19.3
#14 220.4    Compiling bitflags v2.9.0
#14 220.6    Compiling ppv-lite86 v0.2.21
#14 220.6    Compiling bs58 v0.5.1
#14 220.8    Compiling libsecp256k1-gen-ecmult v0.3.0
#14 220.9    Compiling libsecp256k1-gen-genmult v0.3.0
#14 220.9    Compiling openssl-sys v0.9.107
#14 221.0    Compiling base-x v0.2.11
#14 221.1    Compiling asn1_der v0.7.6
#14 221.2    Compiling libsecp256k1 v0.7.2
#14 221.2    Compiling httparse v1.10.1
#14 221.4    Compiling tower-service v0.3.3
#14 221.5    Compiling synstructure v0.13.1
#14 221.6    Compiling syn-solidity v1.1.0
#14 221.6    Compiling macro-string v0.1.4
#14 221.8    Compiling proc-macro-error2 v2.0.1
#14 222.0    Compiling rand_chacha v0.3.1
#14 222.1    Compiling darling_core v0.20.11
#14 222.4    Compiling try-lock v0.2.5
#14 222.6    Compiling rand v0.8.5
#14 223.0    Compiling openssl v0.10.72
#14 223.5    Compiling foreign-types-shared v0.1.1
#14 223.7    Compiling foreign-types v0.3.2
#14 223.8    Compiling want v0.3.1
#14 223.9    Compiling unsigned-varint v0.7.2
#14 224.1    Compiling httpdate v1.0.3
#14 224.2    Compiling crossbeam-utils v0.8.21
#14 224.7    Compiling futures-timer v3.0.3
#14 224.7    Compiling web-time v1.1.0
#14 224.9    Compiling ahash v0.8.11
#14 225.0    Compiling native-tls v0.2.14
#14 225.2    Compiling openssl-probe v0.1.6
#14 225.4    Compiling anyhow v1.0.98
#14 225.8    Compiling ipnet v2.11.0
#14 225.8    Compiling zerocopy v0.7.35
#14 226.0    Compiling sync_wrapper v1.0.2
#14 226.1    Compiling serde_derive v1.0.219
#14 226.2    Compiling zeroize_derive v1.4.2
#14 226.7    Compiling alloy-rlp-derive v0.3.11
#14 226.9    Compiling derive_more-impl v2.0.1
#14 226.9    Compiling thiserror-impl v2.0.12
#14 227.4    Compiling zeroize v1.8.1
#14 227.8    Compiling tracing-attributes v0.1.28
#14 228.8    Compiling der v0.7.9
#14 229.0    Compiling futures-macro v0.3.31
#14 229.7    Compiling crypto-common v0.1.6
#14 229.8    Compiling block-buffer v0.10.4
#14 230.2    Compiling crypto-bigint v0.5.5
#14 230.3    Compiling digest v0.10.7
#14 230.9    Compiling signature v2.2.0
#14 231.0    Compiling hmac v0.12.1
#14 231.3    Compiling sha2 v0.10.8
#14 231.3    Compiling futures-util v0.3.31
#14 231.4    Compiling tracing v0.1.41
#14 231.7    Compiling rfc6979 v0.4.0
#14 232.1    Compiling tokio-macros v2.5.0
#14 232.2    Compiling zerofrom-derive v0.1.6
#14 232.6    Compiling spki v0.7.3
#14 233.3    Compiling pkcs8 v0.10.2
#14 233.5    Compiling yoke-derive v0.7.5
#14 235.8    Compiling zerovec-derive v0.10.3
#14 235.9    Compiling zerofrom v0.1.6
#14 236.3    Compiling displaydoc v0.2.5
#14 236.4    Compiling yoke v0.7.5
#14 236.9    Compiling icu_provider_macros v1.5.0
#14 237.6    Compiling auto_impl v1.3.0
#14 237.8    Compiling derive_more v2.0.1
#14 238.0    Compiling thiserror-impl v1.0.69
#14 238.2    Compiling pin-project-internal v1.1.10
#14 238.4    Compiling darling_macro v0.20.11
#14 238.5    Compiling strum_macros v0.27.1
#14 238.7    Compiling zerovec v0.10.4
#14 239.3    Compiling darling v0.20.11
#14 239.6    Compiling curve25519-dalek-derive v0.1.1
#14 240.5    Compiling futures-executor v0.3.31
#14 240.6    Compiling ethereum_ssz_derive v0.9.0
#14 241.2    Compiling futures v0.3.31
#14 241.2    Compiling pin-project v1.1.10
#14 241.4    Compiling crypto-mac v0.8.0
#14 241.6    Compiling hmac v0.8.1
#14 241.8    Compiling ed25519 v2.2.3
#14 241.9    Compiling tinystr v0.7.6
#14 242.3    Compiling hashbrown v0.15.2
#14 242.4    Compiling arrayvec v0.7.6
#14 242.4    Compiling bytes v1.10.1
#14 242.5    Compiling const-hex v1.14.0
#14 243.0    Compiling icu_locid v1.5.0
#14 243.3    Compiling icu_collections v1.5.0
#14 244.1    Compiling smallvec v1.15.0
#14 244.5    Compiling serdect v0.2.0
#14 244.9    Compiling sec1 v0.7.3
#14 245.6    Compiling elliptic-curve v0.13.8
#14 246.2    Compiling alloy-rlp v0.3.11
#14 246.3    Compiling parking_lot v0.12.3
#14 246.7    Compiling either v1.15.0
#14 246.9    Compiling ecdsa v0.16.9
#14 246.9    Compiling ruint v1.14.0
#14 247.2    Compiling tokio v1.44.2
#14 247.6    Compiling icu_provider v1.5.0
#14 248.6    Compiling k256 v0.13.4
#14 248.8    Compiling alloy-primitives v1.1.0
#14 248.9    Compiling icu_locid_transform v1.5.0
#14 249.1    Compiling indexmap v2.9.0
#14 250.2    Compiling alloy-sol-type-parser v1.1.0
#14 250.9    Compiling itertools v0.13.0
#14 251.5    Compiling icu_properties v1.5.1
#14 252.1    Compiling alloy-json-abi v1.1.0
#14 255.8    Compiling alloy-sol-macro-input v1.1.0
#14 256.0    Compiling alloy-eip2124 v0.2.0
#14 256.2    Compiling ethereum_serde_utils v0.8.0
#14 257.1    Compiling icu_normalizer v1.5.0
#14 257.2    Compiling alloy-sol-macro-expander v1.1.0
#14 257.4    Compiling ethereum_ssz v0.9.0
#14 257.9    Compiling alloy-eip2930 v0.2.0
#14 257.9    Compiling alloy-serde v0.15.10
#14 259.1    Compiling idna_adapter v1.2.0
#14 259.2    Compiling alloy-eip7702 v0.6.0
#14 259.4    Compiling idna v1.0.3
#14 259.4    Compiling nybbles v0.3.4
#14 259.8    Compiling alloy-trie v0.8.1
#14 260.0    Compiling alloy-eips v0.15.9
#14 261.3    Compiling url v2.5.4
#14 261.3    Compiling block-buffer v0.9.0
#14 261.6    Compiling num_enum_derive v0.7.3
#14 264.2    Compiling alloy-consensus v0.15.9
#14 264.8    Compiling sha2 v0.9.9
#14 265.5    Compiling alloy-sol-macro v1.1.0
#14 266.1    Compiling ed25519-dalek v2.1.1
#14 266.9    Compiling alloy-sol-types v1.1.0
#14 267.3    Compiling hmac-drbg v0.3.0
#14 267.5    Compiling data-encoding-macro-internal v0.1.16
#14 268.3    Compiling data-encoding-macro v0.1.18
#14 268.5    Compiling hkdf v0.12.4
#14 268.6    Compiling multibase v0.9.1
#14 268.9    Compiling http v1.3.1
#14 269.0    Compiling openssl-macros v0.1.1
#14 269.2    Compiling tokio-util v0.7.14
#14 270.4    Compiling multistream-select v0.13.0
#14 271.5    Compiling http-body v1.0.1
#14 271.8    Compiling rw-stream-sink v0.4.0
#14 271.8    Compiling strum v0.27.1
#14 272.1    Compiling tower-layer v0.3.3
#14 272.6    Compiling hashbrown v0.14.5
#14 272.7    Compiling hyper v1.6.0
#14 273.1    Compiling http-body-util v0.1.3
#14 273.5    Compiling num_enum v0.7.3
#14 273.8    Compiling lru v0.12.5
#14 274.3    Compiling mime v0.3.17
#14 274.9    Compiling netlink-packet-utils v0.5.2
#14 274.9    Compiling alloy-chains v0.2.0
#14 276.0    Compiling hyper-util v0.1.11
#14 276.0    Compiling tower v0.5.2
#14 276.6    Compiling alloy-consensus-any v0.15.10
#14 277.7    Compiling alloy-network-primitives v0.15.10
#14 277.8    Compiling itertools v0.14.0
#14 278.3    Compiling serde_urlencoded v0.7.1
#14 278.6    Compiling libp2p-swarm-derive v0.35.0
#14 278.9    Compiling libp2p-identity v0.2.10
#14 279.6    Compiling futures-utils-wasm v0.1.0
#14 279.7    Compiling netlink-packet-core v0.7.0
#14 280.0    Compiling multiaddr v0.18.2
#14 280.8    Compiling ring v0.17.14
#14 281.1    Compiling aho-corasick v1.1.3
#14 281.6    Compiling libp2p-core v0.43.0
#14 282.0    Compiling rustls-pki-types v1.11.0
#14 282.9    Compiling bitflags v1.3.2
#14 283.7    Compiling regex-syntax v0.8.5
#14 284.3    Compiling libp2p-swarm v0.46.0
#14 284.9    Compiling rustls-pemfile v2.2.0
#14 287.8    Compiling netlink-sys v0.8.7
#14 288.1    Compiling asynchronous-codec v0.7.0
#14 288.8    Compiling inout v0.1.4
#14 289.0    Compiling concurrent-queue v2.5.0
#14 289.1    Compiling serde_repr v0.1.20
#14 289.1    Compiling async-trait v0.1.88
#14 289.2    Compiling parking v2.2.1
#14 289.5    Compiling regex-automata v0.4.9
#14 289.7    Compiling dyn-clone v1.0.19
#14 289.9    Compiling spin v0.9.8
#14 290.2    Compiling lazy_static v1.5.0
#14 290.2    Compiling alloy-hardforks v0.2.0
#14 290.3    Compiling event-listener v5.4.0
#14 291.0    Compiling cipher v0.4.4
#14 291.5    Compiling alloy-signer v0.15.10
#14 291.8    Compiling netlink-proto v0.11.5
#14 292.3    Compiling alloy-json-rpc v0.15.10
#14 292.5    Compiling alloy-rpc-types-eth v0.15.10
#14 295.1    Compiling alloy-transport v0.15.10
#14 296.6    Compiling netlink-packet-route v0.17.1
#14 298.1    Compiling nix v0.26.4
#14 299.8    Compiling http v0.2.12
#14 302.1    Compiling alloy-rpc-types-any v0.15.10
#14 302.3    Compiling toml_datetime v0.6.8
#14 302.7    Compiling serde_spanned v0.6.8
#14 303.0    Compiling universal-hash v0.5.1
#14 303.3    Compiling async-stream-impl v0.3.6
#14 303.4    Compiling zstd-sys v2.0.16+zstd.1.5.7
#14 304.0    Compiling snow v0.9.6
#14 304.5    Compiling nohash-hasher v0.2.0
#14 304.7    Compiling prometheus-client v0.22.3
#14 304.8    Compiling untrusted v0.9.0
#14 306.3    Compiling async-stream v0.3.6
#14 306.6    Compiling rtnetlink v0.13.1
#14 307.3    Compiling polyval v0.6.2
#14 307.8    Compiling toml_edit v0.22.24
#14 308.1    Compiling alloy-network v0.15.10
#14 309.6    Compiling event-listener-strategy v0.5.4
#14 309.8    Compiling alloy-op-hardforks v0.2.0
#14 310.3    Compiling quick-protobuf-codec v0.3.1
#14 310.7    Compiling hashlink v0.9.1
#14 312.0    Compiling tokio-stream v0.1.17
#14 313.5    Compiling kona-serde v0.2.0 (https://github.com/op-rs/kona?rev=b079a57fcfbb444d051e859f1e80f445daf5a2c7#b079a57f)
#14 316.3    Compiling tracing-futures v0.2.5
#14 316.4    Compiling prometheus-client-derive-encode v0.4.2
#14 316.6    Compiling secp256k1-sys v0.11.0
#14 317.0    Compiling snap v1.1.1
#14 317.3    Compiling utf8parse v0.2.2
#14 317.4    Compiling keccak v0.1.5
#14 317.5    Compiling dtoa v1.0.10
#14 317.6    Compiling anstyle-parse v0.2.6
#14 320.1    Compiling sha3 v0.10.8
#14 320.9    Compiling if-watch v3.2.1
#14 321.1    Compiling h2 v0.3.27
#14 321.6    Compiling toml v0.8.20
#14 321.9    Compiling async-channel v2.3.1
#14 322.4    Compiling ghash v0.5.1
#14 323.0    Compiling yamux v0.12.1
#14 323.1    Compiling yamux v0.13.4
#14 324.1    Compiling http-body v0.4.6
#14 324.8    Compiling regex v1.11.1
#14 325.9    Compiling alloy-dyn-abi v1.0.0
#14 326.5    Compiling aes v0.8.4
#14 328.2    Compiling ctr v0.9.2
#14 328.7    Compiling dashmap v6.1.0
#14 329.5    Compiling lru v0.13.0
#14 329.6    Compiling x25519-dalek v2.0.1
#14 330.1    Compiling futures-bounded v0.2.4
#14 330.2    Compiling aead v0.5.2
#14 330.6    Compiling rand_core v0.9.3
#14 330.6    Compiling option-ext v0.2.0
#14 330.6    Compiling colorchoice v1.0.3
#14 330.9    Compiling zstd-safe v7.2.4
#14 331.0    Compiling anstyle v1.0.10
#14 331.2    Compiling rustix v1.0.5
#14 331.6    Compiling anstyle-query v1.1.2
#14 331.8    Compiling is_terminal_polyfill v1.70.1
#14 331.8    Compiling hex_fmt v0.3.0
#14 331.9    Compiling anstream v0.6.18
#14 332.1    Compiling libp2p-gossipsub v0.48.0
#14 332.2    Compiling rand_chacha v0.9.0
#14 333.3    Compiling dirs-sys v0.5.0
#14 334.0    Compiling libp2p-identify v0.46.0
#14 335.1    Compiling aes-gcm v0.10.3
#14 335.7    Compiling hyper v0.14.32
#14 336.5    Compiling kona-genesis v0.3.0 (https://github.com/op-rs/kona?rev=b079a57fcfbb444d051e859f1e80f445daf5a2c7#b079a57f)
#14 339.8    Compiling libp2p-noise v0.46.0
#14 340.7    Compiling kona-registry v0.3.0 (https://github.com/op-rs/kona?rev=b079a57fcfbb444d051e859f1e80f445daf5a2c7#b079a57f)
#14 344.3    Compiling libp2p-yamux v0.47.0
#14 344.3    Compiling libp2p-tcp v0.43.0
#14 345.4    Compiling enr v0.13.0
#14 350.1    Compiling libp2p-allow-block-list v0.5.0
#14 351.4    Compiling libp2p-connection-limits v0.5.0
#14 351.9    Compiling libp2p-ping v0.46.0
#14 353.2    Compiling alloy-rpc-types-engine v0.15.10
#14 353.8    Compiling delay_map v0.4.1
#14 354.3    Compiling op-alloy-consensus v0.15.5
#14 354.5    Compiling uint v0.10.0
#14 354.5    Compiling more-asserts v0.3.1
#14 355.2    Compiling base64 v0.21.7
#14 355.5    Compiling clap_lex v0.7.4
#14 356.1    Compiling linux-raw-sys v0.9.4
#14 357.7    Compiling clap_builder v4.5.37
#14 357.8    Compiling rustls-pemfile v1.0.4
#14 358.3    Compiling discv5 v0.9.1
#14 358.9    Compiling op-alloy-rpc-types-engine v0.15.5
#14 363.5    Compiling secp256k1 v0.31.0
#14 364.0    Compiling libp2p v0.55.0
#14 364.6    Compiling dirs v6.0.0
#14 364.7    Compiling rand v0.9.1
#14 364.9    Compiling alloy-core v1.0.0
#14 365.1    Compiling alloy-signer-local v0.15.10
#14 365.2    Compiling matchers v0.2.0
#14 365.4    Compiling alloy-rpc-types v0.15.10
#14 365.4    Compiling sharded-slab v0.1.7
#14 365.9    Compiling axum-core v0.5.2
#14 366.0    Compiling serde_path_to_error v0.1.17
#14 367.1    Compiling clap_derive v4.5.32
#14 367.9    Compiling tracing-log v0.2.0
#14 368.8    Compiling thread_local v1.1.8
#14 369.1    Compiling encoding_rs v0.8.35
#14 370.1    Compiling nu-ansi-term v0.50.3
#14 370.7    Compiling kona-macros v0.1.0 (https://github.com/op-rs/kona?rev=b079a57fcfbb444d051e859f1e80f445daf5a2c7#b079a57f)
#14 370.8    Compiling matchit v0.8.4
#14 372.0    Compiling fastrand v2.3.0
#14 372.7    Compiling sync_wrapper v0.1.2
#14 372.9    Compiling tempfile v3.19.1
#14 373.0    Compiling clap v4.5.37
#14 373.0    Compiling axum v0.8.3
#14 373.3    Compiling tracing-subscriber v0.3.20
#14 375.9    Compiling md5 v0.7.0
#14 427.7    Compiling zstd v0.13.3
#14 478.3    Compiling kona-p2p v0.1.0 (https://github.com/op-rs/kona?rev=b079a57fcfbb444d051e859f1e80f445daf5a2c7#b079a57f)
#14 478.9    Compiling tokio-native-tls v0.3.1
#14 479.3    Compiling hyper-tls v0.6.0
#14 479.3    Compiling hyper-tls v0.5.0
#14 479.9    Compiling reqwest v0.12.15
#14 479.9    Compiling reqwest v0.11.27
#14 482.6    Compiling alloy-transport-http v0.15.10
#14 483.3    Compiling alloy-rpc-client v0.15.10
#14 485.1    Compiling alloy-provider v0.15.10
#14 497.1    Compiling alloy-contract v0.15.10
#14 499.7    Compiling alloy v0.15.10
#14 514.2    Compiling kona_bridge v0.1.0 (/build/src/chains/op/kona_bridge)
#14 535.9     Finished `release` profile [optimized] target(s) in 6m 00s
#14 537.2 [ 88%] Built target kona_bridge_rust
#14 537.3 [ 88%] Building C object src/chains/op/kona_bridge/CMakeFiles/kona_preconf_capture.dir/__/server/kona_preconf_capture.c.o
#14 537.8 [ 89%] Linking C static library libkona_preconf_capture.a
#14 538.1 [ 89%] Built target kona_preconf_capture
#14 538.2 [ 89%] Building C object src/chains/op/CMakeFiles/op_server_handler.dir/server/handler.c.o
#14 538.5 [ 89%] Linking C static library libop_server_handler.a
#14 538.7 [ 89%] Built target op_server_handler
#14 538.8 [ 90%] Embedding config.html into C header
#14 538.9 [ 90%] Built target generate_config_html
#14 539.0 [ 90%] Building C object src/server/CMakeFiles/serverlib.dir/server_control.c.o
#14 539.2 /build/src/server/server_control.c:60:13: warning: format specifies type 'unsigned long long' but the argument has type 'uint64_t' (aka 'unsigned long') [-Wformat]
#14 539.2             http_server.stats.open_requests);
#14 539.2             ^~~~~~~~~~~~~~~~~~~~~~~~~~~~~~~
#14 539.2 /build/src/server/server_control.c:85:13: warning: format specifies type 'unsigned long long' but the argument has type 'uint64_t' (aka 'unsigned long') [-Wformat]
#14 539.2             http_server.stats.open_requests);
#14 539.2             ^~~~~~~~~~~~~~~~~~~~~~~~~~~~~~~
#14 539.3 2 warnings generated.
#14 539.3 [ 90%] Building C object src/server/CMakeFiles/serverlib.dir/http_client.c.o
#14 540.0 [ 92%] Building C object src/server/CMakeFiles/serverlib.dir/http_client_errors.c.o
#14 540.2 /build/src/server/http_client_errors.c:23:10: warning: implicit declaration of function 'memmem' is invalid in C99 [-Wimplicit-function-declaration]
#14 540.2   return memmem(data.data, data.len, needle, needle_len) != NULL;
#14 540.2          ^
#14 540.2 /build/src/server/http_client_errors.c:23:58: warning: comparison between pointer and integer ('int' and 'void *') [-Wpointer-integer-compare]
#14 540.2   return memmem(data.data, data.len, needle, needle_len) != NULL;
#14 540.2          ~~~~~~~~~~~~~~~~~~~~~~~~~~~~~~~~~~~~~~~~~~~~~~~ ^  ~~~~
#14 540.5 2 warnings generated.
#14 540.5 [ 92%] Building C object src/server/CMakeFiles/serverlib.dir/http_servers_select.c.o
#14 541.7 [ 92%] Building C object src/server/CMakeFiles/serverlib.dir/http_head_poller.c.o
#14 542.0 [ 93%] Building C object src/server/CMakeFiles/serverlib.dir/http_server.c.o
#14 542.6 [ 93%] Building C object src/server/CMakeFiles/serverlib.dir/handle_proof.c.o
#14 543.0 [ 94%] Building C object src/server/CMakeFiles/serverlib.dir/handle_verify.c.o
#14 543.4 [ 94%] Building C object src/server/CMakeFiles/serverlib.dir/handle_unverified_rpc.c.o
#14 543.7 [ 94%] Building C object src/server/CMakeFiles/serverlib.dir/handle_verify_storage.c.o
#14 544.1 [ 96%] Building C object src/server/CMakeFiles/serverlib.dir/handle_health.c.o
#14 544.4 [ 96%] Building C object src/server/CMakeFiles/serverlib.dir/handle_metrics.c.o
#14 544.9 [ 96%] Building C object src/server/CMakeFiles/serverlib.dir/handle_config.c.o
#14 545.4 [ 97%] Building C object src/server/CMakeFiles/serverlib.dir/handle_openapi.c.o
#14 545.7 [ 97%] Building C object src/server/CMakeFiles/serverlib.dir/cache.c.o
#14 546.3 [ 98%] Building C object src/server/CMakeFiles/serverlib.dir/configure.c.o
#14 547.1 [ 98%] Building C object src/server/CMakeFiles/serverlib.dir/store.c.o
#14 547.5 [ 98%] Building C object src/server/CMakeFiles/serverlib.dir/internal_calls.c.o
#14 547.9 [100%] Linking C static library libserverlib.a
#14 548.2 [100%] Built target serverlib
#14 548.3 [100%] Building C object src/server/CMakeFiles/colibri-server.dir/main.c.o
#14 548.6 [100%] Linking C executable ../../bin/colibri-server
#14 554.8 [100%] Built target colibri-server
#14 DONE 555.6s

#15 [c4_base final 2/4] RUN apt-get update && apt-get install -y --no-install-recommends     curl     ca-certificates     && rm -rf /var/lib/apt/lists/*
#15 CACHED

#16 [c4_base final 3/4] WORKDIR /app
#16 CACHED

#17 [c4_base final 4/4] COPY --from=builder /build/bin/colibri-server /app/colibri-server
#17 DONE 0.2s

#18 [c4_base] exporting to image
#18 exporting layers
#18 exporting layers 0.6s done
#18 writing image sha256:3e843c7afff1e8fe3ffcf5f2e75d8421e7f2b12fa530ba94d248c1888ec919c0 0.0s done
#18 naming to docker.io/library/ccmainnet1-c4_base 0.0s done
#18 DONE 0.7s

#19 [c4_base] resolving provenance for metadata file
#19 DONE 0.1s
 c4_base  Built
[INFO] Successfully built c4_base.
:: [ 2 of 3 ] c4_mainnet
[INFO] Building c4_mainnet...
Compose can now delegate builds to bake for better performance.
 To do so, set COMPOSE_BAKE=true.
#0 building with "default" instance using docker driver

#1 [c4_mainnet internal] load build definition from Dockerfile
#1 transferring dockerfile: 2.57kB 0.0s done
#1 DONE 0.0s

#2 [c4_mainnet internal] load metadata for docker.io/library/debian:bookworm-slim
#2 DONE 0.8s

#3 [c4_mainnet internal] load .dockerignore
#3 transferring context: 564B 0.0s done
#3 DONE 0.0s

#4 [c4_mainnet builder  1/10] FROM docker.io/library/debian:bookworm-slim@sha256:936abff852736f951dab72d91a1b6337cf04217b2a77a5eaadc7c0f2f1ec1758
#4 DONE 0.0s

#5 [c4_mainnet internal] load build context
#5 transferring context: 11.90MB 0.7s done
#5 DONE 0.7s

#6 [c4_mainnet builder  5/10] COPY CMakeLists.txt ./
#6 CACHED

#7 [c4_mainnet builder  8/10] COPY libs ./libs
#7 CACHED

#8 [c4_mainnet builder  9/10] COPY bindings ./bindings
#8 CACHED

#9 [c4_mainnet final 2/4] RUN apt-get update && apt-get install -y --no-install-recommends     curl     ca-certificates     && rm -rf /var/lib/apt/lists/*
#9 CACHED

#10 [c4_mainnet builder  6/10] COPY CMakePresets.json ./
#10 CACHED

#11 [c4_mainnet builder 10/10] RUN cmake -DHTTP_SERVER=ON -DCMAKE_BUILD_TYPE=Release -DCHAIN_OP=ON -DCHAIN_ETH=ON -DEVMONE=OFF -DPROVER_CACHE=true . && make colibri-server
#11 CACHED

#12 [c4_mainnet builder  4/10] WORKDIR /build
#12 CACHED

#13 [c4_mainnet builder  2/10] RUN apt-get update && apt-get install -y --no-install-recommends     cmake     clang     git     build-essential     ca-certificates     libcurl4-openssl-dev     pkg-config     libssl-dev     wget     && update-ca-certificates     && rm -rf /var/lib/apt/lists/*
#13 CACHED

#14 [c4_mainnet builder  7/10] COPY src ./src
#14 CACHED

#15 [c4_mainnet final 3/4] WORKDIR /app
#15 CACHED

#16 [c4_mainnet builder  3/10] RUN wget -O rustup-init.sh https://sh.rustup.rs     && chmod +x rustup-init.sh     && ./rustup-init.sh -y --default-toolchain stable     && rm rustup-init.sh
#16 CACHED

#17 [c4_mainnet final 4/4] COPY --from=builder /build/bin/colibri-server /app/colibri-server
#17 CACHED

#18 [c4_mainnet] exporting to image
#18 exporting layers done
#18 writing image sha256:4a2e4ea733e150543406fda58626cfd48145fcac029ae8e6266e34c85c9ad224 0.0s done
#18 naming to docker.io/library/ccmainnet1-c4_mainnet 0.0s done
#18 DONE 0.1s

#19 [c4_mainnet] resolving provenance for metadata file
#19 DONE 0.0s
 c4_mainnet  Built
[INFO] Successfully built c4_mainnet.
:: [ 3 of 3 ] c4_sepolia
[INFO] Building c4_sepolia...
Compose can now delegate builds to bake for better performance.
 To do so, set COMPOSE_BAKE=true.
#0 building with "default" instance using docker driver

#1 [c4_sepolia internal] load build definition from Dockerfile
#1 transferring dockerfile: 2.57kB done
#1 DONE 0.0s

#2 [c4_sepolia internal] load metadata for docker.io/library/debian:bookworm-slim
#2 DONE 0.3s

#3 [c4_sepolia internal] load .dockerignore
#3 transferring context: 564B 0.0s done
#3 DONE 0.0s

#4 [c4_sepolia builder  1/10] FROM docker.io/library/debian:bookworm-slim@sha256:936abff852736f951dab72d91a1b6337cf04217b2a77a5eaadc7c0f2f1ec1758
#4 DONE 0.0s

#5 [c4_sepolia internal] load build context
#5 transferring context: 11.90MB 1.1s done
#5 DONE 1.2s

#6 [c4_sepolia final 2/4] RUN apt-get update && apt-get install -y --no-install-recommends     curl     ca-certificates     && rm -rf /var/lib/apt/lists/*
#6 CACHED

#7 [c4_sepolia builder  8/10] COPY libs ./libs
#7 CACHED

#8 [c4_sepolia builder  9/10] COPY bindings ./bindings
#8 CACHED

#9 [c4_sepolia builder 10/10] RUN cmake -DHTTP_SERVER=ON -DCMAKE_BUILD_TYPE=Release -DCHAIN_OP=ON -DCHAIN_ETH=ON -DEVMONE=OFF -DPROVER_CACHE=true . && make colibri-server
#9 CACHED

#10 [c4_sepolia builder  3/10] RUN wget -O rustup-init.sh https://sh.rustup.rs     && chmod +x rustup-init.sh     && ./rustup-init.sh -y --default-toolchain stable     && rm rustup-init.sh
#10 CACHED

#11 [c4_sepolia builder  7/10] COPY src ./src
#11 CACHED

#12 [c4_sepolia final 3/4] WORKDIR /app
#12 CACHED

#13 [c4_sepolia builder  6/10] COPY CMakePresets.json ./
#13 CACHED

#14 [c4_sepolia builder  2/10] RUN apt-get update && apt-get install -y --no-install-recommends     cmake     clang     git     build-essential     ca-certificates     libcurl4-openssl-dev     pkg-config     libssl-dev     wget     && update-ca-certificates     && rm -rf /var/lib/apt/lists/*
#14 CACHED

#15 [c4_sepolia builder  4/10] WORKDIR /build
#15 CACHED

#16 [c4_sepolia builder  5/10] COPY CMakeLists.txt ./
#16 CACHED

#17 [c4_sepolia final 4/4] COPY --from=builder /build/bin/colibri-server /app/colibri-server
#17 CACHED

#18 [c4_sepolia] exporting to image
#18 exporting layers done
#18 writing image sha256:fcfe96c18f020e06223befb04df0ad7cdad0949c273553f8ba2366de98c15879 done
#18 naming to docker.io/library/ccmainnet1-c4_sepolia done
#18 DONE 0.0s

#19 [c4_sepolia] resolving provenance for metadata file
#19 DONE 0.1s
 c4_sepolia  Built
[INFO] Successfully built c4_sepolia.
:: [ DOCKER ] 
[INFO] Running docker compose with: -f docker-compose.yml -f ./beaconcheck/docker-compose.override.yml -f ./blockfetch/docker-compose.override.yml -f ./c4_base/docker-compose.override.yml -f ./c4_mainnet/docker-compose.override.yml -f ./c4_sepolia/docker-compose.override.yml -f ./lb/docker-compose.override.yml -f ./memcached/docker-compose.override.yml -f ../_global/autoheal/docker-compose.override.yml -f ../_global/cadvisor/docker-compose.override.yml -f ../_global/promtail/docker-compose.override.yml
 Container cadvisor  Running
 Container promtail  Running
 Container beaconcheck  Running
 Container ccmainnet1-autoheal-1  Running
 Container blockfetch_mainnet  Running
 Container memcached_mainnet  Running
 Container mainnet_lb  Running
 Container c4_mainnet  Recreate
 Container c4_base  Recreate
 Container c4_sepolia2  Recreate
 Container c4_sepolia2  Recreated
 Container c4_mainnet  Recreated
 Container c4_base  Recreated
 Container memcached_mainnet  Waiting
 Container memcached_mainnet  Waiting
 Container memcached_mainnet  Waiting
 Container memcached_mainnet  Healthy
 Container c4_base  Starting
 Container memcached_mainnet  Healthy
 Container c4_mainnet  Starting
 Container memcached_mainnet  Healthy
 Container c4_sepolia2  Starting
 Container c4_sepolia2  Started
 Container c4_base  Started
 Container c4_mainnet  Started
 Container c4_mainnet  Waiting
 Container blockfetch_mainnet  Waiting
 Container c4_base  Waiting
 Container beaconcheck  Waiting
 Container memcached_mainnet  Waiting
 Container c4_sepolia2  Waiting
 Container promtail  Waiting
 Container ccmainnet1-autoheal-1  Waiting
 Container mainnet_lb  Waiting
 Container cadvisor  Waiting
 Container blockfetch_mainnet  Healthy
 Container cadvisor  Healthy
 Container ccmainnet1-autoheal-1  Healthy
 Container beaconcheck  Healthy
 Container promtail  Healthy
 Container memcached_mainnet  Healthy
 Container mainnet_lb  Healthy
 Container c4_sepolia2  Healthy
 Container c4_mainnet  Healthy
 Container c4_base  Healthy
[INFO] Checking services for config changes...
:: [INFO] Update complete on ccmainnet1 !
